<?xml version="1.0" encoding="UTF-8"?>
<coverage generated="1727272999761" clover="3.2.0">
  <project timestamp="1727272999761" name="All files">
    <metrics statements="2109" coveredstatements="1815" conditionals="581" coveredconditionals="319" methods="495" coveredmethods="368" elements="3185" coveredelements="2502" complexity="0" loc="2109" ncloc="2109" packages="25" files="181" classes="181"/>
    <package name="domain">
      <metrics statements="241" coveredstatements="205" conditionals="44" coveredconditionals="25" methods="86" coveredmethods="60"/>
      <file name="alert-email.ts" path="/app/core/domain/alert-email.ts">
        <metrics statements="9" coveredstatements="9" conditionals="4" coveredconditionals="2" methods="3" coveredmethods="3"/>
        <line num="11" count="1" type="stmt"/>
        <line num="17" count="1" type="stmt"/>
        <line num="19" count="1" type="stmt"/>
        <line num="21" count="1" type="stmt"/>
        <line num="22" count="1" type="stmt"/>
        <line num="24" count="1" type="stmt"/>
        <line num="34" count="1" type="stmt"/>
        <line num="35" count="1" type="stmt"/>
        <line num="50" count="1" type="stmt"/>
      </file>
      <file name="ap-client.ts" path="/app/core/domain/ap-client.ts">
        <metrics statements="40" coveredstatements="35" conditionals="16" coveredconditionals="10" methods="12" coveredmethods="10"/>
        <line num="1" count="1" type="stmt"/>
        <line num="2" count="1" type="stmt"/>
        <line num="3" count="1" type="stmt"/>
        <line num="4" count="1" type="stmt"/>
        <line num="22" count="1" type="stmt"/>
        <line num="23" count="1" type="stmt"/>
        <line num="24" count="1" type="stmt"/>
        <line num="50" count="42" type="stmt"/>
        <line num="52" count="1" type="stmt"/>
        <line num="53" count="0" type="cond" truecount="0" falsecount="2"/>
        <line num="54" count="0" type="cond" truecount="0" falsecount="1"/>
        <line num="55" count="0" type="stmt"/>
        <line num="60" count="0" type="stmt"/>
        <line num="66" count="1" type="stmt"/>
        <line num="67" count="0" type="stmt"/>
        <line num="70" count="1" type="stmt"/>
        <line num="71" count="5" type="stmt"/>
        <line num="72" count="5" type="stmt"/>
        <line num="73" count="5" type="stmt"/>
        <line num="74" count="5" type="stmt"/>
        <line num="76" count="1" type="stmt"/>
        <line num="82" count="5" type="stmt"/>
        <line num="83" count="4" type="stmt"/>
        <line num="84" count="4" type="stmt"/>
        <line num="86" count="5" type="stmt"/>
        <line num="89" count="1" type="stmt"/>
        <line num="90" count="11" type="stmt"/>
        <line num="91" count="11" type="cond" truecount="1" falsecount="0"/>
        <line num="92" count="4" type="stmt"/>
        <line num="94" count="7" type="stmt"/>
        <line num="95" count="7" type="cond" truecount="1" falsecount="0"/>
        <line num="96" count="1" type="stmt"/>
        <line num="105" count="6" type="cond" truecount="1" falsecount="0"/>
        <line num="111" count="4" type="stmt"/>
        <line num="120" count="2" type="stmt"/>
        <line num="121" count="2" type="stmt"/>
        <line num="122" count="2" type="stmt"/>
        <line num="123" count="2" type="stmt"/>
        <line num="124" count="2" type="stmt"/>
        <line num="125" count="2" type="stmt"/>
      </file>
      <file name="async-paginate.ts" path="/app/core/domain/async-paginate.ts">
        <metrics statements="20" coveredstatements="20" conditionals="7" coveredconditionals="7" methods="2" coveredmethods="2"/>
        <line num="1" count="2" type="stmt"/>
        <line num="6" count="4" type="cond" truecount="2" falsecount="0"/>
        <line num="7" count="4" type="stmt"/>
        <line num="8" count="4" type="stmt"/>
        <line num="9" count="4" type="stmt"/>
        <line num="10" count="4" type="stmt"/>
        <line num="12" count="4" type="stmt"/>
        <line num="13" count="10" type="stmt"/>
        <line num="17" count="10" type="cond" truecount="1" falsecount="0"/>
        <line num="18" count="1" type="stmt"/>
        <line num="19" count="1" type="stmt"/>
        <line num="21" count="9" type="cond" truecount="1" falsecount="0"/>
        <line num="22" count="2" type="stmt"/>
        <line num="24" count="9" type="stmt"/>
        <line num="25" count="13" type="stmt"/>
        <line num="26" count="13" type="stmt"/>
        <line num="27" count="13" type="cond" truecount="3" falsecount="0"/>
        <line num="28" count="1" type="stmt"/>
        <line num="29" count="1" type="stmt"/>
        <line num="31" count="12" type="stmt"/>
      </file>
      <file name="band-width.ts" path="/app/core/domain/band-width.ts">
        <metrics statements="4" coveredstatements="4" conditionals="0" coveredconditionals="0" methods="2" coveredmethods="0"/>
        <line num="1" count="2" type="stmt"/>
        <line num="2" count="2" type="stmt"/>
        <line num="4" count="2" type="stmt"/>
        <line num="5" count="2" type="stmt"/>
      </file>
      <file name="channel.ts" path="/app/core/domain/channel.ts">
        <metrics statements="4" coveredstatements="4" conditionals="0" coveredconditionals="0" methods="2" coveredmethods="2"/>
        <line num="1" count="10" type="stmt"/>
        <line num="6" count="36" type="stmt"/>
        <line num="7" count="10" type="stmt"/>
        <line num="8" count="30" type="stmt"/>
      </file>
      <file name="dbm.ts" path="/app/core/domain/dbm.ts">
        <metrics statements="2" coveredstatements="2" conditionals="0" coveredconditionals="0" methods="2" coveredmethods="2"/>
        <line num="2" count="13" type="stmt"/>
        <line num="3" count="10" type="stmt"/>
      </file>
      <file name="device-name.ts" path="/app/core/domain/device-name.ts">
        <metrics statements="5" coveredstatements="5" conditionals="0" coveredconditionals="0" methods="3" coveredmethods="2"/>
        <line num="1" count="1" type="stmt"/>
        <line num="4" count="1" type="stmt"/>
        <line num="5" count="1" type="stmt"/>
        <line num="8" count="1" type="stmt"/>
        <line num="9" count="1" type="stmt"/>
      </file>
      <file name="device.ts" path="/app/core/domain/device.ts">
        <metrics statements="9" coveredstatements="9" conditionals="2" coveredconditionals="1" methods="2" coveredmethods="2"/>
        <line num="1" count="1" type="stmt"/>
        <line num="2" count="1" type="stmt"/>
        <line num="3" count="1" type="stmt"/>
        <line num="10" count="1" type="stmt"/>
        <line num="15" count="1" type="stmt"/>
        <line num="16" count="1" type="cond" truecount="1" falsecount="1"/>
        <line num="18" count="1" type="stmt"/>
        <line num="25" count="1" type="stmt"/>
        <line num="26" count="1" type="stmt"/>
      </file>
      <file name="error.ts" path="/app/core/domain/error.ts">
        <metrics statements="24" coveredstatements="22" conditionals="6" coveredconditionals="4" methods="2" coveredmethods="2"/>
        <line num="1" count="75" type="cond" truecount="2" falsecount="0"/>
        <line num="2" count="75" type="stmt"/>
        <line num="3" count="75" type="stmt"/>
        <line num="4" count="75" type="stmt"/>
        <line num="5" count="75" type="stmt"/>
        <line num="6" count="75" type="stmt"/>
        <line num="7" count="75" type="stmt"/>
        <line num="8" count="75" type="stmt"/>
        <line num="9" count="75" type="stmt"/>
        <line num="10" count="75" type="stmt"/>
        <line num="11" count="75" type="stmt"/>
        <line num="12" count="75" type="stmt"/>
        <line num="13" count="75" type="stmt"/>
        <line num="14" count="75" type="stmt"/>
        <line num="17" count="75" type="stmt"/>
        <line num="22" count="69" type="stmt"/>
        <line num="23" count="69" type="cond" truecount="2" falsecount="0"/>
        <line num="24" count="69" type="stmt"/>
        <line num="25" count="69" type="cond" truecount="0" falsecount="1"/>
        <line num="26" count="0" type="stmt"/>
        <line num="29" count="69" type="cond" truecount="0" falsecount="1"/>
        <line num="30" count="0" type="stmt"/>
        <line num="32" count="69" type="stmt"/>
        <line num="34" count="75" type="stmt"/>
      </file>
      <file name="firmware-package.ts" path="/app/core/domain/firmware-package.ts">
        <metrics statements="8" coveredstatements="8" conditionals="0" coveredconditionals="0" methods="3" coveredmethods="3"/>
        <line num="1" count="28" type="stmt"/>
        <line num="2" count="28" type="stmt"/>
        <line num="4" count="28" type="stmt"/>
        <line num="5" count="53" type="stmt"/>
        <line num="8" count="28" type="stmt"/>
        <line num="9" count="1" type="stmt"/>
        <line num="12" count="28" type="stmt"/>
        <line num="13" count="53" type="stmt"/>
      </file>
      <file name="firmware-version.ts" path="/app/core/domain/firmware-version.ts">
        <metrics statements="6" coveredstatements="5" conditionals="0" coveredconditionals="0" methods="3" coveredmethods="2"/>
        <line num="2" count="10" type="stmt"/>
        <line num="3" count="23" type="stmt"/>
        <line num="6" count="10" type="stmt"/>
        <line num="7" count="23" type="stmt"/>
        <line num="11" count="10" type="stmt"/>
        <line num="12" count="0" type="stmt"/>
      </file>
      <file name="hour.ts" path="/app/core/domain/hour.ts">
        <metrics statements="1" coveredstatements="1" conditionals="0" coveredconditionals="0" methods="1" coveredmethods="1"/>
        <line num="2" count="3" type="stmt"/>
      </file>
      <file name="int.ts" path="/app/core/domain/int.ts">
        <metrics statements="1" coveredstatements="1" conditionals="0" coveredconditionals="0" methods="1" coveredmethods="1"/>
        <line num="2" count="222" type="stmt"/>
      </file>
      <file name="ip-address.ts" path="/app/core/domain/ip-address.ts">
        <metrics statements="15" coveredstatements="7" conditionals="2" coveredconditionals="0" methods="4" coveredmethods="0"/>
        <line num="1" count="2" type="stmt"/>
        <line num="2" count="2" type="stmt"/>
        <line num="4" count="2" type="stmt"/>
        <line num="6" count="2" type="stmt"/>
        <line num="7" count="0" type="stmt"/>
        <line num="10" count="2" type="stmt"/>
        <line num="11" count="2" type="stmt"/>
        <line num="12" count="0" type="cond" truecount="0" falsecount="1"/>
        <line num="13" count="0" type="stmt"/>
        <line num="15" count="0" type="stmt"/>
        <line num="20" count="2" type="stmt"/>
        <line num="21" count="0" type="stmt"/>
        <line num="22" count="0" type="cond" truecount="0" falsecount="1"/>
        <line num="23" count="0" type="stmt"/>
        <line num="25" count="0" type="stmt"/>
      </file>
      <file name="mac-address.ts" path="/app/core/domain/mac-address.ts">
        <metrics statements="13" coveredstatements="9" conditionals="1" coveredconditionals="0" methods="4" coveredmethods="2"/>
        <line num="1" count="13" type="stmt"/>
        <line num="5" count="13" type="stmt"/>
        <line num="10" count="13" type="stmt"/>
        <line num="12" count="13" type="stmt"/>
        <line num="13" count="26" type="stmt"/>
        <line num="16" count="13" type="stmt"/>
        <line num="17" count="0" type="stmt"/>
        <line num="18" count="0" type="cond" truecount="0" falsecount="1"/>
        <line num="19" count="0" type="stmt"/>
        <line num="26" count="13" type="stmt"/>
        <line num="27" count="47" type="stmt"/>
        <line num="29" count="13" type="stmt"/>
        <line num="30" count="0" type="stmt"/>
      </file>
      <file name="meter.ts" path="/app/core/domain/meter.ts">
        <metrics statements="7" coveredstatements="5" conditionals="0" coveredconditionals="0" methods="4" coveredmethods="3"/>
        <line num="4" count="5" type="stmt"/>
        <line num="5" count="18" type="stmt"/>
        <line num="7" count="10" type="stmt"/>
        <line num="8" count="8" type="stmt"/>
        <line num="9" count="5" type="stmt"/>
        <line num="10" count="0" type="stmt"/>
        <line num="11" count="0" type="stmt"/>
      </file>
      <file name="metric.ts" path="/app/core/domain/metric.ts">
        <metrics statements="12" coveredstatements="7" conditionals="0" coveredconditionals="0" methods="5" coveredmethods="1"/>
        <line num="1" count="1" type="stmt"/>
        <line num="3" count="1" type="stmt"/>
        <line num="4" count="1" type="stmt"/>
        <line num="25" count="16" type="stmt"/>
        <line num="27" count="1" type="stmt"/>
        <line num="29" count="1" type="stmt"/>
        <line num="30" count="0" type="stmt"/>
        <line num="31" count="0" type="stmt"/>
        <line num="32" count="0" type="stmt"/>
        <line num="33" count="0" type="stmt"/>
        <line num="42" count="1" type="stmt"/>
        <line num="43" count="0" type="stmt"/>
      </file>
      <file name="millisecond.ts" path="/app/core/domain/millisecond.ts">
        <metrics statements="3" coveredstatements="3" conditionals="0" coveredconditionals="0" methods="2" coveredmethods="2"/>
        <line num="2" count="88" type="stmt"/>
        <line num="3" count="36" type="stmt"/>
        <line num="4" count="54" type="stmt"/>
      </file>
      <file name="node-log.ts" path="/app/core/domain/node-log.ts">
        <metrics statements="4" coveredstatements="4" conditionals="0" coveredconditionals="0" methods="2" coveredmethods="2"/>
        <line num="1" count="2" type="stmt"/>
        <line num="4" count="3" type="stmt"/>
        <line num="5" count="2" type="stmt"/>
        <line num="6" count="10" type="stmt"/>
      </file>
      <file name="node-model.ts" path="/app/core/domain/node-model.ts">
        <metrics statements="8" coveredstatements="6" conditionals="0" coveredconditionals="0" methods="3" coveredmethods="1"/>
        <line num="1" count="10" type="stmt"/>
        <line num="2" count="10" type="stmt"/>
        <line num="4" count="10" type="stmt"/>
        <line num="5" count="0" type="stmt"/>
        <line num="7" count="10" type="stmt"/>
        <line num="8" count="23" type="stmt"/>
        <line num="10" count="10" type="stmt"/>
        <line num="11" count="0" type="stmt"/>
      </file>
      <file name="pixel-scale.ts" path="/app/core/domain/pixel-scale.ts">
        <metrics statements="3" coveredstatements="3" conditionals="0" coveredconditionals="0" methods="3" coveredmethods="3"/>
        <line num="2" count="5" type="stmt"/>
        <line num="4" count="5" type="stmt"/>
        <line num="5" count="5" type="stmt"/>
      </file>
      <file name="postal-code.ts" path="/app/core/domain/postal-code.ts">
        <metrics statements="5" coveredstatements="5" conditionals="1" coveredconditionals="1" methods="1" coveredmethods="1"/>
        <line num="1" count="1" type="stmt"/>
        <line num="5" count="1" type="stmt"/>
        <line num="6" count="4" type="cond" truecount="1" falsecount="0"/>
        <line num="7" count="3" type="stmt"/>
        <line num="12" count="1" type="stmt"/>
      </file>
      <file name="result.ts" path="/app/core/domain/result.ts">
        <metrics statements="10" coveredstatements="9" conditionals="1" coveredconditionals="0" methods="5" coveredmethods="4"/>
        <line num="1" count="46" type="stmt"/>
        <line num="4" count="46" type="stmt"/>
        <line num="6" count="472" type="stmt"/>
        <line num="7" count="46" type="stmt"/>
        <line num="8" count="46" type="stmt"/>
        <line num="9" count="224" type="cond" truecount="0" falsecount="1"/>
        <line num="10" count="0" type="stmt"/>
        <line num="12" count="224" type="stmt"/>
        <line num="15" count="46" type="stmt"/>
        <line num="16" count="46" type="stmt"/>
      </file>
      <file name="second.ts" path="/app/core/domain/second.ts">
        <metrics statements="1" coveredstatements="1" conditionals="0" coveredconditionals="0" methods="1" coveredmethods="1"/>
        <line num="2" count="3" type="stmt"/>
      </file>
      <file name="span.ts" path="/app/core/domain/span.ts">
        <metrics statements="11" coveredstatements="7" conditionals="4" coveredconditionals="0" methods="6" coveredmethods="4"/>
        <line num="4" count="33" type="stmt"/>
        <line num="5" count="158" type="stmt"/>
        <line num="8" count="56" type="stmt"/>
        <line num="9" count="57" type="stmt"/>
        <line num="10" count="33" type="stmt"/>
        <line num="11" count="33" type="stmt"/>
        <line num="12" count="0" type="cond" truecount="0" falsecount="2"/>
        <line num="13" count="0" type="cond" truecount="0" falsecount="1"/>
        <line num="14" count="0" type="cond" truecount="0" falsecount="1"/>
        <line num="15" count="0" type="stmt"/>
        <line num="17" count="40" type="stmt"/>
      </file>
      <file name="subnet-mask.ts" path="/app/core/domain/subnet-mask.ts">
        <metrics statements="3" coveredstatements="2" conditionals="0" coveredconditionals="0" methods="2" coveredmethods="0"/>
        <line num="2" count="2" type="stmt"/>
        <line num="3" count="2" type="stmt"/>
        <line num="4" count="0" type="stmt"/>
      </file>
      <file name="topic.ts" path="/app/core/domain/topic.ts">
        <metrics statements="8" coveredstatements="7" conditionals="0" coveredconditionals="0" methods="3" coveredmethods="2"/>
        <line num="1" count="28" type="stmt"/>
        <line num="3" count="28" type="stmt"/>
        <line num="6" count="28" type="stmt"/>
        <line num="7" count="54" type="stmt"/>
        <line num="10" count="28" type="stmt"/>
        <line num="11" count="0" type="stmt"/>
        <line num="14" count="28" type="stmt"/>
        <line num="15" count="54" type="stmt"/>
      </file>
      <file name="tx-power.ts" path="/app/core/domain/tx-power.ts">
        <metrics statements="5" coveredstatements="5" conditionals="0" coveredconditionals="0" methods="3" coveredmethods="2"/>
        <line num="1" count="2" type="stmt"/>
        <line num="2" count="2" type="stmt"/>
        <line num="4" count="3" type="stmt"/>
        <line num="6" count="2" type="stmt"/>
        <line num="7" count="3" type="stmt"/>
      </file>
    </package>
    <package name="domain.account">
      <metrics statements="7" coveredstatements="6" conditionals="0" coveredconditionals="0" methods="2" coveredmethods="1"/>
      <file name="index.ts" path="/app/core/domain/account/index.ts">
        <metrics statements="7" coveredstatements="6" conditionals="0" coveredconditionals="0" methods="2" coveredmethods="1"/>
        <line num="1" count="2" type="stmt"/>
        <line num="3" count="2" type="stmt"/>
        <line num="10" count="2" type="stmt"/>
        <line num="11" count="4" type="stmt"/>
        <line num="12" count="4" type="stmt"/>
        <line num="17" count="2" type="stmt"/>
        <line num="18" count="0" type="stmt"/>
      </file>
    </package>
    <package name="domain.action-log">
      <metrics statements="13" coveredstatements="12" conditionals="2" coveredconditionals="2" methods="3" coveredmethods="2"/>
      <file name="id.ts" path="/app/core/domain/action-log/id.ts">
        <metrics statements="5" coveredstatements="4" conditionals="0" coveredconditionals="0" methods="2" coveredmethods="1"/>
        <line num="1" count="1" type="stmt"/>
        <line num="4" count="1" type="stmt"/>
        <line num="5" count="0" type="stmt"/>
        <line num="7" count="1" type="stmt"/>
        <line num="9" count="1" type="stmt"/>
      </file>
      <file name="index.ts" path="/app/core/domain/action-log/index.ts">
        <metrics statements="8" coveredstatements="8" conditionals="2" coveredconditionals="2" methods="1" coveredmethods="1"/>
        <line num="1" count="1" type="stmt"/>
        <line num="2" count="1" type="stmt"/>
        <line num="7" count="1" type="stmt"/>
        <line num="21" count="1" type="stmt"/>
        <line num="31" count="1" type="stmt"/>
        <line num="32" count="1" type="stmt"/>
        <line num="33" count="1" type="cond" truecount="2" falsecount="0"/>
        <line num="34" count="1" type="stmt"/>
      </file>
    </package>
    <package name="domain.address">
      <metrics statements="9" coveredstatements="9" conditionals="0" coveredconditionals="0" methods="2" coveredmethods="2"/>
      <file name="index.ts" path="/app/core/domain/address/index.ts">
        <metrics statements="9" coveredstatements="9" conditionals="0" coveredconditionals="0" methods="2" coveredmethods="2"/>
        <line num="1" count="4" type="stmt"/>
        <line num="11" count="4" type="stmt"/>
        <line num="17" count="21" type="stmt"/>
        <line num="18" count="21" type="stmt"/>
        <line num="19" count="21" type="stmt"/>
        <line num="20" count="21" type="stmt"/>
        <line num="22" count="21" type="stmt"/>
        <line num="30" count="4" type="stmt"/>
        <line num="31" count="9" type="stmt"/>
      </file>
    </package>
    <package name="domain.agreement">
      <metrics statements="5" coveredstatements="5" conditionals="0" coveredconditionals="0" methods="1" coveredmethods="1"/>
      <file name="index.ts" path="/app/core/domain/agreement/index.ts">
        <metrics statements="5" coveredstatements="5" conditionals="0" coveredconditionals="0" methods="1" coveredmethods="1"/>
        <line num="11" count="3" type="stmt"/>
        <line num="15" count="17" type="stmt"/>
        <line num="16" count="17" type="stmt"/>
        <line num="17" count="17" type="stmt"/>
        <line num="19" count="17" type="stmt"/>
      </file>
    </package>
    <package name="domain.announcement">
      <metrics statements="19" coveredstatements="16" conditionals="14" coveredconditionals="6" methods="5" coveredmethods="2"/>
      <file name="id.ts" path="/app/core/domain/announcement/id.ts">
        <metrics statements="7" coveredstatements="5" conditionals="2" coveredconditionals="0" methods="3" coveredmethods="1"/>
        <line num="1" count="1" type="stmt"/>
        <line num="4" count="1" type="stmt"/>
        <line num="5" count="0" type="stmt"/>
        <line num="7" count="1" type="stmt"/>
        <line num="8" count="1" type="stmt"/>
        <line num="9" count="1" type="stmt"/>
        <line num="10" count="0" type="cond" truecount="0" falsecount="2"/>
      </file>
      <file name="index.ts" path="/app/core/domain/announcement/index.ts">
        <metrics statements="12" coveredstatements="11" conditionals="12" coveredconditionals="6" methods="2" coveredmethods="1"/>
        <line num="1" count="1" type="stmt"/>
        <line num="2" count="1" type="stmt"/>
        <line num="13" count="1" type="stmt"/>
        <line num="21" count="1" type="cond" truecount="1" falsecount="1"/>
        <line num="22" count="1" type="cond" truecount="1" falsecount="1"/>
        <line num="23" count="1" type="cond" truecount="1" falsecount="1"/>
        <line num="24" count="1" type="cond" truecount="1" falsecount="1"/>
        <line num="25" count="1" type="cond" truecount="1" falsecount="1"/>
        <line num="26" count="1" type="cond" truecount="1" falsecount="1"/>
        <line num="28" count="1" type="stmt"/>
        <line num="38" count="1" type="stmt"/>
        <line num="39" count="0" type="stmt"/>
      </file>
    </package>
    <package name="domain.caller">
      <metrics statements="23" coveredstatements="12" conditionals="10" coveredconditionals="1" methods="3" coveredmethods="1"/>
      <file name="index.ts" path="/app/core/domain/caller/index.ts">
        <metrics statements="23" coveredstatements="12" conditionals="10" coveredconditionals="1" methods="3" coveredmethods="1"/>
        <line num="1" count="2" type="stmt"/>
        <line num="3" count="2" type="stmt"/>
        <line num="5" count="2" type="stmt"/>
        <line num="12" count="2" type="stmt"/>
        <line num="14" count="2" type="stmt"/>
        <line num="16" count="2" type="stmt"/>
        <line num="29" count="2" type="stmt"/>
        <line num="30" count="0" type="stmt"/>
        <line num="41" count="2" type="stmt"/>
        <line num="42" count="2" type="stmt"/>
        <line num="43" count="2" type="stmt"/>
        <line num="44" count="2" type="stmt"/>
        <line num="56" count="2" type="stmt"/>
        <line num="60" count="0" type="stmt"/>
        <line num="61" count="0" type="cond" truecount="0" falsecount="1"/>
        <line num="62" count="0" type="stmt"/>
        <line num="64" count="0" type="cond" truecount="0" falsecount="1"/>
        <line num="65" count="0" type="stmt"/>
        <line num="70" count="0" type="cond" truecount="0" falsecount="1"/>
        <line num="74" count="0" type="stmt"/>
        <line num="79" count="0" type="cond" truecount="0" falsecount="1"/>
        <line num="83" count="0" type="stmt"/>
        <line num="88" count="0" type="stmt"/>
      </file>
    </package>
    <package name="domain.email">
      <metrics statements="8" coveredstatements="8" conditionals="1" coveredconditionals="1" methods="2" coveredmethods="2"/>
      <file name="index.ts" path="/app/core/domain/email/index.ts">
        <metrics statements="8" coveredstatements="8" conditionals="1" coveredconditionals="1" methods="2" coveredmethods="2"/>
        <line num="1" count="11" type="stmt"/>
        <line num="5" count="11" type="stmt"/>
        <line num="8" count="11" type="stmt"/>
        <line num="10" count="14" type="stmt"/>
        <line num="11" count="14" type="cond" truecount="1" falsecount="0"/>
        <line num="12" count="1" type="stmt"/>
        <line num="17" count="13" type="stmt"/>
        <line num="19" count="16" type="stmt"/>
      </file>
    </package>
    <package name="domain.fuel-tank-history">
      <metrics statements="25" coveredstatements="25" conditionals="6" coveredconditionals="6" methods="4" coveredmethods="4"/>
      <file name="id.ts" path="/app/core/domain/fuel-tank-history/id.ts">
        <metrics statements="13" coveredstatements="13" conditionals="2" coveredconditionals="2" methods="3" coveredmethods="3"/>
        <line num="1" count="5" type="stmt"/>
        <line num="2" count="5" type="stmt"/>
        <line num="8" count="5" type="stmt"/>
        <line num="10" count="5" type="stmt"/>
        <line num="11" count="2" type="stmt"/>
        <line num="12" count="2" type="cond" truecount="1" falsecount="0"/>
        <line num="13" count="1" type="stmt"/>
        <line num="18" count="1" type="stmt"/>
        <line num="21" count="5" type="stmt"/>
        <line num="22" count="3" type="cond" truecount="1" falsecount="0"/>
        <line num="23" count="1" type="stmt"/>
        <line num="27" count="2" type="stmt"/>
        <line num="32" count="10" type="stmt"/>
      </file>
      <file name="index.ts" path="/app/core/domain/fuel-tank-history/index.ts">
        <metrics statements="11" coveredstatements="11" conditionals="4" coveredconditionals="4" methods="1" coveredmethods="1"/>
        <line num="1" count="4" type="stmt"/>
        <line num="2" count="4" type="stmt"/>
        <line num="8" count="4" type="stmt"/>
        <line num="20" count="4" type="stmt"/>
        <line num="28" count="9" type="cond" truecount="2" falsecount="0"/>
        <line num="29" count="9" type="stmt"/>
        <line num="30" count="9" type="stmt"/>
        <line num="31" count="9" type="stmt"/>
        <line num="32" count="9" type="stmt"/>
        <line num="33" count="9" type="cond" truecount="2" falsecount="0"/>
        <line num="35" count="9" type="stmt"/>
      </file>
      <file name="kind.ts" path="/app/core/domain/fuel-tank-history/kind.ts">
        <metrics statements="1" coveredstatements="1" conditionals="0" coveredconditionals="0" methods="0" coveredmethods="0"/>
        <line num="1" count="4" type="stmt"/>
      </file>
    </package>
    <package name="domain.job">
      <metrics statements="36" coveredstatements="27" conditionals="19" coveredconditionals="7" methods="8" coveredmethods="5"/>
      <file name="id.ts" path="/app/core/domain/job/id.ts">
        <metrics statements="5" coveredstatements="4" conditionals="0" coveredconditionals="0" methods="2" coveredmethods="1"/>
        <line num="1" count="2" type="stmt"/>
        <line num="4" count="2" type="stmt"/>
        <line num="5" count="0" type="stmt"/>
        <line num="7" count="2" type="stmt"/>
        <line num="9" count="4" type="stmt"/>
      </file>
      <file name="index.ts" path="/app/core/domain/job/index.ts">
        <metrics statements="31" coveredstatements="23" conditionals="19" coveredconditionals="7" methods="6" coveredmethods="4"/>
        <line num="1" count="2" type="stmt"/>
        <line num="2" count="2" type="stmt"/>
        <line num="5" count="2" type="stmt"/>
        <line num="7" count="2" type="stmt"/>
        <line num="64" count="2" type="stmt"/>
        <line num="65" count="4" type="stmt"/>
        <line num="68" count="2" type="stmt"/>
        <line num="69" count="4" type="stmt"/>
        <line num="70" count="4" type="stmt"/>
        <line num="74" count="4" type="stmt"/>
        <line num="81" count="2" type="stmt"/>
        <line num="82" count="2" type="cond" truecount="0" falsecount="1"/>
        <line num="83" count="0" type="stmt"/>
        <line num="88" count="2" type="stmt"/>
        <line num="98" count="2" type="stmt"/>
        <line num="99" count="4" type="cond" truecount="0" falsecount="1"/>
        <line num="100" count="0" type="stmt"/>
        <line num="105" count="4" type="stmt"/>
        <line num="106" count="4" type="cond" truecount="2" falsecount="0"/>
        <line num="107" count="4" type="stmt"/>
        <line num="108" count="4" type="cond" truecount="1" falsecount="0"/>
        <line num="109" count="2" type="stmt"/>
        <line num="120" count="2" type="stmt"/>
        <line num="131" count="2" type="stmt"/>
        <line num="132" count="0" type="cond" truecount="0" falsecount="1"/>
        <line num="136" count="0" type="stmt"/>
        <line num="141" count="0" type="stmt"/>
        <line num="151" count="2" type="stmt"/>
        <line num="152" count="0" type="cond" truecount="0" falsecount="3"/>
        <line num="153" count="0" type="stmt"/>
        <line num="159" count="0" type="stmt"/>
      </file>
    </package>
    <package name="domain.license">
      <metrics statements="90" coveredstatements="85" conditionals="27" coveredconditionals="24" methods="17" coveredmethods="15"/>
      <file name="code.ts" path="/app/core/domain/license/code.ts">
        <metrics statements="14" coveredstatements="14" conditionals="2" coveredconditionals="2" methods="3" coveredmethods="3"/>
        <line num="1" count="9" type="stmt"/>
        <line num="2" count="9" type="stmt"/>
        <line num="6" count="9" type="stmt"/>
        <line num="8" count="9" type="stmt"/>
        <line num="9" count="2" type="stmt"/>
        <line num="10" count="2" type="cond" truecount="1" falsecount="0"/>
        <line num="11" count="1" type="stmt"/>
        <line num="16" count="1" type="stmt"/>
        <line num="19" count="9" type="stmt"/>
        <line num="20" count="4" type="cond" truecount="1" falsecount="0"/>
        <line num="21" count="1" type="stmt"/>
        <line num="25" count="3" type="stmt"/>
        <line num="30" count="9" type="stmt"/>
        <line num="31" count="45" type="stmt"/>
      </file>
      <file name="fuel.ts" path="/app/core/domain/license/fuel.ts">
        <metrics statements="7" coveredstatements="7" conditionals="0" coveredconditionals="0" methods="3" coveredmethods="3"/>
        <line num="1" count="33" type="stmt"/>
        <line num="6" count="33" type="stmt"/>
        <line num="7" count="147" type="stmt"/>
        <line num="10" count="72" type="stmt"/>
        <line num="12" count="33" type="stmt"/>
        <line num="13" count="74" type="stmt"/>
        <line num="14" count="74" type="stmt"/>
      </file>
      <file name="id.ts" path="/app/core/domain/license/id.ts">
        <metrics statements="14" coveredstatements="14" conditionals="2" coveredconditionals="2" methods="3" coveredmethods="3"/>
        <line num="1" count="9" type="stmt"/>
        <line num="2" count="9" type="stmt"/>
        <line num="6" count="9" type="stmt"/>
        <line num="8" count="9" type="stmt"/>
        <line num="9" count="2" type="stmt"/>
        <line num="10" count="2" type="cond" truecount="1" falsecount="0"/>
        <line num="11" count="1" type="stmt"/>
        <line num="16" count="1" type="stmt"/>
        <line num="19" count="9" type="stmt"/>
        <line num="20" count="3" type="cond" truecount="1" falsecount="0"/>
        <line num="21" count="1" type="stmt"/>
        <line num="25" count="2" type="stmt"/>
        <line num="30" count="9" type="stmt"/>
        <line num="31" count="48" type="stmt"/>
      </file>
      <file name="index.ts" path="/app/core/domain/license/index.ts">
        <metrics statements="54" coveredstatements="49" conditionals="23" coveredconditionals="20" methods="8" coveredmethods="6"/>
        <line num="1" count="8" type="stmt"/>
        <line num="2" count="8" type="stmt"/>
        <line num="3" count="8" type="stmt"/>
        <line num="4" count="8" type="stmt"/>
        <line num="5" count="8" type="stmt"/>
        <line num="7" count="8" type="stmt"/>
        <line num="9" count="8" type="stmt"/>
        <line num="11" count="8" type="stmt"/>
        <line num="12" count="8" type="stmt"/>
        <line num="13" count="8" type="stmt"/>
        <line num="15" count="8" type="stmt"/>
        <line num="27" count="8" type="stmt"/>
        <line num="35" count="73" type="stmt"/>
        <line num="36" count="73" type="cond" truecount="2" falsecount="0"/>
        <line num="37" count="73" type="cond" truecount="2" falsecount="0"/>
        <line num="38" count="73" type="cond" truecount="2" falsecount="0"/>
        <line num="39" count="73" type="cond" truecount="2" falsecount="0"/>
        <line num="40" count="73" type="cond" truecount="2" falsecount="0"/>
        <line num="41" count="73" type="stmt"/>
        <line num="43" count="73" type="stmt"/>
        <line num="53" count="8" type="stmt"/>
        <line num="54" count="0" type="stmt"/>
        <line num="58" count="8" type="stmt"/>
        <line num="62" count="8" type="stmt"/>
        <line num="63" count="8" type="cond" truecount="1" falsecount="0"/>
        <line num="64" count="3" type="stmt"/>
        <line num="68" count="5" type="cond" truecount="1" falsecount="0"/>
        <line num="69" count="3" type="stmt"/>
        <line num="73" count="2" type="stmt"/>
        <line num="80" count="8" type="stmt"/>
        <line num="81" count="9" type="cond" truecount="1" falsecount="0"/>
        <line num="82" count="3" type="stmt"/>
        <line num="86" count="6" type="cond" truecount="2" falsecount="0"/>
        <line num="88" count="6" type="cond" truecount="2" falsecount="0"/>
        <line num="89" count="6" type="stmt"/>
        <line num="96" count="8" type="stmt"/>
        <line num="97" count="7" type="stmt"/>
        <line num="98" count="7" type="cond" truecount="1" falsecount="0"/>
        <line num="99" count="2" type="stmt"/>
        <line num="103" count="5" type="stmt"/>
        <line num="109" count="8" type="stmt"/>
        <line num="110" count="15" type="stmt"/>
        <line num="111" count="15" type="cond" truecount="1" falsecount="0"/>
        <line num="112" count="4" type="stmt"/>
        <line num="116" count="11" type="stmt"/>
        <line num="122" count="8" type="stmt"/>
        <line num="123" count="5" type="cond" truecount="1" falsecount="0"/>
        <line num="124" count="1" type="stmt"/>
        <line num="128" count="4" type="stmt"/>
        <line num="134" count="8" type="stmt"/>
        <line num="135" count="0" type="stmt"/>
        <line num="136" count="0" type="cond" truecount="0" falsecount="1"/>
        <line num="137" count="0" type="stmt"/>
        <line num="141" count="0" type="stmt"/>
      </file>
      <file name="status.ts" path="/app/core/domain/license/status.ts">
        <metrics statements="1" coveredstatements="1" conditionals="0" coveredconditionals="0" methods="0" coveredmethods="0"/>
        <line num="1" count="8" type="stmt"/>
      </file>
    </package>
    <package name="domain.license.order">
      <metrics statements="33" coveredstatements="29" conditionals="13" coveredconditionals="10" methods="8" coveredmethods="7"/>
      <file name="index.ts" path="/app/core/domain/license/order/index.ts">
        <metrics statements="17" coveredstatements="17" conditionals="10" coveredconditionals="10" methods="2" coveredmethods="2"/>
        <line num="1" count="9" type="stmt"/>
        <line num="2" count="9" type="stmt"/>
        <line num="5" count="9" type="stmt"/>
        <line num="7" count="9" type="stmt"/>
        <line num="9" count="9" type="stmt"/>
        <line num="10" count="9" type="stmt"/>
        <line num="21" count="9" type="stmt"/>
        <line num="22" count="56" type="cond" truecount="2" falsecount="0"/>
        <line num="23" count="56" type="cond" truecount="2" falsecount="0"/>
        <line num="24" count="56" type="cond" truecount="2" falsecount="0"/>
        <line num="25" count="56" type="stmt"/>
        <line num="26" count="56" type="cond" truecount="2" falsecount="0"/>
        <line num="27" count="56" type="stmt"/>
        <line num="28" count="56" type="cond" truecount="2" falsecount="0"/>
        <line num="29" count="56" type="stmt"/>
        <line num="40" count="9" type="stmt"/>
        <line num="41" count="40" type="stmt"/>
      </file>
      <file name="number-of-nodes.ts" path="/app/core/domain/license/order/number-of-nodes.ts">
        <metrics statements="8" coveredstatements="6" conditionals="2" coveredconditionals="0" methods="2" coveredmethods="2"/>
        <line num="1" count="9" type="stmt"/>
        <line num="5" count="9" type="stmt"/>
        <line num="6" count="46" type="cond" truecount="0" falsecount="1"/>
        <line num="7" count="0" type="stmt"/>
        <line num="12" count="46" type="cond" truecount="0" falsecount="1"/>
        <line num="13" count="0" type="stmt"/>
        <line num="18" count="46" type="stmt"/>
        <line num="21" count="40" type="stmt"/>
      </file>
      <file name="number.ts" path="/app/core/domain/license/order/number.ts">
        <metrics statements="8" coveredstatements="6" conditionals="1" coveredconditionals="0" methods="4" coveredmethods="3"/>
        <line num="1" count="9" type="stmt"/>
        <line num="2" count="9" type="stmt"/>
        <line num="4" count="47" type="stmt"/>
        <line num="5" count="46" type="stmt"/>
        <line num="6" count="9" type="stmt"/>
        <line num="7" count="9" type="stmt"/>
        <line num="8" count="0" type="cond" truecount="0" falsecount="1"/>
        <line num="9" count="0" type="stmt"/>
      </file>
    </package>
    <package name="domain.local-map">
      <metrics statements="34" coveredstatements="34" conditionals="22" coveredconditionals="20" methods="10" coveredmethods="10"/>
      <file name="id.ts" path="/app/core/domain/local-map/id.ts">
        <metrics statements="5" coveredstatements="5" conditionals="0" coveredconditionals="0" methods="2" coveredmethods="2"/>
        <line num="1" count="15" type="stmt"/>
        <line num="2" count="15" type="stmt"/>
        <line num="5" count="15" type="stmt"/>
        <line num="6" count="15" type="stmt"/>
        <line num="7" count="28" type="stmt"/>
      </file>
      <file name="index.ts" path="/app/core/domain/local-map/index.ts">
        <metrics statements="23" coveredstatements="23" conditionals="22" coveredconditionals="20" methods="2" coveredmethods="2"/>
        <line num="1" count="5" type="stmt"/>
        <line num="3" count="5" type="stmt"/>
        <line num="7" count="5" type="stmt"/>
        <line num="9" count="5" type="stmt"/>
        <line num="10" count="5" type="stmt"/>
        <line num="11" count="5" type="stmt"/>
        <line num="13" count="5" type="stmt"/>
        <line num="14" count="5" type="stmt"/>
        <line num="15" count="5" type="stmt"/>
        <line num="30" count="5" type="stmt"/>
        <line num="43" count="5" type="stmt"/>
        <line num="44" count="5" type="cond" truecount="2" falsecount="0"/>
        <line num="45" count="5" type="cond" truecount="2" falsecount="0"/>
        <line num="46" count="5" type="cond" truecount="2" falsecount="0"/>
        <line num="47" count="5" type="cond" truecount="2" falsecount="0"/>
        <line num="48" count="5" type="cond" truecount="2" falsecount="0"/>
        <line num="49" count="5" type="cond" truecount="2" falsecount="0"/>
        <line num="50" count="5" type="cond" truecount="2" falsecount="0"/>
        <line num="51" count="5" type="cond" truecount="2" falsecount="0"/>
        <line num="52" count="5" type="cond" truecount="2" falsecount="0"/>
        <line num="53" count="5" type="stmt"/>
        <line num="67" count="5" type="stmt"/>
        <line num="68" count="2" type="stmt"/>
      </file>
      <file name="memo.ts" path="/app/core/domain/local-map/memo.ts">
        <metrics statements="3" coveredstatements="3" conditionals="0" coveredconditionals="0" methods="3" coveredmethods="3"/>
        <line num="2" count="5" type="stmt"/>
        <line num="3" count="5" type="stmt"/>
        <line num="4" count="5" type="stmt"/>
      </file>
      <file name="name.ts" path="/app/core/domain/local-map/name.ts">
        <metrics statements="3" coveredstatements="3" conditionals="0" coveredconditionals="0" methods="3" coveredmethods="3"/>
        <line num="2" count="5" type="stmt"/>
        <line num="3" count="5" type="stmt"/>
        <line num="4" count="5" type="stmt"/>
      </file>
    </package>
    <package name="domain.map-tag">
      <metrics statements="9" coveredstatements="9" conditionals="0" coveredconditionals="0" methods="3" coveredmethods="2"/>
      <file name="id.ts" path="/app/core/domain/map-tag/id.ts">
        <metrics statements="5" coveredstatements="5" conditionals="0" coveredconditionals="0" methods="2" coveredmethods="1"/>
        <line num="1" count="4" type="stmt"/>
        <line num="3" count="4" type="stmt"/>
        <line num="7" count="4" type="stmt"/>
        <line num="9" count="4" type="stmt"/>
        <line num="10" count="2" type="stmt"/>
      </file>
      <file name="index.ts" path="/app/core/domain/map-tag/index.ts">
        <metrics statements="4" coveredstatements="4" conditionals="0" coveredconditionals="0" methods="1" coveredmethods="1"/>
        <line num="7" count="3" type="stmt"/>
        <line num="15" count="3" type="stmt"/>
        <line num="20" count="4" type="stmt"/>
        <line num="21" count="4" type="stmt"/>
      </file>
    </package>
    <package name="domain.node">
      <metrics statements="74" coveredstatements="55" conditionals="70" coveredconditionals="51" methods="14" coveredmethods="8"/>
      <file name="index.ts" path="/app/core/domain/node/index.ts">
        <metrics statements="49" coveredstatements="42" conditionals="66" coveredconditionals="50" methods="7" coveredmethods="6"/>
        <line num="1" count="9" type="stmt"/>
        <line num="2" count="9" type="stmt"/>
        <line num="4" count="9" type="stmt"/>
        <line num="5" count="9" type="stmt"/>
        <line num="6" count="9" type="stmt"/>
        <line num="7" count="9" type="stmt"/>
        <line num="8" count="9" type="stmt"/>
        <line num="9" count="9" type="stmt"/>
        <line num="10" count="9" type="stmt"/>
        <line num="11" count="9" type="stmt"/>
        <line num="12" count="9" type="stmt"/>
        <line num="13" count="9" type="stmt"/>
        <line num="14" count="9" type="stmt"/>
        <line num="50" count="9" type="stmt"/>
        <line num="65" count="32" type="stmt"/>
        <line num="66" count="32" type="cond" truecount="2" falsecount="0"/>
        <line num="67" count="32" type="stmt"/>
        <line num="83" count="9" type="stmt"/>
        <line num="84" count="22" type="stmt"/>
        <line num="135" count="9" type="stmt"/>
        <line num="136" count="1" type="cond" truecount="0" falsecount="1"/>
        <line num="137" count="0" type="stmt"/>
        <line num="142" count="1" type="stmt"/>
        <line num="148" count="9" type="stmt"/>
        <line num="149" count="16" type="stmt"/>
        <line num="152" count="9" type="stmt"/>
        <line num="153" count="0" type="stmt"/>
        <line num="166" count="9" type="stmt"/>
        <line num="167" count="3" type="cond" truecount="1" falsecount="1"/>
        <line num="168" count="3" type="cond" truecount="1" falsecount="0"/>
        <line num="169" count="3" type="stmt"/>
        <line num="188" count="0" type="cond" truecount="0" falsecount="1"/>
        <line num="189" count="0" type="stmt"/>
        <line num="195" count="0" type="stmt"/>
        <line num="200" count="9" type="stmt"/>
        <line num="204" count="2" type="cond" truecount="0" falsecount="1"/>
        <line num="205" count="0" type="stmt"/>
        <line num="207" count="2" type="cond" truecount="0" falsecount="1"/>
        <line num="208" count="0" type="stmt"/>
        <line num="219" count="2" type="stmt"/>
        <line num="225" count="2" type="stmt"/>
        <line num="226" count="2" type="cond" truecount="1" falsecount="0"/>
        <line num="238" count="1" type="stmt"/>
        <line num="244" count="1" type="stmt"/>
        <line num="245" count="1" type="stmt"/>
        <line num="246" count="1" type="stmt"/>
        <line num="247" count="1" type="stmt"/>
        <line num="248" count="1" type="stmt"/>
        <line num="249" count="1" type="stmt"/>
      </file>
      <file name="kind.ts" path="/app/core/domain/node/kind.ts">
        <metrics statements="11" coveredstatements="5" conditionals="2" coveredconditionals="0" methods="3" coveredmethods="0"/>
        <line num="1" count="9" type="stmt"/>
        <line num="2" count="9" type="stmt"/>
        <line num="4" count="9" type="stmt"/>
        <line num="6" count="9" type="stmt"/>
        <line num="7" count="0" type="cond" truecount="0" falsecount="1"/>
        <line num="8" count="0" type="stmt"/>
        <line num="10" count="0" type="cond" truecount="0" falsecount="1"/>
        <line num="11" count="0" type="stmt"/>
        <line num="13" count="0" type="stmt"/>
        <line num="15" count="9" type="stmt"/>
        <line num="16" count="0" type="stmt"/>
      </file>
      <file name="number-of-units.ts" path="/app/core/domain/node/number-of-units.ts">
        <metrics statements="14" coveredstatements="8" conditionals="2" coveredconditionals="1" methods="4" coveredmethods="2"/>
        <line num="1" count="34" type="stmt"/>
        <line num="5" count="34" type="stmt"/>
        <line num="6" count="55" type="cond" truecount="1" falsecount="0"/>
        <line num="7" count="1" type="stmt"/>
        <line num="12" count="54" type="stmt"/>
        <line num="15" count="34" type="stmt"/>
        <line num="16" count="0" type="stmt"/>
        <line num="17" count="0" type="cond" truecount="0" falsecount="1"/>
        <line num="18" count="0" type="stmt"/>
        <line num="23" count="0" type="stmt"/>
        <line num="26" count="34" type="stmt"/>
        <line num="27" count="0" type="stmt"/>
        <line num="28" count="0" type="stmt"/>
        <line num="30" count="42" type="stmt"/>
      </file>
    </package>
    <package name="domain.node-config">
      <metrics statements="297" coveredstatements="242" conditionals="65" coveredconditionals="26" methods="90" coveredmethods="49"/>
      <file name="access-point.ts" path="/app/core/domain/node-config/access-point.ts">
        <metrics statements="9" coveredstatements="9" conditionals="0" coveredconditionals="0" methods="2" coveredmethods="2"/>
        <line num="1" count="2" type="stmt"/>
        <line num="3" count="2" type="stmt"/>
        <line num="5" count="2" type="stmt"/>
        <line num="6" count="2" type="stmt"/>
        <line num="7" count="2" type="stmt"/>
        <line num="8" count="2" type="stmt"/>
        <line num="19" count="3" type="stmt"/>
        <line num="21" count="2" type="stmt"/>
        <line num="22" count="3" type="stmt"/>
      </file>
      <file name="antenna.ts" path="/app/core/domain/node-config/antenna.ts">
        <metrics statements="5" coveredstatements="5" conditionals="0" coveredconditionals="0" methods="3" coveredmethods="2"/>
        <line num="1" count="2" type="stmt"/>
        <line num="2" count="2" type="stmt"/>
        <line num="5" count="3" type="stmt"/>
        <line num="6" count="2" type="stmt"/>
        <line num="7" count="3" type="stmt"/>
      </file>
      <file name="assignment.dhcp.ts" path="/app/core/domain/node-config/assignment.dhcp.ts">
        <metrics statements="4" coveredstatements="4" conditionals="0" coveredconditionals="0" methods="2" coveredmethods="2"/>
        <line num="5" count="2" type="stmt"/>
        <line num="6" count="3" type="stmt"/>
        <line num="11" count="2" type="stmt"/>
        <line num="12" count="3" type="stmt"/>
      </file>
      <file name="assignment.static.ts" path="/app/core/domain/node-config/assignment.static.ts">
        <metrics statements="7" coveredstatements="4" conditionals="0" coveredconditionals="0" methods="2" coveredmethods="0"/>
        <line num="1" count="2" type="stmt"/>
        <line num="3" count="2" type="stmt"/>
        <line num="14" count="2" type="stmt"/>
        <line num="18" count="0" type="stmt"/>
        <line num="19" count="0" type="stmt"/>
        <line num="29" count="2" type="stmt"/>
        <line num="30" count="0" type="stmt"/>
      </file>
      <file name="assignment.ts" path="/app/core/domain/node-config/assignment.ts">
        <metrics statements="4" coveredstatements="4" conditionals="0" coveredconditionals="0" methods="2" coveredmethods="2"/>
        <line num="2" count="2" type="stmt"/>
        <line num="5" count="3" type="stmt"/>
        <line num="7" count="2" type="stmt"/>
        <line num="8" count="3" type="stmt"/>
      </file>
      <file name="bandwidth-control.ts" path="/app/core/domain/node-config/bandwidth-control.ts">
        <metrics statements="6" coveredstatements="5" conditionals="0" coveredconditionals="0" methods="3" coveredmethods="2"/>
        <line num="8" count="2" type="stmt"/>
        <line num="9" count="48" type="stmt"/>
        <line num="11" count="2" type="stmt"/>
        <line num="12" count="48" type="stmt"/>
        <line num="20" count="2" type="stmt"/>
        <line num="21" count="0" type="stmt"/>
      </file>
      <file name="branch-backhaul.ts" path="/app/core/domain/node-config/branch-backhaul.ts">
        <metrics statements="5" coveredstatements="4" conditionals="0" coveredconditionals="0" methods="2" coveredmethods="0"/>
        <line num="1" count="2" type="stmt"/>
        <line num="5" count="2" type="stmt"/>
        <line num="22" count="2" type="stmt"/>
        <line num="24" count="2" type="stmt"/>
        <line num="25" count="0" type="stmt"/>
      </file>
      <file name="bridge-lan.ts" path="/app/core/domain/node-config/bridge-lan.ts">
        <metrics statements="9" coveredstatements="6" conditionals="1" coveredconditionals="0" methods="2" coveredmethods="0"/>
        <line num="1" count="2" type="stmt"/>
        <line num="3" count="2" type="stmt"/>
        <line num="6" count="2" type="stmt"/>
        <line num="7" count="2" type="stmt"/>
        <line num="9" count="2" type="stmt"/>
        <line num="11" count="2" type="stmt"/>
        <line num="12" count="0" type="cond" truecount="0" falsecount="1"/>
        <line num="13" count="0" type="stmt"/>
        <line num="20" count="0" type="stmt"/>
      </file>
      <file name="bridge.ts" path="/app/core/domain/node-config/bridge.ts">
        <metrics statements="4" coveredstatements="3" conditionals="0" coveredconditionals="0" methods="2" coveredmethods="0"/>
        <line num="1" count="2" type="stmt"/>
        <line num="7" count="2" type="stmt"/>
        <line num="8" count="0" type="stmt"/>
        <line num="13" count="2" type="stmt"/>
      </file>
      <file name="client-disconnection.ts" path="/app/core/domain/node-config/client-disconnection.ts">
        <metrics statements="11" coveredstatements="7" conditionals="2" coveredconditionals="0" methods="3" coveredmethods="2"/>
        <line num="1" count="2" type="stmt"/>
        <line num="11" count="2" type="stmt"/>
        <line num="13" count="6" type="stmt"/>
        <line num="15" count="2" type="stmt"/>
        <line num="16" count="6" type="cond" truecount="0" falsecount="1"/>
        <line num="17" count="0" type="stmt"/>
        <line num="21" count="6" type="stmt"/>
        <line num="27" count="2" type="stmt"/>
        <line num="28" count="0" type="cond" truecount="0" falsecount="1"/>
        <line num="29" count="0" type="stmt"/>
        <line num="33" count="0" type="stmt"/>
      </file>
      <file name="core-backhaul.ts" path="/app/core/domain/node-config/core-backhaul.ts">
        <metrics statements="12" coveredstatements="11" conditionals="0" coveredconditionals="0" methods="3" coveredmethods="2"/>
        <line num="1" count="2" type="stmt"/>
        <line num="3" count="2" type="stmt"/>
        <line num="5" count="2" type="stmt"/>
        <line num="6" count="2" type="stmt"/>
        <line num="7" count="2" type="stmt"/>
        <line num="8" count="2" type="stmt"/>
        <line num="9" count="2" type="stmt"/>
        <line num="30" count="3" type="stmt"/>
        <line num="32" count="2" type="stmt"/>
        <line num="33" count="3" type="stmt"/>
        <line num="52" count="2" type="stmt"/>
        <line num="53" count="0" type="stmt"/>
      </file>
      <file name="dhcp.ts" path="/app/core/domain/node-config/dhcp.ts">
        <metrics statements="7" coveredstatements="3" conditionals="1" coveredconditionals="0" methods="2" coveredmethods="0"/>
        <line num="1" count="2" type="stmt"/>
        <line num="13" count="2" type="stmt"/>
        <line num="14" count="0" type="stmt"/>
        <line num="17" count="2" type="stmt"/>
        <line num="18" count="0" type="cond" truecount="0" falsecount="1"/>
        <line num="19" count="0" type="stmt"/>
        <line num="23" count="0" type="stmt"/>
      </file>
      <file name="environment.ts" path="/app/core/domain/node-config/environment.ts">
        <metrics statements="5" coveredstatements="5" conditionals="0" coveredconditionals="0" methods="3" coveredmethods="2"/>
        <line num="1" count="2" type="stmt"/>
        <line num="2" count="2" type="stmt"/>
        <line num="4" count="3" type="stmt"/>
        <line num="5" count="2" type="stmt"/>
        <line num="6" count="3" type="stmt"/>
      </file>
      <file name="ethup-assignment.ts" path="/app/core/domain/node-config/ethup-assignment.ts">
        <metrics statements="10" coveredstatements="6" conditionals="1" coveredconditionals="0" methods="2" coveredmethods="0"/>
        <line num="1" count="2" type="stmt"/>
        <line num="3" count="2" type="stmt"/>
        <line num="6" count="2" type="stmt"/>
        <line num="7" count="2" type="stmt"/>
        <line num="9" count="2" type="stmt"/>
        <line num="10" count="0" type="stmt"/>
        <line num="11" count="2" type="stmt"/>
        <line num="14" count="0" type="cond" truecount="0" falsecount="1"/>
        <line num="15" count="0" type="stmt"/>
        <line num="22" count="0" type="stmt"/>
      </file>
      <file name="ethup.ts" path="/app/core/domain/node-config/ethup.ts">
        <metrics statements="4" coveredstatements="3" conditionals="0" coveredconditionals="0" methods="2" coveredmethods="0"/>
        <line num="2" count="2" type="stmt"/>
        <line num="9" count="2" type="stmt"/>
        <line num="14" count="2" type="stmt"/>
        <line num="15" count="0" type="stmt"/>
      </file>
      <file name="fast-transition.ts" path="/app/core/domain/node-config/fast-transition.ts">
        <metrics statements="5" coveredstatements="4" conditionals="1" coveredconditionals="0" methods="2" coveredmethods="2"/>
        <line num="9" count="3" type="stmt"/>
        <line num="10" count="2" type="stmt"/>
        <line num="11" count="3" type="cond" truecount="0" falsecount="1"/>
        <line num="12" count="0" type="stmt"/>
        <line num="14" count="3" type="stmt"/>
      </file>
      <file name="g2.ts" path="/app/core/domain/node-config/g2.ts">
        <metrics statements="13" coveredstatements="12" conditionals="1" coveredconditionals="0" methods="2" coveredmethods="2"/>
        <line num="1" count="2" type="stmt"/>
        <line num="2" count="2" type="stmt"/>
        <line num="5" count="2" type="stmt"/>
        <line num="7" count="2" type="stmt"/>
        <line num="8" count="2" type="stmt"/>
        <line num="9" count="2" type="stmt"/>
        <line num="10" count="2" type="stmt"/>
        <line num="31" count="3" type="stmt"/>
        <line num="33" count="2" type="stmt"/>
        <line num="34" count="3" type="cond" truecount="0" falsecount="1"/>
        <line num="35" count="0" type="stmt"/>
        <line num="37" count="3" type="stmt"/>
        <line num="38" count="3" type="stmt"/>
      </file>
      <file name="g5.ts" path="/app/core/domain/node-config/g5.ts">
        <metrics statements="13" coveredstatements="12" conditionals="1" coveredconditionals="0" methods="2" coveredmethods="2"/>
        <line num="1" count="2" type="stmt"/>
        <line num="3" count="2" type="stmt"/>
        <line num="9" count="2" type="stmt"/>
        <line num="11" count="2" type="stmt"/>
        <line num="12" count="2" type="stmt"/>
        <line num="13" count="2" type="stmt"/>
        <line num="14" count="2" type="stmt"/>
        <line num="34" count="3" type="stmt"/>
        <line num="36" count="2" type="stmt"/>
        <line num="37" count="3" type="cond" truecount="0" falsecount="1"/>
        <line num="38" count="0" type="stmt"/>
        <line num="40" count="3" type="stmt"/>
        <line num="41" count="3" type="stmt"/>
      </file>
      <file name="index.ts" path="/app/core/domain/node-config/index.ts">
        <metrics statements="49" coveredstatements="47" conditionals="4" coveredconditionals="1" methods="4" coveredmethods="4"/>
        <line num="1" count="2" type="stmt"/>
        <line num="3" count="2" type="stmt"/>
        <line num="4" count="2" type="stmt"/>
        <line num="5" count="2" type="stmt"/>
        <line num="7" count="2" type="stmt"/>
        <line num="8" count="2" type="stmt"/>
        <line num="10" count="2" type="stmt"/>
        <line num="11" count="2" type="stmt"/>
        <line num="12" count="2" type="stmt"/>
        <line num="13" count="2" type="stmt"/>
        <line num="14" count="2" type="stmt"/>
        <line num="15" count="2" type="stmt"/>
        <line num="16" count="2" type="stmt"/>
        <line num="17" count="2" type="stmt"/>
        <line num="18" count="2" type="stmt"/>
        <line num="19" count="2" type="stmt"/>
        <line num="20" count="2" type="stmt"/>
        <line num="21" count="2" type="stmt"/>
        <line num="22" count="2" type="stmt"/>
        <line num="23" count="2" type="stmt"/>
        <line num="24" count="2" type="stmt"/>
        <line num="25" count="2" type="stmt"/>
        <line num="26" count="2" type="stmt"/>
        <line num="27" count="2" type="stmt"/>
        <line num="28" count="2" type="stmt"/>
        <line num="29" count="2" type="stmt"/>
        <line num="30" count="2" type="stmt"/>
        <line num="31" count="2" type="stmt"/>
        <line num="32" count="2" type="stmt"/>
        <line num="33" count="2" type="stmt"/>
        <line num="34" count="2" type="stmt"/>
        <line num="35" count="2" type="stmt"/>
        <line num="36" count="2" type="stmt"/>
        <line num="37" count="2" type="stmt"/>
        <line num="38" count="2" type="stmt"/>
        <line num="39" count="2" type="stmt"/>
        <line num="41" count="2" type="stmt"/>
        <line num="43" count="2" type="stmt"/>
        <line num="64" count="2" type="stmt"/>
        <line num="65" count="4" type="stmt"/>
        <line num="66" count="4" type="stmt"/>
        <line num="76" count="2" type="stmt"/>
        <line num="80" count="1" type="cond" truecount="1" falsecount="2"/>
        <line num="81" count="0" type="stmt"/>
        <line num="83" count="1" type="stmt"/>
        <line num="85" count="539" type="cond" truecount="0" falsecount="1"/>
        <line num="86" count="0" type="stmt"/>
        <line num="91" count="2" type="stmt"/>
        <line num="92" count="3" type="stmt"/>
      </file>
      <file name="mac-address-filtering.ts" path="/app/core/domain/node-config/mac-address-filtering.ts">
        <metrics statements="6" coveredstatements="5" conditionals="4" coveredconditionals="0" methods="3" coveredmethods="2"/>
        <line num="7" count="2" type="stmt"/>
        <line num="9" count="48" type="stmt"/>
        <line num="11" count="2" type="stmt"/>
        <line num="12" count="48" type="stmt"/>
        <line num="17" count="2" type="stmt"/>
        <line num="18" count="0" type="stmt"/>
      </file>
      <file name="network.ts" path="/app/core/domain/node-config/network.ts">
        <metrics statements="7" coveredstatements="4" conditionals="1" coveredconditionals="0" methods="2" coveredmethods="0"/>
        <line num="1" count="2" type="stmt"/>
        <line num="2" count="2" type="stmt"/>
        <line num="4" count="2" type="stmt"/>
        <line num="6" count="2" type="stmt"/>
        <line num="7" count="0" type="cond" truecount="0" falsecount="1"/>
        <line num="8" count="0" type="stmt"/>
        <line num="10" count="0" type="stmt"/>
      </file>
      <file name="pppoe.ts" path="/app/core/domain/node-config/pppoe.ts">
        <metrics statements="3" coveredstatements="2" conditionals="0" coveredconditionals="0" methods="2" coveredmethods="0"/>
        <line num="12" count="2" type="stmt"/>
        <line num="17" count="2" type="stmt"/>
        <line num="18" count="0" type="stmt"/>
      </file>
      <file name="radius.ts" path="/app/core/domain/node-config/radius.ts">
        <metrics statements="8" coveredstatements="7" conditionals="18" coveredconditionals="0" methods="3" coveredmethods="2"/>
        <line num="1" count="2" type="stmt"/>
        <line num="2" count="2" type="stmt"/>
        <line num="4" count="2" type="stmt"/>
        <line num="25" count="51" type="stmt"/>
        <line num="27" count="2" type="stmt"/>
        <line num="28" count="51" type="stmt"/>
        <line num="42" count="2" type="stmt"/>
        <line num="43" count="0" type="stmt"/>
      </file>
      <file name="regular-reroute.ts" path="/app/core/domain/node-config/regular-reroute.ts">
        <metrics statements="8" coveredstatements="6" conditionals="6" coveredconditionals="6" methods="3" coveredmethods="2"/>
        <line num="1" count="2" type="stmt"/>
        <line num="17" count="2" type="stmt"/>
        <line num="21" count="3" type="stmt"/>
        <line num="23" count="2" type="stmt"/>
        <line num="24" count="0" type="stmt"/>
        <line num="27" count="0" type="stmt"/>
        <line num="34" count="2" type="stmt"/>
        <line num="35" count="3" type="stmt"/>
      </file>
      <file name="roaming.ts" path="/app/core/domain/node-config/roaming.ts">
        <metrics statements="11" coveredstatements="5" conditionals="1" coveredconditionals="0" methods="3" coveredmethods="2"/>
        <line num="1" count="2" type="stmt"/>
        <line num="12" count="3" type="stmt"/>
        <line num="13" count="2" type="stmt"/>
        <line num="14" count="3" type="stmt"/>
        <line num="19" count="2" type="stmt"/>
        <line num="20" count="0" type="stmt"/>
        <line num="21" count="0" type="stmt"/>
        <line num="22" count="0" type="stmt"/>
        <line num="23" count="0" type="cond" truecount="0" falsecount="1"/>
        <line num="24" count="0" type="stmt"/>
        <line num="30" count="0" type="stmt"/>
      </file>
      <file name="route-heal.ts" path="/app/core/domain/node-config/route-heal.ts">
        <metrics statements="6" coveredstatements="5" conditionals="6" coveredconditionals="6" methods="3" coveredmethods="2"/>
        <line num="7" count="2" type="stmt"/>
        <line num="11" count="3" type="stmt"/>
        <line num="13" count="2" type="stmt"/>
        <line num="14" count="0" type="stmt"/>
        <line num="21" count="2" type="stmt"/>
        <line num="22" count="3" type="stmt"/>
      </file>
      <file name="router-lan.ts" path="/app/core/domain/node-config/router-lan.ts">
        <metrics statements="5" coveredstatements="4" conditionals="0" coveredconditionals="0" methods="2" coveredmethods="0"/>
        <line num="1" count="2" type="stmt"/>
        <line num="3" count="2" type="stmt"/>
        <line num="9" count="2" type="stmt"/>
        <line num="10" count="2" type="stmt"/>
        <line num="11" count="0" type="stmt"/>
      </file>
      <file name="router-wan.ts" path="/app/core/domain/node-config/router-wan.ts">
        <metrics statements="7" coveredstatements="4" conditionals="1" coveredconditionals="0" methods="2" coveredmethods="0"/>
        <line num="1" count="2" type="stmt"/>
        <line num="2" count="2" type="stmt"/>
        <line num="5" count="2" type="stmt"/>
        <line num="6" count="2" type="stmt"/>
        <line num="7" count="0" type="cond" truecount="0" falsecount="1"/>
        <line num="8" count="0" type="stmt"/>
        <line num="10" count="0" type="stmt"/>
      </file>
      <file name="router.ts" path="/app/core/domain/node-config/router.ts">
        <metrics statements="6" coveredstatements="5" conditionals="0" coveredconditionals="0" methods="2" coveredmethods="0"/>
        <line num="1" count="2" type="stmt"/>
        <line num="2" count="2" type="stmt"/>
        <line num="4" count="2" type="stmt"/>
        <line num="17" count="2" type="stmt"/>
        <line num="22" count="2" type="stmt"/>
        <line num="23" count="0" type="stmt"/>
      </file>
      <file name="ssid-radius.ts" path="/app/core/domain/node-config/ssid-radius.ts">
        <metrics statements="6" coveredstatements="5" conditionals="0" coveredconditionals="0" methods="3" coveredmethods="2"/>
        <line num="1" count="2" type="stmt"/>
        <line num="7" count="48" type="stmt"/>
        <line num="9" count="2" type="stmt"/>
        <line num="10" count="48" type="stmt"/>
        <line num="16" count="2" type="stmt"/>
        <line num="17" count="0" type="stmt"/>
      </file>
      <file name="ssid.ts" path="/app/core/domain/node-config/ssid.ts">
        <metrics statements="12" coveredstatements="11" conditionals="8" coveredconditionals="8" methods="3" coveredmethods="2"/>
        <line num="1" count="2" type="stmt"/>
        <line num="2" count="2" type="stmt"/>
        <line num="3" count="2" type="stmt"/>
        <line num="4" count="2" type="stmt"/>
        <line num="5" count="2" type="stmt"/>
        <line num="6" count="2" type="stmt"/>
        <line num="7" count="2" type="stmt"/>
        <line num="34" count="48" type="stmt"/>
        <line num="36" count="2" type="stmt"/>
        <line num="37" count="0" type="stmt"/>
        <line num="51" count="2" type="stmt"/>
        <line num="54" count="48" type="stmt"/>
      </file>
      <file name="ssids.ts" path="/app/core/domain/node-config/ssids.ts">
        <metrics statements="4" coveredstatements="3" conditionals="0" coveredconditionals="0" methods="2" coveredmethods="1"/>
        <line num="1" count="2" type="stmt"/>
        <line num="5" count="6" type="stmt"/>
        <line num="7" count="2" type="stmt"/>
        <line num="8" count="0" type="stmt"/>
      </file>
      <file name="system-account.ts" path="/app/core/domain/node-config/system-account.ts">
        <metrics statements="5" coveredstatements="4" conditionals="0" coveredconditionals="0" methods="3" coveredmethods="2"/>
        <line num="7" count="3" type="stmt"/>
        <line num="9" count="2" type="stmt"/>
        <line num="10" count="0" type="stmt"/>
        <line num="17" count="2" type="stmt"/>
        <line num="18" count="3" type="stmt"/>
      </file>
      <file name="system-time.ts" path="/app/core/domain/node-config/system-time.ts">
        <metrics statements="5" coveredstatements="4" conditionals="2" coveredconditionals="1" methods="3" coveredmethods="2"/>
        <line num="8" count="3" type="stmt"/>
        <line num="10" count="2" type="stmt"/>
        <line num="11" count="0" type="stmt"/>
        <line num="18" count="2" type="stmt"/>
        <line num="19" count="3" type="stmt"/>
      </file>
      <file name="system.ts" path="/app/core/domain/node-config/system.ts">
        <metrics statements="7" coveredstatements="6" conditionals="0" coveredconditionals="0" methods="3" coveredmethods="2"/>
        <line num="1" count="2" type="stmt"/>
        <line num="2" count="2" type="stmt"/>
        <line num="9" count="3" type="stmt"/>
        <line num="11" count="2" type="stmt"/>
        <line num="12" count="0" type="stmt"/>
        <line num="18" count="2" type="stmt"/>
        <line num="19" count="3" type="stmt"/>
      </file>
      <file name="vlan.ts" path="/app/core/domain/node-config/vlan.ts">
        <metrics statements="9" coveredstatements="8" conditionals="6" coveredconditionals="4" methods="3" coveredmethods="2"/>
        <line num="1" count="2" type="stmt"/>
        <line num="11" count="2" type="stmt"/>
        <line num="12" count="48" type="stmt"/>
        <line num="13" count="48" type="cond" truecount="2" falsecount="0"/>
        <line num="14" count="48" type="cond" truecount="2" falsecount="0"/>
        <line num="15" count="48" type="stmt"/>
        <line num="22" count="48" type="stmt"/>
        <line num="23" count="2" type="stmt"/>
        <line num="24" count="0" type="stmt"/>
      </file>
    </package>
    <package name="domain.notification-config">
      <metrics statements="18" coveredstatements="16" conditionals="6" coveredconditionals="6" methods="4" coveredmethods="2"/>
      <file name="id.ts" path="/app/core/domain/notification-config/id.ts">
        <metrics statements="6" coveredstatements="5" conditionals="0" coveredconditionals="0" methods="2" coveredmethods="1"/>
        <line num="1" count="3" type="stmt"/>
        <line num="3" count="3" type="stmt"/>
        <line num="5" count="3" type="stmt"/>
        <line num="6" count="0" type="stmt"/>
        <line num="8" count="3" type="stmt"/>
        <line num="9" count="3" type="stmt"/>
      </file>
      <file name="index.ts" path="/app/core/domain/notification-config/index.ts">
        <metrics statements="12" coveredstatements="11" conditionals="6" coveredconditionals="6" methods="2" coveredmethods="1"/>
        <line num="1" count="3" type="stmt"/>
        <line num="2" count="3" type="stmt"/>
        <line num="4" count="3" type="stmt"/>
        <line num="5" count="3" type="stmt"/>
        <line num="15" count="3" type="stmt"/>
        <line num="23" count="4" type="stmt"/>
        <line num="24" count="4" type="cond" truecount="2" falsecount="0"/>
        <line num="25" count="4" type="cond" truecount="2" falsecount="0"/>
        <line num="26" count="4" type="cond" truecount="2" falsecount="0"/>
        <line num="27" count="4" type="stmt"/>
        <line num="36" count="3" type="stmt"/>
        <line num="37" count="0" type="stmt"/>
      </file>
    </package>
    <package name="domain.organization">
      <metrics statements="163" coveredstatements="144" conditionals="48" coveredconditionals="39" methods="34" coveredmethods="29"/>
      <file name="co-term-margin.ts" path="/app/core/domain/organization/co-term-margin.ts">
        <metrics statements="5" coveredstatements="5" conditionals="0" coveredconditionals="0" methods="2" coveredmethods="2"/>
        <line num="2" count="28" type="stmt"/>
        <line num="6" count="28" type="stmt"/>
        <line num="12" count="76" type="stmt"/>
        <line num="13" count="28" type="stmt"/>
        <line num="14" count="75" type="stmt"/>
      </file>
      <file name="co-term.ts" path="/app/core/domain/organization/co-term.ts">
        <metrics statements="12" coveredstatements="12" conditionals="3" coveredconditionals="3" methods="3" coveredmethods="3"/>
        <line num="1" count="28" type="stmt"/>
        <line num="9" count="28" type="stmt"/>
        <line num="10" count="2" type="cond" truecount="1" falsecount="0"/>
        <line num="11" count="1" type="stmt"/>
        <line num="16" count="1" type="stmt"/>
        <line num="19" count="28" type="stmt"/>
        <line num="21" count="28" type="stmt"/>
        <line num="22" count="78" type="cond" truecount="1" falsecount="0"/>
        <line num="23" count="42" type="stmt"/>
        <line num="25" count="36" type="cond" truecount="1" falsecount="0"/>
        <line num="26" count="18" type="stmt"/>
        <line num="28" count="18" type="stmt"/>
      </file>
      <file name="fuel-efficiency.ts" path="/app/core/domain/organization/fuel-efficiency.ts">
        <metrics statements="1" coveredstatements="1" conditionals="0" coveredconditionals="0" methods="0" coveredmethods="0"/>
        <line num="5" count="33" type="stmt"/>
      </file>
      <file name="fuel-tank.ts" path="/app/core/domain/organization/fuel-tank.ts">
        <metrics statements="12" coveredstatements="12" conditionals="8" coveredconditionals="8" methods="4" coveredmethods="4"/>
        <line num="1" count="28" type="stmt"/>
        <line num="9" count="28" type="stmt"/>
        <line num="14" count="78" type="cond" truecount="2" falsecount="0"/>
        <line num="15" count="78" type="cond" truecount="2" falsecount="0"/>
        <line num="16" count="78" type="cond" truecount="2" falsecount="0"/>
        <line num="17" count="78" type="stmt"/>
        <line num="24" count="36" type="stmt"/>
        <line num="26" count="28" type="stmt"/>
        <line num="27" count="7" type="stmt"/>
        <line num="34" count="28" type="stmt"/>
        <line num="41" count="11" type="stmt"/>
        <line num="42" count="11" type="stmt"/>
      </file>
      <file name="id.ts" path="/app/core/domain/organization/id.ts">
        <metrics statements="6" coveredstatements="5" conditionals="0" coveredconditionals="0" methods="2" coveredmethods="1"/>
        <line num="1" count="59" type="stmt"/>
        <line num="5" count="59" type="stmt"/>
        <line num="7" count="59" type="stmt"/>
        <line num="8" count="0" type="stmt"/>
        <line num="11" count="59" type="stmt"/>
        <line num="12" count="205" type="stmt"/>
      </file>
      <file name="index.ts" path="/app/core/domain/organization/index.ts">
        <metrics statements="93" coveredstatements="78" conditionals="32" coveredconditionals="24" methods="14" coveredmethods="11"/>
        <line num="1" count="27" type="stmt"/>
        <line num="2" count="27" type="stmt"/>
        <line num="3" count="27" type="stmt"/>
        <line num="4" count="27" type="stmt"/>
        <line num="5" count="27" type="stmt"/>
        <line num="6" count="27" type="stmt"/>
        <line num="7" count="27" type="stmt"/>
        <line num="8" count="27" type="stmt"/>
        <line num="9" count="27" type="stmt"/>
        <line num="10" count="27" type="stmt"/>
        <line num="11" count="27" type="stmt"/>
        <line num="12" count="27" type="stmt"/>
        <line num="13" count="27" type="stmt"/>
        <line num="14" count="27" type="stmt"/>
        <line num="15" count="27" type="stmt"/>
        <line num="22" count="27" type="stmt"/>
        <line num="23" count="27" type="stmt"/>
        <line num="24" count="27" type="stmt"/>
        <line num="25" count="27" type="stmt"/>
        <line num="28" count="27" type="stmt"/>
        <line num="29" count="27" type="stmt"/>
        <line num="30" count="27" type="stmt"/>
        <line num="31" count="27" type="stmt"/>
        <line num="32" count="27" type="stmt"/>
        <line num="33" count="27" type="stmt"/>
        <line num="34" count="27" type="stmt"/>
        <line num="57" count="27" type="stmt"/>
        <line num="75" count="75" type="cond" truecount="2" falsecount="0"/>
        <line num="76" count="75" type="stmt"/>
        <line num="77" count="75" type="cond" truecount="2" falsecount="0"/>
        <line num="78" count="75" type="stmt"/>
        <line num="79" count="75" type="stmt"/>
        <line num="80" count="75" type="stmt"/>
        <line num="81" count="75" type="stmt"/>
        <line num="82" count="75" type="stmt"/>
        <line num="83" count="8" type="stmt"/>
        <line num="85" count="75" type="cond" truecount="2" falsecount="0"/>
        <line num="86" count="75" type="stmt"/>
        <line num="87" count="75" type="cond" truecount="2" falsecount="0"/>
        <line num="88" count="75" type="stmt"/>
        <line num="89" count="75" type="stmt"/>
        <line num="90" count="75" type="cond" truecount="2" falsecount="0"/>
        <line num="91" count="75" type="cond" truecount="2" falsecount="0"/>
        <line num="92" count="75" type="cond" truecount="2" falsecount="0"/>
        <line num="95" count="75" type="cond" truecount="2" falsecount="0"/>
        <line num="97" count="75" type="cond" truecount="2" falsecount="0"/>
        <line num="99" count="75" type="stmt"/>
        <line num="121" count="27" type="stmt"/>
        <line num="122" count="9" type="stmt"/>
        <line num="129" count="27" type="stmt"/>
        <line num="133" count="9" type="cond" truecount="1" falsecount="0"/>
        <line num="134" count="2" type="stmt"/>
        <line num="139" count="7" type="cond" truecount="1" falsecount="0"/>
        <line num="140" count="2" type="stmt"/>
        <line num="141" count="2" type="stmt"/>
        <line num="143" count="4" type="stmt"/>
        <line num="146" count="2" type="cond" truecount="1" falsecount="0"/>
        <line num="147" count="1" type="stmt"/>
        <line num="151" count="1" type="stmt"/>
        <line num="157" count="5" type="cond" truecount="0" falsecount="1"/>
        <line num="158" count="0" type="stmt"/>
        <line num="162" count="5" type="stmt"/>
        <line num="168" count="27" type="stmt"/>
        <line num="172" count="2" type="cond" truecount="0" falsecount="1"/>
        <line num="174" count="2" type="stmt"/>
        <line num="175" count="3" type="stmt"/>
        <line num="176" count="4" type="stmt"/>
        <line num="181" count="27" type="stmt"/>
        <line num="182" count="4" type="cond" truecount="1" falsecount="0"/>
        <line num="183" count="3" type="stmt"/>
        <line num="186" count="27" type="stmt"/>
        <line num="187" count="0" type="stmt"/>
        <line num="188" count="0" type="cond" truecount="0" falsecount="1"/>
        <line num="189" count="0" type="stmt"/>
        <line num="190" count="0" type="stmt"/>
        <line num="194" count="0" type="cond" truecount="0" falsecount="1"/>
        <line num="195" count="0" type="stmt"/>
        <line num="200" count="0" type="stmt"/>
        <line num="203" count="27" type="stmt"/>
        <line num="204" count="0" type="stmt"/>
        <line num="205" count="0" type="cond" truecount="0" falsecount="1"/>
        <line num="206" count="0" type="stmt"/>
        <line num="210" count="0" type="cond" truecount="0" falsecount="1"/>
        <line num="211" count="0" type="stmt"/>
[...]
        <line num="88" count="1" type="cond" truecount="0" falsecount="1"/>
        <line num="89" count="1" type="stmt"/>
        <line num="91" count="1" type="stmt"/>
      </file>
      <file name="save-node-metrics.ts" path="/app/core/usecase/save-node-metrics.ts">
        <metrics statements="40" coveredstatements="38" conditionals="6" coveredconditionals="2" methods="10" coveredmethods="10"/>
        <line num="2" count="1" type="stmt"/>
        <line num="3" count="1" type="stmt"/>
        <line num="4" count="1" type="stmt"/>
        <line num="6" count="1" type="stmt"/>
        <line num="8" count="1" type="stmt"/>
        <line num="9" count="1" type="stmt"/>
        <line num="10" count="1" type="stmt"/>
        <line num="14" count="1" type="stmt"/>
        <line num="15" count="1" type="stmt"/>
        <line num="19" count="1" type="stmt"/>
        <line num="20" count="1" type="stmt"/>
        <line num="21" count="1" type="stmt"/>
        <line num="22" count="1" type="stmt"/>
        <line num="28" count="1" type="cond" truecount="0" falsecount="1"/>
        <line num="29" count="0" type="stmt"/>
        <line num="31" count="1" type="stmt"/>
        <line num="32" count="10" type="stmt"/>
        <line num="33" count="10" type="stmt"/>
        <line num="34" count="10" type="stmt"/>
        <line num="36" count="1" type="stmt"/>
        <line num="37" count="1" type="stmt"/>
        <line num="38" count="5" type="stmt"/>
        <line num="41" count="1" type="cond" truecount="1" falsecount="1"/>
        <line num="42" count="1" type="stmt"/>
        <line num="43" count="1" type="stmt"/>
        <line num="47" count="1" type="stmt"/>
        <line num="69" count="1" type="stmt"/>
        <line num="70" count="5" type="stmt"/>
        <line num="71" count="5" type="stmt"/>
        <line num="74" count="1" type="stmt"/>
        <line num="75" count="1" type="stmt"/>
        <line num="76" count="5" type="stmt"/>
        <line num="77" count="1" type="stmt"/>
        <line num="78" count="1" type="stmt"/>
        <line num="102" count="1" type="stmt"/>
        <line num="104" count="1" type="stmt"/>
        <line num="105" count="1" type="cond" truecount="0" falsecount="1"/>
        <line num="106" count="0" type="stmt"/>
        <line num="108" count="1" type="stmt"/>
        <line num="110" count="1" type="stmt"/>
      </file>
      <file name="save-raw-message.ts" path="/app/core/usecase/save-raw-message.ts">
        <metrics statements="4" coveredstatements="4" conditionals="0" coveredconditionals="0" methods="2" coveredmethods="2"/>
        <line num="7" count="1" type="stmt"/>
        <line num="10" count="2" type="stmt"/>
        <line num="11" count="2" type="stmt"/>
        <line num="14" count="2" type="stmt"/>
      </file>
      <file name="send-license.ts" path="/app/core/usecase/send-license.ts">
        <metrics statements="18" coveredstatements="18" conditionals="7" coveredconditionals="1" methods="3" coveredmethods="3"/>
        <line num="2" count="1" type="stmt"/>
        <line num="3" count="1" type="stmt"/>
        <line num="8" count="1" type="stmt"/>
        <line num="11" count="2" type="stmt"/>
        <line num="13" count="2" type="cond" truecount="1" falsecount="1"/>
        <line num="20" count="2" type="cond" truecount="0" falsecount="1"/>
        <line num="21" count="2" type="stmt"/>
        <line num="24" count="2" type="cond" truecount="0" falsecount="1"/>
        <line num="25" count="2" type="stmt"/>
        <line num="26" count="2" type="cond" truecount="0" falsecount="1"/>
        <line num="27" count="2" type="stmt"/>
        <line num="28" count="2" type="cond" truecount="0" falsecount="1"/>
        <line num="29" count="2" type="stmt"/>
        <line num="31" count="2" type="stmt"/>
        <line num="38" count="1" type="stmt"/>
        <line num="39" count="2" type="stmt"/>
        <line num="40" count="2" type="stmt"/>
        <line num="41" count="2" type="cond" truecount="0" falsecount="1"/>
      </file>
      <file name="setup-organization.ts" path="/app/core/usecase/setup-organization.ts">
        <metrics statements="44" coveredstatements="43" conditionals="13" coveredconditionals="7" methods="3" coveredmethods="3"/>
        <line num="1" count="1" type="stmt"/>
        <line num="2" count="1" type="stmt"/>
        <line num="3" count="1" type="stmt"/>
        <line num="4" count="1" type="stmt"/>
        <line num="5" count="1" type="stmt"/>
        <line num="12" count="1" type="stmt"/>
        <line num="22" count="1" type="stmt"/>
        <line num="24" count="1" type="stmt"/>
        <line num="31" count="8" type="stmt"/>
        <line num="32" count="8" type="stmt"/>
        <line num="33" count="8" type="stmt"/>
        <line num="34" count="8" type="stmt"/>
        <line num="38" count="8" type="cond" truecount="1" falsecount="0"/>
        <line num="39" count="7" type="stmt"/>
        <line num="41" count="7" type="stmt"/>
        <line num="44" count="7" type="cond" truecount="1" falsecount="0"/>
        <line num="46" count="6" type="stmt"/>
        <line num="50" count="6" type="cond" truecount="1" falsecount="0"/>
        <line num="51" count="5" type="cond" truecount="1" falsecount="0"/>
        <line num="52" count="1" type="stmt"/>
        <line num="57" count="4" type="stmt"/>
        <line num="61" count="4" type="cond" truecount="1" falsecount="0"/>
        <line num="62" count="3" type="cond" truecount="1" falsecount="0"/>
        <line num="63" count="1" type="stmt"/>
        <line num="68" count="2" type="stmt"/>
        <line num="72" count="2" type="cond" truecount="0" falsecount="1"/>
        <line num="73" count="2" type="stmt"/>
        <line num="74" count="2" type="cond" truecount="1" falsecount="0"/>
        <line num="76" count="1" type="stmt"/>
        <line num="77" count="1" type="cond" truecount="0" falsecount="1"/>
        <line num="78" count="1" type="stmt"/>
        <line num="79" count="1" type="stmt"/>
        <line num="80" count="1" type="stmt"/>
        <line num="81" count="1" type="cond" truecount="0" falsecount="1"/>
        <line num="82" count="0" type="stmt"/>
        <line num="86" count="1" type="stmt"/>
        <line num="94" count="1" type="stmt"/>
        <line num="101" count="1" type="cond" truecount="0" falsecount="1"/>
        <line num="104" count="1" type="stmt"/>
        <line num="105" count="1" type="cond" truecount="0" falsecount="1"/>
        <line num="107" count="1" type="stmt"/>
        <line num="111" count="1" type="cond" truecount="0" falsecount="1"/>
        <line num="113" count="1" type="stmt"/>
        <line num="119" count="8" type="stmt"/>
      </file>
      <file name="sync-node-statistics.ts" path="/app/core/usecase/sync-node-statistics.ts">
        <metrics statements="11" coveredstatements="11" conditionals="2" coveredconditionals="0" methods="2" coveredmethods="2"/>
        <line num="1" count="1" type="stmt"/>
        <line num="10" count="1" type="stmt"/>
        <line num="14" count="1" type="stmt"/>
        <line num="15" count="1" type="stmt"/>
        <line num="16" count="1" type="stmt"/>
        <line num="19" count="1" type="cond" truecount="0" falsecount="1"/>
        <line num="20" count="1" type="stmt"/>
        <line num="26" count="1" type="stmt"/>
        <line num="27" count="1" type="cond" truecount="0" falsecount="1"/>
        <line num="28" count="1" type="stmt"/>
        <line num="30" count="1" type="stmt"/>
      </file>
      <file name="sync-vendors.ts" path="/app/core/usecase/sync-vendors.ts">
        <metrics statements="28" coveredstatements="25" conditionals="5" coveredconditionals="2" methods="5" coveredmethods="5"/>
        <line num="6" count="1" type="stmt"/>
        <line num="8" count="1" type="stmt"/>
        <line num="14" count="1" type="stmt"/>
        <line num="15" count="4" type="stmt"/>
        <line num="16" count="9" type="stmt"/>
        <line num="19" count="1" type="stmt"/>
        <line num="24" count="1" type="stmt"/>
        <line num="25" count="1" type="cond" truecount="2" falsecount="0"/>
        <line num="26" count="1" type="stmt"/>
        <line num="27" count="1" type="stmt"/>
        <line num="28" count="1" type="stmt"/>
        <line num="29" count="1" type="cond" truecount="0" falsecount="1"/>
        <line num="30" count="0" type="stmt"/>
        <line num="32" count="1" type="stmt"/>
        <line num="33" count="1" type="stmt"/>
        <line num="34" count="1" type="stmt"/>
        <line num="35" count="1" type="stmt"/>
        <line num="36" count="1" type="stmt"/>
        <line num="38" count="1" type="cond" truecount="0" falsecount="1"/>
        <line num="39" count="0" type="stmt"/>
        <line num="42" count="1" type="stmt"/>
        <line num="43" count="1" type="stmt"/>
        <line num="46" count="1" type="cond" truecount="0" falsecount="1"/>
        <line num="47" count="0" type="stmt"/>
        <line num="49" count="1" type="stmt"/>
        <line num="50" count="1" type="stmt"/>
        <line num="52" count="1" type="stmt"/>
        <line num="53" count="1" type="stmt"/>
      </file>
      <file name="trigger-restart-nodes.ts" path="/app/core/usecase/trigger-restart-nodes.ts">
        <metrics statements="35" coveredstatements="20" conditionals="8" coveredconditionals="3" methods="5" coveredmethods="3"/>
        <line num="8" count="1" type="stmt"/>
        <line num="11" count="1" type="stmt"/>
        <line num="13" count="1" type="stmt"/>
        <line num="18" count="1" type="stmt"/>
        <line num="23" count="0" type="stmt"/>
        <line num="24" count="0" type="stmt"/>
        <line num="25" count="0" type="stmt"/>
        <line num="28" count="0" type="cond" truecount="0" falsecount="1"/>
        <line num="29" count="0" type="stmt"/>
        <line num="32" count="0" type="stmt"/>
        <line num="36" count="0" type="cond" truecount="0" falsecount="1"/>
        <line num="37" count="0" type="stmt"/>
        <line num="40" count="0" type="stmt"/>
        <line num="44" count="0" type="cond" truecount="0" falsecount="1"/>
        <line num="45" count="0" type="stmt"/>
        <line num="48" count="0" type="stmt"/>
        <line num="60" count="0" type="stmt"/>
        <line num="67" count="1" type="stmt"/>
        <line num="68" count="3" type="stmt"/>
        <line num="69" count="3" type="stmt"/>
        <line num="70" count="3" type="stmt"/>
        <line num="71" count="6" type="cond" truecount="1" falsecount="0"/>
        <line num="72" count="4" type="stmt"/>
        <line num="75" count="3" type="stmt"/>
        <line num="76" count="3" type="stmt"/>
        <line num="77" count="3" type="stmt"/>
        <line num="78" count="3" type="cond" truecount="0" falsecount="1"/>
        <line num="79" count="0" type="stmt"/>
        <line num="81" count="3" type="cond" truecount="1" falsecount="0"/>
        <line num="82" count="3" type="stmt"/>
        <line num="85" count="3" type="cond" truecount="1" falsecount="0"/>
        <line num="86" count="1" type="stmt"/>
        <line num="92" count="2" type="stmt"/>
        <line num="93" count="2" type="cond" truecount="0" falsecount="1"/>
        <line num="94" count="0" type="stmt"/>
      </file>
      <file name="update-map-tag.ts" path="/app/core/usecase/update-map-tag.ts">
        <metrics statements="4" coveredstatements="4" conditionals="0" coveredconditionals="0" methods="2" coveredmethods="2"/>
        <line num="7" count="1" type="stmt"/>
        <line num="10" count="2" type="stmt"/>
        <line num="11" count="2" type="stmt"/>
        <line num="18" count="2" type="stmt"/>
      </file>
      <file name="update-node-config.ts" path="/app/core/usecase/update-node-config.ts">
        <metrics statements="19" coveredstatements="14" conditionals="4" coveredconditionals="1" methods="3" coveredmethods="2"/>
        <line num="1" count="1" type="stmt"/>
        <line num="4" count="1" type="stmt"/>
        <line num="6" count="1" type="stmt"/>
        <line num="7" count="1" type="stmt"/>
        <line num="11" count="1" type="stmt"/>
        <line num="15" count="2" type="stmt"/>
        <line num="16" count="2" type="stmt"/>
        <line num="20" count="2" type="cond" truecount="1" falsecount="0"/>
        <line num="21" count="1" type="stmt"/>
        <line num="22" count="1" type="stmt"/>
        <line num="23" count="1" type="cond" truecount="0" falsecount="1"/>
        <line num="24" count="1" type="stmt"/>
        <line num="26" count="2" type="stmt"/>
        <line num="33" count="1" type="stmt"/>
        <line num="34" count="0" type="stmt"/>
        <line num="35" count="0" type="cond" truecount="0" falsecount="1"/>
        <line num="36" count="0" type="stmt"/>
        <line num="41" count="0" type="cond" truecount="0" falsecount="1"/>
        <line num="42" count="0" type="stmt"/>
      </file>
      <file name="update-notification-config.ts" path="/app/core/usecase/update-notification-config.ts">
        <metrics statements="13" coveredstatements="11" conditionals="2" coveredconditionals="0" methods="2" coveredmethods="2"/>
        <line num="2" count="1" type="stmt"/>
        <line num="4" count="1" type="stmt"/>
        <line num="10" count="1" type="stmt"/>
        <line num="16" count="1" type="stmt"/>
        <line num="17" count="1" type="stmt"/>
        <line num="20" count="1" type="cond" truecount="0" falsecount="1"/>
        <line num="21" count="0" type="stmt"/>
        <line num="23" count="1" type="stmt"/>
        <line num="29" count="1" type="stmt"/>
        <line num="30" count="1" type="cond" truecount="0" falsecount="1"/>
        <line num="31" count="0" type="stmt"/>
        <line num="33" count="1" type="stmt"/>
        <line num="35" count="1" type="stmt"/>
      </file>
      <file name="update-organization.ts" path="/app/core/usecase/update-organization.ts">
        <metrics statements="15" coveredstatements="14" conditionals="4" coveredconditionals="0" methods="2" coveredmethods="2"/>
        <line num="3" count="1" type="stmt"/>
        <line num="5" count="1" type="stmt"/>
        <line num="11" count="1" type="stmt"/>
        <line num="15" count="1" type="stmt"/>
        <line num="16" count="1" type="stmt"/>
        <line num="19" count="1" type="cond" truecount="0" falsecount="1"/>
        <line num="20" count="1" type="stmt"/>
        <line num="27" count="1" type="stmt"/>
        <line num="31" count="1" type="cond" truecount="0" falsecount="1"/>
        <line num="32" count="1" type="cond" truecount="0" falsecount="1"/>
        <line num="33" count="0" type="stmt"/>
        <line num="38" count="1" type="stmt"/>
        <line num="39" count="1" type="cond" truecount="0" falsecount="1"/>
        <line num="40" count="1" type="stmt"/>
        <line num="42" count="1" type="stmt"/>
      </file>
      <file name="update-site.ts" path="/app/core/usecase/update-site.ts">
        <metrics statements="12" coveredstatements="12" conditionals="3" coveredconditionals="1" methods="2" coveredmethods="2"/>
        <line num="4" count="1" type="stmt"/>
        <line num="8" count="1" type="stmt"/>
        <line num="11" count="2" type="stmt"/>
        <line num="12" count="2" type="stmt"/>
        <line num="16" count="2" type="cond" truecount="1" falsecount="0"/>
        <line num="17" count="1" type="stmt"/>
        <line num="20" count="1" type="stmt"/>
        <line num="24" count="1" type="cond" truecount="0" falsecount="1"/>
        <line num="25" count="1" type="stmt"/>
        <line num="26" count="1" type="cond" truecount="0" falsecount="1"/>
        <line num="27" count="1" type="stmt"/>
        <line num="29" count="2" type="stmt"/>
      </file>
      <file name="update-tag.ts" path="/app/core/usecase/update-tag.ts">
        <metrics statements="12" coveredstatements="12" conditionals="3" coveredconditionals="1" methods="2" coveredmethods="2"/>
        <line num="4" count="1" type="stmt"/>
        <line num="8" count="1" type="stmt"/>
        <line num="11" count="2" type="stmt"/>
        <line num="12" count="2" type="stmt"/>
        <line num="13" count="2" type="cond" truecount="1" falsecount="0"/>
        <line num="14" count="1" type="stmt"/>
        <line num="17" count="1" type="stmt"/>
        <line num="22" count="1" type="cond" truecount="0" falsecount="1"/>
        <line num="23" count="1" type="stmt"/>
        <line num="24" count="1" type="cond" truecount="0" falsecount="1"/>
        <line num="25" count="1" type="stmt"/>
        <line num="27" count="2" type="stmt"/>
      </file>
      <file name="update-user.ts" path="/app/core/usecase/update-user.ts">
        <metrics statements="12" coveredstatements="12" conditionals="5" coveredconditionals="3" methods="2" coveredmethods="2"/>
        <line num="1" count="1" type="stmt"/>
        <line num="2" count="1" type="stmt"/>
        <line num="9" count="1" type="stmt"/>
        <line num="12" count="3" type="stmt"/>
        <line num="19" count="3" type="stmt"/>
        <line num="23" count="3" type="cond" truecount="1" falsecount="0"/>
        <line num="24" count="2" type="stmt"/>
        <line num="31" count="2" type="cond" truecount="0" falsecount="1"/>
        <line num="33" count="2" type="stmt"/>
        <line num="34" count="2" type="cond" truecount="0" falsecount="1"/>
        <line num="36" count="2" type="stmt"/>
        <line num="38" count="3" type="stmt"/>
      </file>
      <file name="use-license.ts" path="/app/core/usecase/use-license.ts">
        <metrics statements="39" coveredstatements="38" conditionals="15" coveredconditionals="11" methods="4" coveredmethods="4"/>
        <line num="1" count="2" type="stmt"/>
        <line num="2" count="2" type="stmt"/>
        <line num="3" count="2" type="stmt"/>
        <line num="4" count="2" type="stmt"/>
        <line num="5" count="2" type="stmt"/>
        <line num="6" count="2" type="stmt"/>
        <line num="14" count="2" type="stmt"/>
        <line num="19" count="8" type="stmt"/>
        <line num="21" count="8" type="cond" truecount="2" falsecount="0"/>
        <line num="27" count="8" type="cond" truecount="1" falsecount="0"/>
        <line num="30" count="7" type="cond" truecount="2" falsecount="0"/>
        <line num="35" count="7" type="cond" truecount="1" falsecount="0"/>
        <line num="37" count="6" type="stmt"/>
        <line num="40" count="6" type="cond" truecount="1" falsecount="0"/>
        <line num="42" count="5" type="stmt"/>
        <line num="46" count="5" type="cond" truecount="0" falsecount="1"/>
        <line num="48" count="5" type="stmt"/>
        <line num="49" count="5" type="cond" truecount="0" falsecount="1"/>
        <line num="51" count="5" type="stmt"/>
        <line num="52" count="5" type="stmt"/>
        <line num="60" count="5" type="stmt"/>
        <line num="61" count="5" type="cond" truecount="1" falsecount="0"/>
        <line num="63" count="4" type="stmt"/>
        <line num="64" count="4" type="cond" truecount="1" falsecount="0"/>
        <line num="65" count="3" type="stmt"/>
        <line num="70" count="3" type="stmt"/>
        <line num="71" count="3" type="cond" truecount="1" falsecount="0"/>
        <line num="72" count="2" type="stmt"/>
        <line num="78" count="8" type="stmt"/>
        <line num="85" count="2" type="stmt"/>
        <line num="86" count="6" type="stmt"/>
        <line num="87" count="6" type="stmt"/>
        <line num="88" count="6" type="cond" truecount="1" falsecount="0"/>
        <line num="91" count="2" type="stmt"/>
        <line num="95" count="5" type="stmt"/>
        <line num="96" count="5" type="cond" truecount="0" falsecount="1"/>
        <line num="97" count="0" type="stmt"/>
        <line num="102" count="5" type="stmt"/>
        <line num="103" count="5" type="cond" truecount="0" falsecount="1"/>
      </file>
    </package>
  </project>
</coverage>
