{"/app/core/domain/alert-email.ts": {"path":"/app/core/domain/alert-email.ts","statementMap":{"0":{"start":{"line":11,"column":26},"end":{"line":54,"column":1}},"1":{"start":{"line":17,"column":57},"end":{"line":17,"column":62}},"2":{"start":{"line":19,"column":27},"end":{"line":32,"column":15}},"3":{"start":{"line":21,"column":23},"end":{"line":22,"column":null}},"4":{"start":{"line":22,"column":17},"end":{"line":22,"column":53}},"5":{"start":{"line":24,"column":6},"end":{"line":30,"column":19}},"6":{"start":{"line":34,"column":18},"end":{"line":34,"column":97}},"7":{"start":{"line":35,"column":15},"end":{"line":48,"column":14}},"8":{"start":{"line":50,"column":2},"end":{"line":53,"column":4}},"9":{"start":{"line":11,"column":13},"end":{"line":11,"column":26}}},"fnMap":{"0":{"name":"(anonymous_0)","decl":{"start":{"line":11,"column":26},"end":{"line":11,"column":27}},"loc":{"start":{"line":16,"column":17},"end":{"line":54,"column":1}}},"1":{"name":"(anonymous_1)","decl":{"start":{"line":20,"column":9},"end":{"line":20,"column":10}},"loc":{"start":{"line":20,"column":18},"end":{"line":31,"column":5}}},"2":{"name":"(anonymous_2)","decl":{"start":{"line":22,"column":8},"end":{"line":22,"column":9}},"loc":{"start":{"line":22,"column":17},"end":{"line":22,"column":53}}}},"branchMap":{"0":{"loc":{"start":{"line":26,"column":16},"end":{"line":26,"column":36}},"type":"binary-expr","locations":[{"start":{"line":26,"column":16},"end":{"line":26,"column":30}},{"start":{"line":26,"column":34},"end":{"line":26,"column":36}}]},"1":{"loc":{"start":{"line":28,"column":17},"end":{"line":28,"column":54}},"type":"binary-expr","locations":[{"start":{"line":28,"column":17},"end":{"line":28,"column":48}},{"start":{"line":28,"column":52},"end":{"line":28,"column":54}}]}},"s":{"0":1,"1":1,"2":1,"3":1,"4":1,"5":1,"6":1,"7":1,"8":1,"9":1},"f":{"0":1,"1":1,"2":1},"b":{"0":[1,0],"1":[1,0]}}
,"/app/core/domain/ap-client.ts": {"path":"/app/core/domain/ap-client.ts","statementMap":{"0":{"start":{"line":1,"column":0},"end":{"line":1,"column":43}},"1":{"start":{"line":2,"column":0},"end":{"line":2,"column":51}},"2":{"start":{"line":3,"column":0},"end":{"line":3,"column":44}},"3":{"start":{"line":4,"column":0},"end":{"line":4,"column":33}},"4":{"start":{"line":22,"column":26},"end":{"line":22,"column":66}},"5":{"start":{"line":22,"column":61},"end":{"line":22,"column":66}},"6":{"start":{"line":22,"column":13},"end":{"line":22,"column":26}},"7":{"start":{"line":23,"column":0},"end":{"line":43,"column":2}},"8":{"start":{"line":24,"column":2},"end":{"line":42,"column":5}},"9":{"start":{"line":50,"column":24},"end":{"line":50,"column":60}},"10":{"start":{"line":50,"column":55},"end":{"line":50,"column":60}},"11":{"start":{"line":50,"column":13},"end":{"line":50,"column":24}},"12":{"start":{"line":52,"column":0},"end":{"line":65,"column":2}},"13":{"start":{"line":53,"column":25},"end":{"line":53,"column":73}},"14":{"start":{"line":54,"column":2},"end":{"line":59,"column":3}},"15":{"start":{"line":55,"column":4},"end":{"line":58,"column":7}},"16":{"start":{"line":60,"column":2},"end":{"line":64,"column":5}},"17":{"start":{"line":66,"column":0},"end":{"line":68,"column":2}},"18":{"start":{"line":67,"column":2},"end":{"line":67,"column":23}},"19":{"start":{"line":70,"column":0},"end":{"line":87,"column":2}},"20":{"start":{"line":71,"column":18},"end":{"line":71,"column":61}},"21":{"start":{"line":71,"column":42},"end":{"line":71,"column":59}},"22":{"start":{"line":72,"column":18},"end":{"line":72,"column":61}},"23":{"start":{"line":72,"column":42},"end":{"line":72,"column":59}},"24":{"start":{"line":73,"column":18},"end":{"line":79,"column":null}},"25":{"start":{"line":74,"column":19},"end":{"line":74,"column":45}},"26":{"start":{"line":76,"column":6},"end":{"line":79,"column":8}},"27":{"start":{"line":82,"column":15},"end":{"line":85,"column":4}},"28":{"start":{"line":83,"column":19},"end":{"line":83,"column":72}},"29":{"start":{"line":84,"column":4},"end":{"line":84,"column":18}},"30":{"start":{"line":86,"column":2},"end":{"line":86,"column":31}},"31":{"start":{"line":89,"column":0},"end":{"line":133,"column":2}},"32":{"start":{"line":90,"column":25},"end":{"line":90,"column":40}},"33":{"start":{"line":91,"column":2},"end":{"line":93,"column":3}},"34":{"start":{"line":92,"column":4},"end":{"line":92,"column":16}},"35":{"start":{"line":94,"column":25},"end":{"line":94,"column":41}},"36":{"start":{"line":95,"column":2},"end":{"line":104,"column":3}},"37":{"start":{"line":96,"column":4},"end":{"line":103,"column":7}},"38":{"start":{"line":105,"column":2},"end":{"line":119,"column":3}},"39":{"start":{"line":111,"column":4},"end":{"line":118,"column":7}},"40":{"start":{"line":120,"column":18},"end":{"line":120,"column":72}},"41":{"start":{"line":121,"column":18},"end":{"line":121,"column":65}},"42":{"start":{"line":122,"column":23},"end":{"line":122,"column":40}},"43":{"start":{"line":123,"column":18},"end":{"line":123,"column":65}},"44":{"start":{"line":124,"column":23},"end":{"line":124,"column":40}},"45":{"start":{"line":125,"column":2},"end":{"line":132,"column":5}}},"fnMap":{"0":{"name":"(anonymous_0)","decl":{"start":{"line":22,"column":26},"end":{"line":22,"column":27}},"loc":{"start":{"line":22,"column":61},"end":{"line":22,"column":66}}},"1":{"name":"(anonymous_1)","decl":{"start":{"line":23,"column":20},"end":{"line":23,"column":23}},"loc":{"start":{"line":23,"column":25},"end":{"line":43,"column":1}}},"2":{"name":"(anonymous_2)","decl":{"start":{"line":50,"column":24},"end":{"line":50,"column":25}},"loc":{"start":{"line":50,"column":55},"end":{"line":50,"column":60}}},"3":{"name":"(anonymous_3)","decl":{"start":{"line":52,"column":18},"end":{"line":52,"column":19}},"loc":{"start":{"line":52,"column":48},"end":{"line":65,"column":1}}},"4":{"name":"(anonymous_4)","decl":{"start":{"line":66,"column":18},"end":{"line":66,"column":19}},"loc":{"start":{"line":66,"column":47},"end":{"line":68,"column":1}}},"5":{"name":"(anonymous_5)","decl":{"start":{"line":70,"column":22},"end":{"line":70,"column":23}},"loc":{"start":{"line":70,"column":61},"end":{"line":87,"column":1}}},"6":{"name":"(anonymous_6)","decl":{"start":{"line":71,"column":35},"end":{"line":71,"column":36}},"loc":{"start":{"line":71,"column":42},"end":{"line":71,"column":59}}},"7":{"name":"(anonymous_7)","decl":{"start":{"line":72,"column":35},"end":{"line":72,"column":36}},"loc":{"start":{"line":72,"column":42},"end":{"line":72,"column":59}}},"8":{"name":"(anonymous_8)","decl":{"start":{"line":74,"column":12},"end":{"line":74,"column":13}},"loc":{"start":{"line":74,"column":19},"end":{"line":74,"column":45}}},"9":{"name":"(anonymous_9)","decl":{"start":{"line":75,"column":9},"end":{"line":75,"column":10}},"loc":{"start":{"line":76,"column":6},"end":{"line":79,"column":8}}},"10":{"name":"(anonymous_10)","decl":{"start":{"line":82,"column":24},"end":{"line":82,"column":25}},"loc":{"start":{"line":82,"column":30},"end":{"line":85,"column":3}}},"11":{"name":"(anonymous_11)","decl":{"start":{"line":89,"column":26},"end":{"line":89,"column":27}},"loc":{"start":{"line":89,"column":73},"end":{"line":133,"column":1}}}},"branchMap":{"0":{"loc":{"start":{"line":26,"column":10},"end":{"line":26,"column":41}},"type":"cond-expr","locations":[{"start":{"line":26,"column":32},"end":{"line":26,"column":35}},{"start":{"line":26,"column":38},"end":{"line":26,"column":41}}]},"1":{"loc":{"start":{"line":32,"column":6},"end":{"line":32,"column":72}},"type":"cond-expr","locations":[{"start":{"line":32,"column":28},"end":{"line":32,"column":60}},{"start":{"line":32,"column":63},"end":{"line":32,"column":72}}]},"2":{"loc":{"start":{"line":34,"column":6},"end":{"line":34,"column":72}},"type":"cond-expr","locations":[{"start":{"line":34,"column":28},"end":{"line":34,"column":60}},{"start":{"line":34,"column":63},"end":{"line":34,"column":72}}]},"3":{"loc":{"start":{"line":53,"column":25},"end":{"line":53,"column":73}},"type":"binary-expr","locations":[{"start":{"line":53,"column":25},"end":{"line":53,"column":46}},{"start":{"line":53,"column":50},"end":{"line":53,"column":73}}]},"4":{"loc":{"start":{"line":54,"column":2},"end":{"line":59,"column":3}},"type":"if","locations":[{"start":{"line":54,"column":2},"end":{"line":59,"column":3}}]},"5":{"loc":{"start":{"line":91,"column":2},"end":{"line":93,"column":3}},"type":"if","locations":[{"start":{"line":91,"column":2},"end":{"line":93,"column":3}}]},"6":{"loc":{"start":{"line":95,"column":2},"end":{"line":104,"column":3}},"type":"if","locations":[{"start":{"line":95,"column":2},"end":{"line":104,"column":3}}]},"7":{"loc":{"start":{"line":105,"column":2},"end":{"line":119,"column":3}},"type":"if","locations":[{"start":{"line":105,"column":2},"end":{"line":119,"column":3}}]},"8":{"loc":{"start":{"line":106,"column":4},"end":{"line":109,"column":59}},"type":"binary-expr","locations":[{"start":{"line":106,"column":4},"end":{"line":106,"column":50}},{"start":{"line":107,"column":4},"end":{"line":107,"column":51}},{"start":{"line":108,"column":4},"end":{"line":108,"column":51}},{"start":{"line":109,"column":4},"end":{"line":109,"column":59}}]}},"s":{"0":1,"1":1,"2":1,"3":1,"4":1,"5":1,"6":1,"7":1,"8":1,"9":1,"10":42,"11":1,"12":1,"13":0,"14":0,"15":0,"16":0,"17":1,"18":0,"19":1,"20":5,"21":5,"22":5,"23":4,"24":5,"25":5,"26":1,"27":5,"28":4,"29":4,"30":5,"31":1,"32":11,"33":11,"34":4,"35":7,"36":7,"37":1,"38":6,"39":4,"40":2,"41":2,"42":2,"43":2,"44":2,"45":2},"f":{"0":1,"1":1,"2":42,"3":0,"4":0,"5":5,"6":5,"7":4,"8":5,"9":1,"10":4,"11":11},"b":{"0":[0,1],"1":[1,0],"2":[1,0],"3":[0,0],"4":[0],"5":[4],"6":[1],"7":[4],"8":[6,3,2,2]}}
,"/app/core/domain/async-paginate.ts": {"path":"/app/core/domain/async-paginate.ts","statementMap":{"0":{"start":{"line":1,"column":29},"end":{"line":35,"column":1}},"1":{"start":{"line":6,"column":20},"end":{"line":6,"column":42}},"2":{"start":{"line":7,"column":21},"end":{"line":7,"column":26}},"3":{"start":{"line":8,"column":2},"end":{"line":34,"column":4}},"4":{"start":{"line":9,"column":12},"end":{"line":9,"column":13}},"5":{"start":{"line":10,"column":18},"end":{"line":10,"column":22}},"6":{"start":{"line":12,"column":4},"end":{"line":33,"column":5}},"7":{"start":{"line":13,"column":19},"end":{"line":16,"column":8}},"8":{"start":{"line":17,"column":6},"end":{"line":20,"column":7}},"9":{"start":{"line":18,"column":8},"end":{"line":18,"column":19}},"10":{"start":{"line":19,"column":8},"end":{"line":19,"column":15}},"11":{"start":{"line":21,"column":6},"end":{"line":23,"column":7}},"12":{"start":{"line":22,"column":8},"end":{"line":22,"column":24}},"13":{"start":{"line":24,"column":6},"end":{"line":32,"column":7}},"14":{"start":{"line":25,"column":8},"end":{"line":25,"column":18}},"15":{"start":{"line":26,"column":8},"end":{"line":26,"column":12}},"16":{"start":{"line":27,"column":8},"end":{"line":30,"column":9}},"17":{"start":{"line":28,"column":10},"end":{"line":28,"column":26}},"18":{"start":{"line":29,"column":10},"end":{"line":29,"column":16}},"19":{"start":{"line":31,"column":8},"end":{"line":31,"column":29}},"20":{"start":{"line":1,"column":13},"end":{"line":1,"column":29}}},"fnMap":{"0":{"name":"(anonymous_0)","decl":{"start":{"line":1,"column":29},"end":{"line":1,"column":36}},"loc":{"start":{"line":5,"column":5},"end":{"line":35,"column":1}}},"1":{"name":"(anonymous_1)","decl":{"start":{"line":8,"column":9},"end":{"line":8,"column":14}},"loc":{"start":{"line":8,"column":51},"end":{"line":34,"column":3}}}},"branchMap":{"0":{"loc":{"start":{"line":6,"column":20},"end":{"line":6,"column":42}},"type":"binary-expr","locations":[{"start":{"line":6,"column":20},"end":{"line":6,"column":35}},{"start":{"line":6,"column":39},"end":{"line":6,"column":42}}]},"1":{"loc":{"start":{"line":17,"column":6},"end":{"line":20,"column":7}},"type":"if","locations":[{"start":{"line":17,"column":6},"end":{"line":20,"column":7}}]},"2":{"loc":{"start":{"line":21,"column":6},"end":{"line":23,"column":7}},"type":"if","locations":[{"start":{"line":21,"column":6},"end":{"line":23,"column":7}}]},"3":{"loc":{"start":{"line":27,"column":8},"end":{"line":30,"column":9}},"type":"if","locations":[{"start":{"line":27,"column":8},"end":{"line":30,"column":9}}]},"4":{"loc":{"start":{"line":27,"column":12},"end":{"line":27,"column":42}},"type":"binary-expr","locations":[{"start":{"line":27,"column":12},"end":{"line":27,"column":23}},{"start":{"line":27,"column":27},"end":{"line":27,"column":42}}]}},"s":{"0":2,"1":4,"2":4,"3":4,"4":4,"5":4,"6":4,"7":10,"8":10,"9":1,"10":1,"11":9,"12":2,"13":9,"14":13,"15":13,"16":13,"17":1,"18":1,"19":12,"20":2},"f":{"0":4,"1":4},"b":{"0":[4,1],"1":[1],"2":[2],"3":[1],"4":[13,3]}}
,"/app/core/domain/band-width.ts": {"path":"/app/core/domain/band-width.ts","statementMap":{"0":{"start":{"line":1,"column":0},"end":{"line":1,"column":32}},"1":{"start":{"line":2,"column":13},"end":{"line":2,"column":54}},"2":{"start":{"line":4,"column":25},"end":{"line":4,"column":63}},"3":{"start":{"line":4,"column":58},"end":{"line":4,"column":63}},"4":{"start":{"line":4,"column":13},"end":{"line":4,"column":25}},"5":{"start":{"line":5,"column":0},"end":{"line":5,"column":55}},"6":{"start":{"line":5,"column":25},"end":{"line":5,"column":54}}},"fnMap":{"0":{"name":"(anonymous_0)","decl":{"start":{"line":4,"column":25},"end":{"line":4,"column":26}},"loc":{"start":{"line":4,"column":58},"end":{"line":4,"column":63}}},"1":{"name":"(anonymous_1)","decl":{"start":{"line":5,"column":19},"end":{"line":5,"column":22}},"loc":{"start":{"line":5,"column":25},"end":{"line":5,"column":54}}}},"branchMap":{},"s":{"0":2,"1":2,"2":2,"3":0,"4":2,"5":2,"6":0},"f":{"0":0,"1":0},"b":{}}
,"/app/core/domain/channel.ts": {"path":"/app/core/domain/channel.ts","statementMap":{"0":{"start":{"line":1,"column":13},"end":{"line":3,"column":15}},"1":{"start":{"line":6,"column":23},"end":{"line":6,"column":67}},"2":{"start":{"line":6,"column":51},"end":{"line":6,"column":67}},"3":{"start":{"line":6,"column":13},"end":{"line":6,"column":23}},"4":{"start":{"line":7,"column":0},"end":{"line":9,"column":2}},"5":{"start":{"line":8,"column":2},"end":{"line":8,"column":49}}},"fnMap":{"0":{"name":"(anonymous_0)","decl":{"start":{"line":6,"column":23},"end":{"line":6,"column":24}},"loc":{"start":{"line":6,"column":51},"end":{"line":6,"column":67}}},"1":{"name":"(anonymous_1)","decl":{"start":{"line":7,"column":17},"end":{"line":7,"column":20}},"loc":{"start":{"line":7,"column":22},"end":{"line":9,"column":1}}}},"branchMap":{},"s":{"0":10,"1":10,"2":36,"3":10,"4":10,"5":30},"f":{"0":36,"1":30},"b":{}}
,"/app/core/domain/dbm.ts": {"path":"/app/core/domain/dbm.ts","statementMap":{"0":{"start":{"line":2,"column":19},"end":{"line":2,"column":55}},"1":{"start":{"line":2,"column":43},"end":{"line":2,"column":55}},"2":{"start":{"line":2,"column":13},"end":{"line":2,"column":19}},"3":{"start":{"line":3,"column":0},"end":{"line":3,"column":61}},"4":{"start":{"line":3,"column":24},"end":{"line":3,"column":60}}},"fnMap":{"0":{"name":"(anonymous_0)","decl":{"start":{"line":2,"column":19},"end":{"line":2,"column":20}},"loc":{"start":{"line":2,"column":43},"end":{"line":2,"column":55}}},"1":{"name":"(anonymous_1)","decl":{"start":{"line":3,"column":13},"end":{"line":3,"column":21}},"loc":{"start":{"line":3,"column":24},"end":{"line":3,"column":60}}}},"branchMap":{},"s":{"0":10,"1":13,"2":10,"3":10,"4":7},"f":{"0":13,"1":7},"b":{}}
,"/app/core/domain/device-name.ts": {"path":"/app/core/domain/device-name.ts","statementMap":{"0":{"start":{"line":1,"column":0},"end":{"line":1,"column":32}},"1":{"start":{"line":4,"column":26},"end":{"line":6,"column":1}},"2":{"start":{"line":5,"column":2},"end":{"line":5,"column":28}},"3":{"start":{"line":4,"column":13},"end":{"line":4,"column":26}},"4":{"start":{"line":8,"column":0},"end":{"line":8,"column":42}},"5":{"start":{"line":8,"column":27},"end":{"line":8,"column":41}},"6":{"start":{"line":9,"column":0},"end":{"line":9,"column":59}},"7":{"start":{"line":9,"column":26},"end":{"line":9,"column":58}}},"fnMap":{"0":{"name":"(anonymous_0)","decl":{"start":{"line":4,"column":26},"end":{"line":4,"column":27}},"loc":{"start":{"line":4,"column":43},"end":{"line":6,"column":1}}},"1":{"name":"(anonymous_1)","decl":{"start":{"line":8,"column":21},"end":{"line":8,"column":24}},"loc":{"start":{"line":8,"column":27},"end":{"line":8,"column":41}}},"2":{"name":"(anonymous_2)","decl":{"start":{"line":9,"column":20},"end":{"line":9,"column":23}},"loc":{"start":{"line":9,"column":26},"end":{"line":9,"column":58}}}},"branchMap":{},"s":{"0":1,"1":1,"2":1,"3":1,"4":1,"5":0,"6":1,"7":1},"f":{"0":1,"1":0,"2":1},"b":{}}
,"/app/core/domain/device.ts": {"path":"/app/core/domain/device.ts","statementMap":{"0":{"start":{"line":1,"column":0},"end":{"line":1,"column":43}},"1":{"start":{"line":2,"column":0},"end":{"line":2,"column":43}},"2":{"start":{"line":3,"column":0},"end":{"line":3,"column":51}},"3":{"start":{"line":10,"column":22},"end":{"line":23,"column":1}},"4":{"start":{"line":15,"column":41},"end":{"line":15,"column":46}},"5":{"start":{"line":16,"column":15},"end":{"line":16,"column":49}},"6":{"start":{"line":18,"column":2},"end":{"line":22,"column":4}},"7":{"start":{"line":10,"column":13},"end":{"line":10,"column":22}},"8":{"start":{"line":25,"column":0},"end":{"line":31,"column":5}},"9":{"start":{"line":26,"column":2},"end":{"line":31,"column":4}}},"fnMap":{"0":{"name":"(anonymous_0)","decl":{"start":{"line":10,"column":22},"end":{"line":10,"column":23}},"loc":{"start":{"line":14,"column":13},"end":{"line":23,"column":1}}},"1":{"name":"(anonymous_1)","decl":{"start":{"line":25,"column":16},"end":{"line":25,"column":17}},"loc":{"start":{"line":26,"column":2},"end":{"line":31,"column":4}}}},"branchMap":{"0":{"loc":{"start":{"line":16,"column":15},"end":{"line":16,"column":49}},"type":"binary-expr","locations":[{"start":{"line":16,"column":15},"end":{"line":16,"column":25}},{"start":{"line":16,"column":29},"end":{"line":16,"column":49}}]}},"s":{"0":1,"1":1,"2":1,"3":1,"4":1,"5":1,"6":1,"7":1,"8":1,"9":1},"f":{"0":1,"1":1},"b":{"0":[1,0]}}
,"/app/core/domain/error.ts": {"path":"/app/core/domain/error.ts","statementMap":{"0":{"start":{"line":1,"column":0},"end":{"line":1,"column":null}},"1":{"start":{"line":2,"column":2},"end":{"line":2,"column":null}},"2":{"start":{"line":3,"column":2},"end":{"line":3,"column":null}},"3":{"start":{"line":4,"column":2},"end":{"line":4,"column":null}},"4":{"start":{"line":5,"column":2},"end":{"line":5,"column":null}},"5":{"start":{"line":6,"column":2},"end":{"line":6,"column":null}},"6":{"start":{"line":7,"column":2},"end":{"line":7,"column":null}},"7":{"start":{"line":8,"column":2},"end":{"line":8,"column":null}},"8":{"start":{"line":9,"column":2},"end":{"line":9,"column":null}},"9":{"start":{"line":10,"column":2},"end":{"line":10,"column":null}},"10":{"start":{"line":11,"column":2},"end":{"line":11,"column":null}},"11":{"start":{"line":12,"column":2},"end":{"line":12,"column":null}},"12":{"start":{"line":13,"column":2},"end":{"line":13,"column":null}},"13":{"start":{"line":14,"column":2},"end":{"line":14,"column":null}},"14":{"start":{"line":17,"column":19},"end":{"line":33,"column":1}},"15":{"start":{"line":22,"column":34},"end":{"line":22,"column":37}},"16":{"start":{"line":23,"column":14},"end":{"line":23,"column":38}},"17":{"start":{"line":24,"column":2},"end":{"line":24,"column":18}},"18":{"start":{"line":25,"column":2},"end":{"line":27,"column":3}},"19":{"start":{"line":26,"column":4},"end":{"line":26,"column":35}},"20":{"start":{"line":29,"column":2},"end":{"line":31,"column":3}},"21":{"start":{"line":30,"column":4},"end":{"line":30,"column":39}},"22":{"start":{"line":32,"column":2},"end":{"line":32,"column":13}},"23":{"start":{"line":17,"column":13},"end":{"line":17,"column":19}},"24":{"start":{"line":34,"column":0},"end":{"line":34,"column":21}}},"fnMap":{"0":{"name":"(anonymous_0)","decl":{"start":{"line":1,"column":0},"end":{"line":1,"column":12}},"loc":{"start":{"line":1,"column":21},"end":{"line":15,"column":1}}},"1":{"name":"(anonymous_1)","decl":{"start":{"line":17,"column":19},"end":{"line":17,"column":20}},"loc":{"start":{"line":21,"column":12},"end":{"line":33,"column":1}}}},"branchMap":{"0":{"loc":{"start":{"line":1,"column":12},"end":{"line":1,"column":null}},"type":"binary-expr","locations":[{"start":{"line":1,"column":12},"end":{"line":1,"column":21}},{"start":{"line":1,"column":21},"end":{"line":1,"column":null}}]},"1":{"loc":{"start":{"line":23,"column":24},"end":{"line":23,"column":37}},"type":"binary-expr","locations":[{"start":{"line":23,"column":24},"end":{"line":23,"column":31}},{"start":{"line":23,"column":35},"end":{"line":23,"column":37}}]},"2":{"loc":{"start":{"line":25,"column":2},"end":{"line":27,"column":3}},"type":"if","locations":[{"start":{"line":25,"column":2},"end":{"line":27,"column":3}}]},"3":{"loc":{"start":{"line":29,"column":2},"end":{"line":31,"column":3}},"type":"if","locations":[{"start":{"line":29,"column":2},"end":{"line":31,"column":3}}]}},"s":{"0":75,"1":75,"2":75,"3":75,"4":75,"5":75,"6":75,"7":75,"8":75,"9":75,"10":75,"11":75,"12":75,"13":75,"14":75,"15":69,"16":69,"17":69,"18":69,"19":0,"20":69,"21":0,"22":69,"23":75,"24":75},"f":{"0":75,"1":69},"b":{"0":[75,75],"1":[69,12],"2":[0],"3":[0]}}
,"/app/core/domain/firmware-package.ts": {"path":"/app/core/domain/firmware-package.ts","statementMap":{"0":{"start":{"line":1,"column":0},"end":{"line":1,"column":32}},"1":{"start":{"line":2,"column":13},"end":{"line":2,"column":75}},"2":{"start":{"line":4,"column":31},"end":{"line":6,"column":1}},"3":{"start":{"line":5,"column":2},"end":{"line":5,"column":36}},"4":{"start":{"line":4,"column":13},"end":{"line":4,"column":31}},"5":{"start":{"line":8,"column":0},"end":{"line":10,"column":2}},"6":{"start":{"line":9,"column":2},"end":{"line":9,"column":46}},"7":{"start":{"line":12,"column":0},"end":{"line":14,"column":2}},"8":{"start":{"line":13,"column":2},"end":{"line":13,"column":36}}},"fnMap":{"0":{"name":"(anonymous_0)","decl":{"start":{"line":4,"column":31},"end":{"line":4,"column":32}},"loc":{"start":{"line":4,"column":51},"end":{"line":6,"column":1}}},"1":{"name":"(anonymous_1)","decl":{"start":{"line":8,"column":25},"end":{"line":8,"column":45}},"loc":{"start":{"line":8,"column":47},"end":{"line":10,"column":1}}},"2":{"name":"(anonymous_2)","decl":{"start":{"line":12,"column":26},"end":{"line":12,"column":46}},"loc":{"start":{"line":12,"column":48},"end":{"line":14,"column":1}}}},"branchMap":{},"s":{"0":28,"1":28,"2":28,"3":53,"4":28,"5":28,"6":1,"7":28,"8":53},"f":{"0":53,"1":1,"2":53},"b":{}}
,"/app/core/domain/firmware-version.ts": {"path":"/app/core/domain/firmware-version.ts","statementMap":{"0":{"start":{"line":2,"column":31},"end":{"line":4,"column":1}},"1":{"start":{"line":3,"column":2},"end":{"line":3,"column":36}},"2":{"start":{"line":2,"column":13},"end":{"line":2,"column":31}},"3":{"start":{"line":6,"column":0},"end":{"line":10,"column":2}},"4":{"start":{"line":7,"column":2},"end":{"line":9,"column":4}},"5":{"start":{"line":11,"column":0},"end":{"line":13,"column":2}},"6":{"start":{"line":12,"column":2},"end":{"line":12,"column":34}}},"fnMap":{"0":{"name":"(anonymous_0)","decl":{"start":{"line":2,"column":31},"end":{"line":2,"column":32}},"loc":{"start":{"line":2,"column":51},"end":{"line":4,"column":1}}},"1":{"name":"(anonymous_1)","decl":{"start":{"line":6,"column":25},"end":{"line":6,"column":28}},"loc":{"start":{"line":6,"column":30},"end":{"line":10,"column":1}}},"2":{"name":"(anonymous_2)","decl":{"start":{"line":11,"column":26},"end":{"line":11,"column":29}},"loc":{"start":{"line":11,"column":31},"end":{"line":13,"column":1}}}},"branchMap":{},"s":{"0":10,"1":23,"2":10,"3":10,"4":23,"5":10,"6":0},"f":{"0":23,"1":23,"2":0},"b":{}}
,"/app/core/domain/hour.ts": {"path":"/app/core/domain/hour.ts","statementMap":{"0":{"start":{"line":2,"column":20},"end":{"line":2,"column":56}},"1":{"start":{"line":2,"column":44},"end":{"line":2,"column":56}},"2":{"start":{"line":2,"column":13},"end":{"line":2,"column":20}}},"fnMap":{"0":{"name":"(anonymous_0)","decl":{"start":{"line":2,"column":20},"end":{"line":2,"column":21}},"loc":{"start":{"line":2,"column":44},"end":{"line":2,"column":56}}}},"branchMap":{},"s":{"0":2,"1":3,"2":2},"f":{"0":3},"b":{}}
,"/app/core/domain/int.ts": {"path":"/app/core/domain/int.ts","statementMap":{"0":{"start":{"line":2,"column":19},"end":{"line":2,"column":47}},"1":{"start":{"line":2,"column":39},"end":{"line":2,"column":47}},"2":{"start":{"line":2,"column":13},"end":{"line":2,"column":19}}},"fnMap":{"0":{"name":"(anonymous_0)","decl":{"start":{"line":2,"column":19},"end":{"line":2,"column":20}},"loc":{"start":{"line":2,"column":39},"end":{"line":2,"column":47}}}},"branchMap":{},"s":{"0":2,"1":222,"2":2},"f":{"0":222},"b":{}}
,"/app/core/domain/ip-address.ts": {"path":"/app/core/domain/ip-address.ts","statementMap":{"0":{"start":{"line":1,"column":0},"end":{"line":1,"column":34}},"1":{"start":{"line":2,"column":0},"end":{"line":2,"column":41}},"2":{"start":{"line":4,"column":25},"end":{"line":4,"column":67}},"3":{"start":{"line":4,"column":52},"end":{"line":4,"column":67}},"4":{"start":{"line":4,"column":13},"end":{"line":4,"column":25}},"5":{"start":{"line":6,"column":0},"end":{"line":8,"column":2}},"6":{"start":{"line":7,"column":2},"end":{"line":7,"column":67}},"7":{"start":{"line":10,"column":2},"end":{"line":10,"column":94}},"8":{"start":{"line":11,"column":0},"end":{"line":19,"column":2}},"9":{"start":{"line":12,"column":2},"end":{"line":14,"column":3}},"10":{"start":{"line":13,"column":4},"end":{"line":13,"column":11}},"11":{"start":{"line":15,"column":2},"end":{"line":18,"column":5}},"12":{"start":{"line":20,"column":0},"end":{"line":26,"column":2}},"13":{"start":{"line":21,"column":21},"end":{"line":21,"column":43}},"14":{"start":{"line":22,"column":2},"end":{"line":24,"column":3}},"15":{"start":{"line":23,"column":4},"end":{"line":23,"column":22}},"16":{"start":{"line":25,"column":2},"end":{"line":25,"column":23}}},"fnMap":{"0":{"name":"(anonymous_0)","decl":{"start":{"line":4,"column":25},"end":{"line":4,"column":26}},"loc":{"start":{"line":4,"column":52},"end":{"line":4,"column":67}}},"1":{"name":"(anonymous_1)","decl":{"start":{"line":6,"column":19},"end":{"line":6,"column":33}},"loc":{"start":{"line":6,"column":35},"end":{"line":8,"column":1}}},"2":{"name":"(anonymous_2)","decl":{"start":{"line":11,"column":21},"end":{"line":11,"column":22}},"loc":{"start":{"line":11,"column":50},"end":{"line":19,"column":1}}},"3":{"name":"(anonymous_3)","decl":{"start":{"line":20,"column":23},"end":{"line":20,"column":24}},"loc":{"start":{"line":20,"column":57},"end":{"line":26,"column":1}}}},"branchMap":{"0":{"loc":{"start":{"line":12,"column":2},"end":{"line":14,"column":3}},"type":"if","locations":[{"start":{"line":12,"column":2},"end":{"line":14,"column":3}}]},"1":{"loc":{"start":{"line":22,"column":2},"end":{"line":24,"column":3}},"type":"if","locations":[{"start":{"line":22,"column":2},"end":{"line":24,"column":3}}]}},"s":{"0":2,"1":2,"2":2,"3":0,"4":2,"5":2,"6":0,"7":2,"8":2,"9":0,"10":0,"11":0,"12":2,"13":0,"14":0,"15":0,"16":0},"f":{"0":0,"1":0,"2":0,"3":0},"b":{"0":[0],"1":[0]}}
,"/app/core/domain/mac-address.ts": {"path":"/app/core/domain/mac-address.ts","statementMap":{"0":{"start":{"line":1,"column":0},"end":{"line":1,"column":64}},"1":{"start":{"line":5,"column":0},"end":{"line":5,"column":40}},"2":{"start":{"line":10,"column":26},"end":{"line":10,"column":44}},"3":{"start":{"line":12,"column":26},"end":{"line":14,"column":1}},"4":{"start":{"line":13,"column":2},"end":{"line":13,"column":29}},"5":{"start":{"line":12,"column":13},"end":{"line":12,"column":26}},"6":{"start":{"line":16,"column":0},"end":{"line":24,"column":2}},"7":{"start":{"line":17,"column":12},"end":{"line":17,"column":74}},"8":{"start":{"line":18,"column":2},"end":{"line":23,"column":3}},"9":{"start":{"line":19,"column":4},"end":{"line":22,"column":7}},"10":{"start":{"line":26,"column":0},"end":{"line":28,"column":2}},"11":{"start":{"line":27,"column":2},"end":{"line":27,"column":64}},"12":{"start":{"line":29,"column":0},"end":{"line":31,"column":2}},"13":{"start":{"line":30,"column":2},"end":{"line":30,"column":46}}},"fnMap":{"0":{"name":"(anonymous_0)","decl":{"start":{"line":12,"column":26},"end":{"line":12,"column":27}},"loc":{"start":{"line":12,"column":56},"end":{"line":14,"column":1}}},"1":{"name":"(anonymous_1)","decl":{"start":{"line":16,"column":22},"end":{"line":16,"column":23}},"loc":{"start":{"line":16,"column":54},"end":{"line":24,"column":1}}},"2":{"name":"(anonymous_2)","decl":{"start":{"line":26,"column":20},"end":{"line":26,"column":23}},"loc":{"start":{"line":26,"column":25},"end":{"line":28,"column":1}}},"3":{"name":"(anonymous_3)","decl":{"start":{"line":29,"column":26},"end":{"line":29,"column":27}},"loc":{"start":{"line":29,"column":65},"end":{"line":31,"column":1}}}},"branchMap":{"0":{"loc":{"start":{"line":18,"column":2},"end":{"line":23,"column":3}},"type":"if","locations":[{"start":{"line":18,"column":2},"end":{"line":23,"column":3}}]}},"s":{"0":13,"1":13,"2":13,"3":13,"4":26,"5":13,"6":13,"7":0,"8":0,"9":0,"10":13,"11":47,"12":13,"13":0},"f":{"0":26,"1":0,"2":47,"3":0},"b":{"0":[0]}}
,"/app/core/domain/meter.ts": {"path":"/app/core/domain/meter.ts","statementMap":{"0":{"start":{"line":4,"column":21},"end":{"line":6,"column":1}},"1":{"start":{"line":5,"column":2},"end":{"line":5,"column":20}},"2":{"start":{"line":4,"column":13},"end":{"line":4,"column":21}},"3":{"start":{"line":7,"column":0},"end":{"line":7,"column":40}},"4":{"start":{"line":7,"column":22},"end":{"line":7,"column":39}},"5":{"start":{"line":8,"column":0},"end":{"line":8,"column":69}},"6":{"start":{"line":8,"column":21},"end":{"line":8,"column":68}},"7":{"start":{"line":9,"column":0},"end":{"line":12,"column":2}},"8":{"start":{"line":10,"column":17},"end":{"line":10,"column":31}},"9":{"start":{"line":11,"column":2},"end":{"line":11,"column":23}}},"fnMap":{"0":{"name":"(anonymous_0)","decl":{"start":{"line":4,"column":21},"end":{"line":4,"column":22}},"loc":{"start":{"line":4,"column":35},"end":{"line":6,"column":1}}},"1":{"name":"(anonymous_1)","decl":{"start":{"line":7,"column":16},"end":{"line":7,"column":19}},"loc":{"start":{"line":7,"column":22},"end":{"line":7,"column":39}}},"2":{"name":"(anonymous_2)","decl":{"start":{"line":8,"column":15},"end":{"line":8,"column":18}},"loc":{"start":{"line":8,"column":21},"end":{"line":8,"column":68}}},"3":{"name":"(anonymous_3)","decl":{"start":{"line":9,"column":18},"end":{"line":9,"column":19}},"loc":{"start":{"line":9,"column":56},"end":{"line":12,"column":1}}}},"branchMap":{},"s":{"0":5,"1":18,"2":5,"3":5,"4":10,"5":5,"6":8,"7":5,"8":0,"9":0},"f":{"0":18,"1":10,"2":8,"3":0},"b":{}}
,"/app/core/domain/metric.ts": {"path":"/app/core/domain/metric.ts","statementMap":{"0":{"start":{"line":1,"column":0},"end":{"line":1,"column":51}},"1":{"start":{"line":3,"column":0},"end":{"line":3,"column":31}},"2":{"start":{"line":4,"column":0},"end":{"line":4,"column":43}},"3":{"start":{"line":25,"column":22},"end":{"line":25,"column":46}},"4":{"start":{"line":25,"column":41},"end":{"line":25,"column":46}},"5":{"start":{"line":25,"column":13},"end":{"line":25,"column":22}},"6":{"start":{"line":27,"column":23},"end":{"line":27,"column":48}},"7":{"start":{"line":27,"column":43},"end":{"line":27,"column":48}},"8":{"start":{"line":27,"column":13},"end":{"line":27,"column":23}},"9":{"start":{"line":29,"column":0},"end":{"line":41,"column":2}},"10":{"start":{"line":30,"column":25},"end":{"line":30,"column":48}},"11":{"start":{"line":31,"column":19},"end":{"line":31,"column":29}},"12":{"start":{"line":32,"column":2},"end":{"line":40,"column":5}},"13":{"start":{"line":33,"column":4},"end":{"line":39,"column":7}},"14":{"start":{"line":42,"column":0},"end":{"line":50,"column":2}},"15":{"start":{"line":43,"column":2},"end":{"line":49,"column":5}}},"fnMap":{"0":{"name":"(anonymous_0)","decl":{"start":{"line":25,"column":22},"end":{"line":25,"column":23}},"loc":{"start":{"line":25,"column":41},"end":{"line":25,"column":46}}},"1":{"name":"(anonymous_1)","decl":{"start":{"line":27,"column":23},"end":{"line":27,"column":24}},"loc":{"start":{"line":27,"column":43},"end":{"line":27,"column":48}}},"2":{"name":"(anonymous_2)","decl":{"start":{"line":29,"column":17},"end":{"line":29,"column":18}},"loc":{"start":{"line":29,"column":53},"end":{"line":41,"column":1}}},"3":{"name":"(anonymous_3)","decl":{"start":{"line":32,"column":23},"end":{"line":32,"column":24}},"loc":{"start":{"line":32,"column":29},"end":{"line":40,"column":3}}},"4":{"name":"(anonymous_4)","decl":{"start":{"line":42,"column":16},"end":{"line":42,"column":17}},"loc":{"start":{"line":42,"column":51},"end":{"line":50,"column":1}}}},"branchMap":{},"s":{"0":1,"1":1,"2":1,"3":1,"4":16,"5":1,"6":1,"7":0,"8":1,"9":1,"10":0,"11":0,"12":0,"13":0,"14":1,"15":0},"f":{"0":16,"1":0,"2":0,"3":0,"4":0},"b":{}}
,"/app/core/domain/millisecond.ts": {"path":"/app/core/domain/millisecond.ts","statementMap":{"0":{"start":{"line":2,"column":27},"end":{"line":2,"column":79}},"1":{"start":{"line":2,"column":59},"end":{"line":2,"column":79}},"2":{"start":{"line":2,"column":13},"end":{"line":2,"column":27}},"3":{"start":{"line":3,"column":0},"end":{"line":5,"column":2}},"4":{"start":{"line":4,"column":2},"end":{"line":4,"column":55}}},"fnMap":{"0":{"name":"(anonymous_0)","decl":{"start":{"line":2,"column":27},"end":{"line":2,"column":28}},"loc":{"start":{"line":2,"column":59},"end":{"line":2,"column":79}}},"1":{"name":"(anonymous_1)","decl":{"start":{"line":3,"column":21},"end":{"line":3,"column":37}},"loc":{"start":{"line":3,"column":39},"end":{"line":5,"column":1}}}},"branchMap":{},"s":{"0":36,"1":88,"2":36,"3":36,"4":54},"f":{"0":88,"1":54},"b":{}}
,"/app/core/domain/node-log.ts": {"path":"/app/core/domain/node-log.ts","statementMap":{"0":{"start":{"line":1,"column":0},"end":{"line":1,"column":30}},"1":{"start":{"line":4,"column":23},"end":{"line":4,"column":57}},"2":{"start":{"line":4,"column":52},"end":{"line":4,"column":57}},"3":{"start":{"line":4,"column":13},"end":{"line":4,"column":23}},"4":{"start":{"line":5,"column":0},"end":{"line":11,"column":2}},"5":{"start":{"line":6,"column":2},"end":{"line":10,"column":4}}},"fnMap":{"0":{"name":"(anonymous_0)","decl":{"start":{"line":4,"column":23},"end":{"line":4,"column":24}},"loc":{"start":{"line":4,"column":52},"end":{"line":4,"column":57}}},"1":{"name":"(anonymous_1)","decl":{"start":{"line":5,"column":17},"end":{"line":5,"column":18}},"loc":{"start":{"line":5,"column":55},"end":{"line":11,"column":1}}}},"branchMap":{},"s":{"0":2,"1":2,"2":3,"3":2,"4":2,"5":10},"f":{"0":3,"1":10},"b":{}}
,"/app/core/domain/node-model.ts": {"path":"/app/core/domain/node-model.ts","statementMap":{"0":{"start":{"line":1,"column":0},"end":{"line":1,"column":32}},"1":{"start":{"line":2,"column":13},"end":{"line":2,"column":76}},"2":{"start":{"line":4,"column":25},"end":{"line":6,"column":1}},"3":{"start":{"line":5,"column":2},"end":{"line":5,"column":24}},"4":{"start":{"line":4,"column":13},"end":{"line":4,"column":25}},"5":{"start":{"line":7,"column":0},"end":{"line":9,"column":2}},"6":{"start":{"line":8,"column":2},"end":{"line":8,"column":28}},"7":{"start":{"line":10,"column":0},"end":{"line":12,"column":2}},"8":{"start":{"line":11,"column":2},"end":{"line":11,"column":33}}},"fnMap":{"0":{"name":"(anonymous_0)","decl":{"start":{"line":4,"column":25},"end":{"line":4,"column":26}},"loc":{"start":{"line":4,"column":39},"end":{"line":6,"column":1}}},"1":{"name":"(anonymous_1)","decl":{"start":{"line":7,"column":19},"end":{"line":7,"column":33}},"loc":{"start":{"line":7,"column":35},"end":{"line":9,"column":1}}},"2":{"name":"(anonymous_2)","decl":{"start":{"line":10,"column":20},"end":{"line":10,"column":34}},"loc":{"start":{"line":10,"column":36},"end":{"line":12,"column":1}}}},"branchMap":{},"s":{"0":10,"1":10,"2":10,"3":0,"4":10,"5":10,"6":23,"7":10,"8":0},"f":{"0":0,"1":23,"2":0},"b":{}}
,"/app/core/domain/pixel-scale.ts": {"path":"/app/core/domain/pixel-scale.ts","statementMap":{"0":{"start":{"line":2,"column":26},"end":{"line":2,"column":64}},"1":{"start":{"line":2,"column":45},"end":{"line":2,"column":64}},"2":{"start":{"line":2,"column":13},"end":{"line":2,"column":26}},"3":{"start":{"line":4,"column":0},"end":{"line":4,"column":44}},"4":{"start":{"line":4,"column":27},"end":{"line":4,"column":43}},"5":{"start":{"line":5,"column":0},"end":{"line":5,"column":59}},"6":{"start":{"line":5,"column":26},"end":{"line":5,"column":58}}},"fnMap":{"0":{"name":"(anonymous_0)","decl":{"start":{"line":2,"column":26},"end":{"line":2,"column":27}},"loc":{"start":{"line":2,"column":45},"end":{"line":2,"column":64}}},"1":{"name":"(anonymous_1)","decl":{"start":{"line":4,"column":21},"end":{"line":4,"column":24}},"loc":{"start":{"line":4,"column":27},"end":{"line":4,"column":43}}},"2":{"name":"(anonymous_2)","decl":{"start":{"line":5,"column":20},"end":{"line":5,"column":23}},"loc":{"start":{"line":5,"column":26},"end":{"line":5,"column":58}}}},"branchMap":{},"s":{"0":5,"1":5,"2":5,"3":5,"4":4,"5":5,"6":1},"f":{"0":5,"1":4,"2":1},"b":{}}
,"/app/core/domain/postal-code.ts": {"path":"/app/core/domain/postal-code.ts","statementMap":{"0":{"start":{"line":1,"column":0},"end":{"line":1,"column":64}},"1":{"start":{"line":5,"column":26},"end":{"line":13,"column":1}},"2":{"start":{"line":6,"column":2},"end":{"line":11,"column":3}},"3":{"start":{"line":7,"column":4},"end":{"line":10,"column":7}},"4":{"start":{"line":12,"column":2},"end":{"line":12,"column":34}},"5":{"start":{"line":5,"column":13},"end":{"line":5,"column":26}}},"fnMap":{"0":{"name":"(anonymous_0)","decl":{"start":{"line":5,"column":26},"end":{"line":5,"column":27}},"loc":{"start":{"line":5,"column":49},"end":{"line":13,"column":1}}}},"branchMap":{"0":{"loc":{"start":{"line":6,"column":2},"end":{"line":11,"column":3}},"type":"if","locations":[{"start":{"line":6,"column":2},"end":{"line":11,"column":3}}]}},"s":{"0":1,"1":1,"2":4,"3":3,"4":1,"5":1},"f":{"0":4},"b":{"0":[3]}}
,"/app/core/domain/result.ts": {"path":"/app/core/domain/result.ts","statementMap":{"0":{"start":{"line":1,"column":0},"end":{"line":1,"column":30}},"1":{"start":{"line":4,"column":22},"end":{"line":4,"column":63}},"2":{"start":{"line":4,"column":58},"end":{"line":4,"column":63}},"3":{"start":{"line":4,"column":13},"end":{"line":4,"column":22}},"4":{"start":{"line":6,"column":0},"end":{"line":6,"column":77}},"5":{"start":{"line":6,"column":53},"end":{"line":6,"column":76}},"6":{"start":{"line":7,"column":0},"end":{"line":7,"column":75}},"7":{"start":{"line":7,"column":53},"end":{"line":7,"column":74}},"8":{"start":{"line":8,"column":0},"end":{"line":13,"column":2}},"9":{"start":{"line":9,"column":2},"end":{"line":11,"column":3}},"10":{"start":{"line":10,"column":4},"end":{"line":10,"column":14}},"11":{"start":{"line":12,"column":2},"end":{"line":12,"column":13}},"12":{"start":{"line":15,"column":0},"end":{"line":15,"column":17}},"13":{"start":{"line":16,"column":0},"end":{"line":16,"column":46}},"14":{"start":{"line":16,"column":40},"end":{"line":16,"column":45}}},"fnMap":{"0":{"name":"(anonymous_0)","decl":{"start":{"line":4,"column":22},"end":{"line":4,"column":26}},"loc":{"start":{"line":4,"column":58},"end":{"line":4,"column":63}}},"1":{"name":"(anonymous_1)","decl":{"start":{"line":6,"column":15},"end":{"line":6,"column":16}},"loc":{"start":{"line":6,"column":53},"end":{"line":6,"column":76}}},"2":{"name":"(anonymous_2)","decl":{"start":{"line":7,"column":14},"end":{"line":7,"column":18}},"loc":{"start":{"line":7,"column":53},"end":{"line":7,"column":74}}},"3":{"name":"(anonymous_3)","decl":{"start":{"line":8,"column":16},"end":{"line":8,"column":20}},"loc":{"start":{"line":8,"column":41},"end":{"line":13,"column":1}}},"4":{"name":"(anonymous_4)","decl":{"start":{"line":16,"column":12},"end":{"line":16,"column":16}},"loc":{"start":{"line":16,"column":40},"end":{"line":16,"column":45}}}},"branchMap":{"0":{"loc":{"start":{"line":9,"column":2},"end":{"line":11,"column":3}},"type":"if","locations":[{"start":{"line":9,"column":2},"end":{"line":11,"column":3}}]}},"s":{"0":46,"1":46,"2":0,"3":46,"4":46,"5":472,"6":46,"7":6,"8":46,"9":224,"10":0,"11":224,"12":46,"13":46,"14":4},"f":{"0":0,"1":472,"2":6,"3":224,"4":4},"b":{"0":[0]}}
,"/app/core/domain/second.ts": {"path":"/app/core/domain/second.ts","statementMap":{"0":{"start":{"line":2,"column":22},"end":{"line":2,"column":64}},"1":{"start":{"line":2,"column":49},"end":{"line":2,"column":64}},"2":{"start":{"line":2,"column":13},"end":{"line":2,"column":22}}},"fnMap":{"0":{"name":"(anonymous_0)","decl":{"start":{"line":2,"column":22},"end":{"line":2,"column":23}},"loc":{"start":{"line":2,"column":49},"end":{"line":2,"column":64}}}},"branchMap":{},"s":{"0":2,"1":3,"2":2},"f":{"0":3},"b":{}}
,"/app/core/domain/span.ts": {"path":"/app/core/domain/span.ts","statementMap":{"0":{"start":{"line":4,"column":20},"end":{"line":6,"column":1}},"1":{"start":{"line":5,"column":2},"end":{"line":5,"column":19}},"2":{"start":{"line":4,"column":13},"end":{"line":4,"column":20}},"3":{"start":{"line":8,"column":0},"end":{"line":8,"column":54}},"4":{"start":{"line":8,"column":31},"end":{"line":8,"column":53}},"5":{"start":{"line":9,"column":0},"end":{"line":9,"column":61}},"6":{"start":{"line":9,"column":33},"end":{"line":9,"column":60}},"7":{"start":{"line":10,"column":0},"end":{"line":10,"column":61}},"8":{"start":{"line":10,"column":32},"end":{"line":10,"column":60}},"9":{"start":{"line":11,"column":0},"end":{"line":16,"column":2}},"10":{"start":{"line":12,"column":15},"end":{"line":12,"column":33}},"11":{"start":{"line":13,"column":2},"end":{"line":13,"column":55}},"12":{"start":{"line":13,"column":24},"end":{"line":13,"column":55}},"13":{"start":{"line":14,"column":2},"end":{"line":14,"column":53}},"14":{"start":{"line":14,"column":23},"end":{"line":14,"column":53}},"15":{"start":{"line":15,"column":2},"end":{"line":15,"column":31}},"16":{"start":{"line":17,"column":0},"end":{"line":17,"column":37}},"17":{"start":{"line":17,"column":21},"end":{"line":17,"column":36}}},"fnMap":{"0":{"name":"(anonymous_0)","decl":{"start":{"line":4,"column":20},"end":{"line":4,"column":21}},"loc":{"start":{"line":4,"column":34},"end":{"line":6,"column":1}}},"1":{"name":"(anonymous_1)","decl":{"start":{"line":8,"column":16},"end":{"line":8,"column":17}},"loc":{"start":{"line":8,"column":31},"end":{"line":8,"column":53}}},"2":{"name":"(anonymous_2)","decl":{"start":{"line":9,"column":18},"end":{"line":9,"column":19}},"loc":{"start":{"line":9,"column":33},"end":{"line":9,"column":60}}},"3":{"name":"(anonymous_3)","decl":{"start":{"line":10,"column":17},"end":{"line":10,"column":18}},"loc":{"start":{"line":10,"column":32},"end":{"line":10,"column":60}}},"4":{"name":"(anonymous_4)","decl":{"start":{"line":11,"column":16},"end":{"line":11,"column":17}},"loc":{"start":{"line":11,"column":73},"end":{"line":16,"column":1}}},"5":{"name":"(anonymous_5)","decl":{"start":{"line":17,"column":15},"end":{"line":17,"column":18}},"loc":{"start":{"line":17,"column":21},"end":{"line":17,"column":36}}}},"branchMap":{"0":{"loc":{"start":{"line":12,"column":15},"end":{"line":12,"column":33}},"type":"binary-expr","locations":[{"start":{"line":12,"column":15},"end":{"line":12,"column":24}},{"start":{"line":12,"column":28},"end":{"line":12,"column":33}}]},"1":{"loc":{"start":{"line":13,"column":2},"end":{"line":13,"column":55}},"type":"if","locations":[{"start":{"line":13,"column":2},"end":{"line":13,"column":55}}]},"2":{"loc":{"start":{"line":14,"column":2},"end":{"line":14,"column":53}},"type":"if","locations":[{"start":{"line":14,"column":2},"end":{"line":14,"column":53}}]}},"s":{"0":33,"1":158,"2":33,"3":33,"4":56,"5":33,"6":57,"7":33,"8":0,"9":33,"10":0,"11":0,"12":0,"13":0,"14":0,"15":0,"16":33,"17":40},"f":{"0":158,"1":56,"2":57,"3":0,"4":0,"5":40},"b":{"0":[0,0],"1":[0],"2":[0]}}
,"/app/core/domain/subnet-mask.ts": {"path":"/app/core/domain/subnet-mask.ts","statementMap":{"0":{"start":{"line":2,"column":26},"end":{"line":2,"column":74}},"1":{"start":{"line":2,"column":56},"end":{"line":2,"column":74}},"2":{"start":{"line":2,"column":13},"end":{"line":2,"column":26}},"3":{"start":{"line":3,"column":0},"end":{"line":7,"column":2}},"4":{"start":{"line":4,"column":2},"end":{"line":6,"column":4}}},"fnMap":{"0":{"name":"(anonymous_0)","decl":{"start":{"line":2,"column":26},"end":{"line":2,"column":27}},"loc":{"start":{"line":2,"column":56},"end":{"line":2,"column":74}}},"1":{"name":"(anonymous_1)","decl":{"start":{"line":3,"column":20},"end":{"line":3,"column":23}},"loc":{"start":{"line":3,"column":25},"end":{"line":7,"column":1}}}},"branchMap":{},"s":{"0":2,"1":0,"2":2,"3":2,"4":0},"f":{"0":0,"1":0},"b":{}}
,"/app/core/domain/topic.ts": {"path":"/app/core/domain/topic.ts","statementMap":{"0":{"start":{"line":1,"column":0},"end":{"line":1,"column":32}},"1":{"start":{"line":3,"column":13},"end":{"line":3,"column":43}},"2":{"start":{"line":6,"column":21},"end":{"line":8,"column":1}},"3":{"start":{"line":7,"column":2},"end":{"line":7,"column":23}},"4":{"start":{"line":6,"column":13},"end":{"line":6,"column":21}},"5":{"start":{"line":10,"column":0},"end":{"line":12,"column":2}},"6":{"start":{"line":11,"column":2},"end":{"line":11,"column":38}},"7":{"start":{"line":14,"column":0},"end":{"line":16,"column":2}},"8":{"start":{"line":15,"column":2},"end":{"line":15,"column":26}}},"fnMap":{"0":{"name":"(anonymous_0)","decl":{"start":{"line":6,"column":21},"end":{"line":6,"column":22}},"loc":{"start":{"line":6,"column":38},"end":{"line":8,"column":1}}},"1":{"name":"(anonymous_1)","decl":{"start":{"line":10,"column":15},"end":{"line":10,"column":25}},"loc":{"start":{"line":10,"column":27},"end":{"line":12,"column":1}}},"2":{"name":"(anonymous_2)","decl":{"start":{"line":14,"column":16},"end":{"line":14,"column":26}},"loc":{"start":{"line":14,"column":28},"end":{"line":16,"column":1}}}},"branchMap":{},"s":{"0":28,"1":28,"2":28,"3":54,"4":28,"5":28,"6":0,"7":28,"8":54},"f":{"0":54,"1":0,"2":54},"b":{}}
,"/app/core/domain/tx-power.ts": {"path":"/app/core/domain/tx-power.ts","statementMap":{"0":{"start":{"line":1,"column":0},"end":{"line":1,"column":32}},"1":{"start":{"line":2,"column":13},"end":{"line":2,"column":51}},"2":{"start":{"line":4,"column":23},"end":{"line":4,"column":57}},"3":{"start":{"line":4,"column":52},"end":{"line":4,"column":57}},"4":{"start":{"line":4,"column":13},"end":{"line":4,"column":23}},"5":{"start":{"line":6,"column":0},"end":{"line":6,"column":40}},"6":{"start":{"line":6,"column":23},"end":{"line":6,"column":39}},"7":{"start":{"line":7,"column":0},"end":{"line":7,"column":37}},"8":{"start":{"line":7,"column":24},"end":{"line":7,"column":36}}},"fnMap":{"0":{"name":"(anonymous_0)","decl":{"start":{"line":4,"column":23},"end":{"line":4,"column":24}},"loc":{"start":{"line":4,"column":52},"end":{"line":4,"column":57}}},"1":{"name":"(anonymous_1)","decl":{"start":{"line":6,"column":17},"end":{"line":6,"column":20}},"loc":{"start":{"line":6,"column":23},"end":{"line":6,"column":39}}},"2":{"name":"(anonymous_2)","decl":{"start":{"line":7,"column":18},"end":{"line":7,"column":21}},"loc":{"start":{"line":7,"column":24},"end":{"line":7,"column":36}}}},"branchMap":{},"s":{"0":2,"1":2,"2":2,"3":3,"4":2,"5":2,"6":0,"7":2,"8":3},"f":{"0":3,"1":0,"2":3},"b":{}}
,"/app/core/domain/account/index.ts": {"path":"/app/core/domain/account/index.ts","statementMap":{"0":{"start":{"line":1,"column":0},"end":{"line":1,"column":55}},"1":{"start":{"line":3,"column":0},"end":{"line":3,"column":55}},"2":{"start":{"line":10,"column":23},"end":{"line":16,"column":1}},"3":{"start":{"line":11,"column":24},"end":{"line":11,"column":29}},"4":{"start":{"line":12,"column":2},"end":{"line":15,"column":4}},"5":{"start":{"line":10,"column":13},"end":{"line":10,"column":23}},"6":{"start":{"line":17,"column":0},"end":{"line":22,"column":5}},"7":{"start":{"line":18,"column":2},"end":{"line":22,"column":4}}},"fnMap":{"0":{"name":"(anonymous_0)","decl":{"start":{"line":10,"column":23},"end":{"line":10,"column":24}},"loc":{"start":{"line":10,"column":72},"end":{"line":16,"column":1}}},"1":{"name":"(anonymous_1)","decl":{"start":{"line":17,"column":17},"end":{"line":17,"column":18}},"loc":{"start":{"line":18,"column":2},"end":{"line":22,"column":4}}}},"branchMap":{},"s":{"0":2,"1":2,"2":2,"3":4,"4":4,"5":2,"6":2,"7":0},"f":{"0":4,"1":0},"b":{}}
,"/app/core/domain/action-log/id.ts": {"path":"/app/core/domain/action-log/id.ts","statementMap":{"0":{"start":{"line":1,"column":0},"end":{"line":1,"column":32}},"1":{"start":{"line":4,"column":27},"end":{"line":6,"column":1}},"2":{"start":{"line":5,"column":2},"end":{"line":5,"column":27}},"3":{"start":{"line":4,"column":13},"end":{"line":4,"column":27}},"4":{"start":{"line":7,"column":15},"end":{"line":7,"column":20}},"5":{"start":{"line":9,"column":0},"end":{"line":9,"column":65}},"6":{"start":{"line":9,"column":27},"end":{"line":9,"column":64}}},"fnMap":{"0":{"name":"(anonymous_0)","decl":{"start":{"line":4,"column":27},"end":{"line":4,"column":28}},"loc":{"start":{"line":4,"column":42},"end":{"line":6,"column":1}}},"1":{"name":"(anonymous_1)","decl":{"start":{"line":9,"column":21},"end":{"line":9,"column":24}},"loc":{"start":{"line":9,"column":27},"end":{"line":9,"column":64}}}},"branchMap":{},"s":{"0":1,"1":1,"2":0,"3":1,"4":1,"5":1,"6":1},"f":{"0":0,"1":1},"b":{}}
,"/app/core/domain/action-log/index.ts": {"path":"/app/core/domain/action-log/index.ts","statementMap":{"0":{"start":{"line":1,"column":0},"end":{"line":1,"column":21}},"1":{"start":{"line":2,"column":0},"end":{"line":2,"column":25}},"2":{"start":{"line":7,"column":0},"end":{"line":7,"column":35}},"3":{"start":{"line":21,"column":25},"end":{"line":45,"column":1}},"4":{"start":{"line":31,"column":74},"end":{"line":31,"column":79}},"5":{"start":{"line":32,"column":18},"end":{"line":32,"column":53}},"6":{"start":{"line":33,"column":13},"end":{"line":33,"column":45}},"7":{"start":{"line":34,"column":2},"end":{"line":44,"column":4}},"8":{"start":{"line":21,"column":13},"end":{"line":21,"column":25}}},"fnMap":{"0":{"name":"(anonymous_4)","decl":{"start":{"line":21,"column":25},"end":{"line":21,"column":61}},"loc":{"start":{"line":30,"column":16},"end":{"line":45,"column":1}}}},"branchMap":{"0":{"loc":{"start":{"line":33,"column":13},"end":{"line":33,"column":45}},"type":"binary-expr","locations":[{"start":{"line":33,"column":13},"end":{"line":33,"column":21}},{"start":{"line":33,"column":25},"end":{"line":33,"column":45}}]}},"s":{"0":1,"1":1,"2":1,"3":1,"4":1,"5":1,"6":1,"7":1,"8":1},"f":{"0":1},"b":{"0":[1,1]}}
,"/app/core/domain/address/index.ts": {"path":"/app/core/domain/address/index.ts","statementMap":{"0":{"start":{"line":1,"column":0},"end":{"line":1,"column":32}},"1":{"start":{"line":11,"column":23},"end":{"line":28,"column":1}},"2":{"start":{"line":17,"column":21},"end":{"line":17,"column":37}},"3":{"start":{"line":18,"column":21},"end":{"line":18,"column":37}},"4":{"start":{"line":19,"column":15},"end":{"line":19,"column":25}},"5":{"start":{"line":20,"column":23},"end":{"line":20,"column":41}},"6":{"start":{"line":22,"column":2},"end":{"line":27,"column":4}},"7":{"start":{"line":11,"column":13},"end":{"line":11,"column":23}},"8":{"start":{"line":30,"column":0},"end":{"line":37,"column":2}},"9":{"start":{"line":31,"column":2},"end":{"line":36,"column":5}}},"fnMap":{"0":{"name":"(anonymous_0)","decl":{"start":{"line":11,"column":23},"end":{"line":11,"column":24}},"loc":{"start":{"line":16,"column":5},"end":{"line":28,"column":1}}},"1":{"name":"(anonymous_1)","decl":{"start":{"line":30,"column":17},"end":{"line":30,"column":20}},"loc":{"start":{"line":30,"column":22},"end":{"line":37,"column":1}}}},"branchMap":{},"s":{"0":4,"1":4,"2":21,"3":21,"4":21,"5":21,"6":21,"7":4,"8":4,"9":9},"f":{"0":21,"1":9},"b":{}}
,"/app/core/domain/agreement/index.ts": {"path":"/app/core/domain/agreement/index.ts","statementMap":{"0":{"start":{"line":11,"column":25},"end":{"line":24,"column":1}},"1":{"start":{"line":15,"column":17},"end":{"line":15,"column":29}},"2":{"start":{"line":16,"column":23},"end":{"line":16,"column":41}},"3":{"start":{"line":17,"column":20},"end":{"line":17,"column":30}},"4":{"start":{"line":19,"column":2},"end":{"line":23,"column":4}},"5":{"start":{"line":11,"column":13},"end":{"line":11,"column":25}}},"fnMap":{"0":{"name":"(anonymous_0)","decl":{"start":{"line":11,"column":25},"end":{"line":11,"column":26}},"loc":{"start":{"line":14,"column":5},"end":{"line":24,"column":1}}}},"branchMap":{},"s":{"0":3,"1":17,"2":17,"3":17,"4":17,"5":3},"f":{"0":17},"b":{}}
,"/app/core/domain/announcement/id.ts": {"path":"/app/core/domain/announcement/id.ts","statementMap":{"0":{"start":{"line":1,"column":0},"end":{"line":1,"column":32}},"1":{"start":{"line":4,"column":30},"end":{"line":6,"column":1}},"2":{"start":{"line":5,"column":2},"end":{"line":5,"column":30}},"3":{"start":{"line":4,"column":13},"end":{"line":4,"column":30}},"4":{"start":{"line":7,"column":15},"end":{"line":7,"column":21}},"5":{"start":{"line":8,"column":0},"end":{"line":8,"column":71}},"6":{"start":{"line":8,"column":30},"end":{"line":8,"column":70}},"7":{"start":{"line":9,"column":0},"end":{"line":11,"column":2}},"8":{"start":{"line":10,"column":2},"end":{"line":10,"column":66}}},"fnMap":{"0":{"name":"(anonymous_0)","decl":{"start":{"line":4,"column":30},"end":{"line":4,"column":31}},"loc":{"start":{"line":4,"column":45},"end":{"line":6,"column":1}}},"1":{"name":"(anonymous_1)","decl":{"start":{"line":8,"column":24},"end":{"line":8,"column":27}},"loc":{"start":{"line":8,"column":30},"end":{"line":8,"column":70}}},"2":{"name":"(anonymous_2)","decl":{"start":{"line":9,"column":25},"end":{"line":9,"column":26}},"loc":{"start":{"line":9,"column":62},"end":{"line":11,"column":1}}}},"branchMap":{"0":{"loc":{"start":{"line":10,"column":9},"end":{"line":10,"column":65}},"type":"binary-expr","locations":[{"start":{"line":10,"column":9},"end":{"line":10,"column":30}},{"start":{"line":10,"column":34},"end":{"line":10,"column":65}}]}},"s":{"0":1,"1":1,"2":0,"3":1,"4":1,"5":1,"6":1,"7":1,"8":0},"f":{"0":0,"1":1,"2":0},"b":{"0":[0,0]}}
,"/app/core/domain/announcement/index.ts": {"path":"/app/core/domain/announcement/index.ts","statementMap":{"0":{"start":{"line":1,"column":0},"end":{"line":1,"column":38}},"1":{"start":{"line":2,"column":0},"end":{"line":2,"column":33}},"2":{"start":{"line":13,"column":28},"end":{"line":36,"column":1}},"3":{"start":{"line":21,"column":13},"end":{"line":21,"column":48}},"4":{"start":{"line":22,"column":16},"end":{"line":22,"column":33}},"5":{"start":{"line":23,"column":18},"end":{"line":23,"column":37}},"6":{"start":{"line":24,"column":16},"end":{"line":24,"column":46}},"7":{"start":{"line":25,"column":19},"end":{"line":25,"column":42}},"8":{"start":{"line":26,"column":20},"end":{"line":26,"column":49}},"9":{"start":{"line":28,"column":2},"end":{"line":35,"column":4}},"10":{"start":{"line":13,"column":13},"end":{"line":13,"column":28}},"11":{"start":{"line":38,"column":0},"end":{"line":46,"column":5}},"12":{"start":{"line":39,"column":2},"end":{"line":46,"column":4}}},"fnMap":{"0":{"name":"(anonymous_0)","decl":{"start":{"line":13,"column":28},"end":{"line":13,"column":29}},"loc":{"start":{"line":20,"column":19},"end":{"line":36,"column":1}}},"1":{"name":"(anonymous_1)","decl":{"start":{"line":38,"column":22},"end":{"line":38,"column":25}},"loc":{"start":{"line":39,"column":2},"end":{"line":46,"column":4}}}},"branchMap":{"0":{"loc":{"start":{"line":21,"column":13},"end":{"line":21,"column":48}},"type":"binary-expr","locations":[{"start":{"line":21,"column":13},"end":{"line":21,"column":21}},{"start":{"line":21,"column":25},"end":{"line":21,"column":48}}]},"1":{"loc":{"start":{"line":22,"column":16},"end":{"line":22,"column":33}},"type":"binary-expr","locations":[{"start":{"line":22,"column":16},"end":{"line":22,"column":27}},{"start":{"line":22,"column":31},"end":{"line":22,"column":33}}]},"2":{"loc":{"start":{"line":23,"column":18},"end":{"line":23,"column":37}},"type":"binary-expr","locations":[{"start":{"line":23,"column":18},"end":{"line":23,"column":31}},{"start":{"line":23,"column":35},"end":{"line":23,"column":37}}]},"3":{"loc":{"start":{"line":24,"column":16},"end":{"line":24,"column":46}},"type":"binary-expr","locations":[{"start":{"line":24,"column":16},"end":{"line":24,"column":27}},{"start":{"line":24,"column":31},"end":{"line":24,"column":46}}]},"4":{"loc":{"start":{"line":25,"column":19},"end":{"line":25,"column":42}},"type":"binary-expr","locations":[{"start":{"line":25,"column":19},"end":{"line":25,"column":33}},{"start":{"line":25,"column":37},"end":{"line":25,"column":42}}]},"5":{"loc":{"start":{"line":26,"column":20},"end":{"line":26,"column":49}},"type":"binary-expr","locations":[{"start":{"line":26,"column":20},"end":{"line":26,"column":35}},{"start":{"line":26,"column":39},"end":{"line":26,"column":49}}]}},"s":{"0":1,"1":1,"2":1,"3":1,"4":1,"5":1,"6":1,"7":1,"8":1,"9":1,"10":1,"11":1,"12":0},"f":{"0":1,"1":0},"b":{"0":[1,0],"1":[1,0],"2":[1,0],"3":[1,0],"4":[1,0],"5":[1,0]}}
,"/app/core/domain/caller/index.ts": {"path":"/app/core/domain/caller/index.ts","statementMap":{"0":{"start":{"line":1,"column":0},"end":{"line":1,"column":64}},"1":{"start":{"line":3,"column":0},"end":{"line":3,"column":96}},"2":{"start":{"line":5,"column":0},"end":{"line":5,"column":null}},"3":{"start":{"line":12,"column":0},"end":{"line":12,"column":65}},"4":{"start":{"line":14,"column":0},"end":{"line":14,"column":61}},"5":{"start":{"line":16,"column":0},"end":{"line":16,"column":32}},"6":{"start":{"line":29,"column":22},"end":{"line":39,"column":1}},"7":{"start":{"line":30,"column":2},"end":{"line":38,"column":4}},"8":{"start":{"line":29,"column":13},"end":{"line":29,"column":22}},"9":{"start":{"line":41,"column":0},"end":{"line":54,"column":2}},"10":{"start":{"line":42,"column":15},"end":{"line":42,"column":28}},"11":{"start":{"line":43,"column":23},"end":{"line":43,"column":44}},"12":{"start":{"line":44,"column":2},"end":{"line":53,"column":4}},"13":{"start":{"line":56,"column":0},"end":{"line":89,"column":2}},"14":{"start":{"line":60,"column":35},"end":{"line":60,"column":39}},"15":{"start":{"line":61,"column":2},"end":{"line":63,"column":3}},"16":{"start":{"line":62,"column":4},"end":{"line":62,"column":11}},"17":{"start":{"line":64,"column":2},"end":{"line":69,"column":3}},"18":{"start":{"line":65,"column":4},"end":{"line":68,"column":7}},"19":{"start":{"line":70,"column":2},"end":{"line":78,"column":3}},"20":{"start":{"line":74,"column":4},"end":{"line":77,"column":7}},"21":{"start":{"line":79,"column":2},"end":{"line":87,"column":3}},"22":{"start":{"line":83,"column":4},"end":{"line":86,"column":7}},"23":{"start":{"line":88,"column":2},"end":{"line":88,"column":9}}},"fnMap":{"0":{"name":"(anonymous_0)","decl":{"start":{"line":29,"column":22},"end":{"line":29,"column":23}},"loc":{"start":{"line":29,"column":76},"end":{"line":39,"column":1}}},"1":{"name":"(anonymous_1)","decl":{"start":{"line":41,"column":16},"end":{"line":41,"column":17}},"loc":{"start":{"line":41,"column":52},"end":{"line":54,"column":1}}},"2":{"name":"(anonymous_2)","decl":{"start":{"line":56,"column":18},"end":{"line":56,"column":19}},"loc":{"start":{"line":59,"column":19},"end":{"line":89,"column":1}}}},"branchMap":{"0":{"loc":{"start":{"line":49,"column":22},"end":{"line":49,"column":61}},"type":"binary-expr","locations":[{"start":{"line":49,"column":22},"end":{"line":49,"column":47}},{"start":{"line":49,"column":51},"end":{"line":49,"column":61}}]},"1":{"loc":{"start":{"line":61,"column":2},"end":{"line":63,"column":3}},"type":"if","locations":[{"start":{"line":61,"column":2},"end":{"line":63,"column":3}}]},"2":{"loc":{"start":{"line":64,"column":2},"end":{"line":69,"column":3}},"type":"if","locations":[{"start":{"line":64,"column":2},"end":{"line":69,"column":3}}]},"3":{"loc":{"start":{"line":70,"column":2},"end":{"line":78,"column":3}},"type":"if","locations":[{"start":{"line":70,"column":2},"end":{"line":78,"column":3}}]},"4":{"loc":{"start":{"line":71,"column":4},"end":{"line":72,"column":78}},"type":"binary-expr","locations":[{"start":{"line":71,"column":4},"end":{"line":71,"column":45}},{"start":{"line":72,"column":4},"end":{"line":72,"column":78}}]},"5":{"loc":{"start":{"line":79,"column":2},"end":{"line":87,"column":3}},"type":"if","locations":[{"start":{"line":79,"column":2},"end":{"line":87,"column":3}}]},"6":{"loc":{"start":{"line":80,"column":4},"end":{"line":81,"column":45}},"type":"binary-expr","locations":[{"start":{"line":80,"column":4},"end":{"line":80,"column":42}},{"start":{"line":81,"column":4},"end":{"line":81,"column":45}}]}},"s":{"0":2,"1":2,"2":2,"3":2,"4":2,"5":2,"6":2,"7":0,"8":2,"9":2,"10":2,"11":2,"12":2,"13":2,"14":0,"15":0,"16":0,"17":0,"18":0,"19":0,"20":0,"21":0,"22":0,"23":0},"f":{"0":0,"1":2,"2":0},"b":{"0":[2,0],"1":[0],"2":[0],"3":[0],"4":[0,0],"5":[0],"6":[0,0]}}
,"/app/core/domain/email/index.ts": {"path":"/app/core/domain/email/index.ts","statementMap":{"0":{"start":{"line":1,"column":0},"end":{"line":1,"column":64}},"1":{"start":{"line":5,"column":13},"end":{"line":6,"column":431}},"2":{"start":{"line":8,"column":21},"end":{"line":18,"column":1}},"3":{"start":{"line":10,"column":2},"end":{"line":10,"column":26}},"4":{"start":{"line":11,"column":2},"end":{"line":16,"column":3}},"5":{"start":{"line":12,"column":4},"end":{"line":15,"column":7}},"6":{"start":{"line":17,"column":2},"end":{"line":17,"column":22}},"7":{"start":{"line":8,"column":13},"end":{"line":8,"column":21}},"8":{"start":{"line":19,"column":0},"end":{"line":19,"column":66}},"9":{"start":{"line":19,"column":21},"end":{"line":19,"column":65}}},"fnMap":{"0":{"name":"(anonymous_0)","decl":{"start":{"line":8,"column":21},"end":{"line":8,"column":22}},"loc":{"start":{"line":8,"column":37},"end":{"line":18,"column":1}}},"1":{"name":"(anonymous_1)","decl":{"start":{"line":19,"column":15},"end":{"line":19,"column":18}},"loc":{"start":{"line":19,"column":21},"end":{"line":19,"column":65}}}},"branchMap":{"0":{"loc":{"start":{"line":11,"column":2},"end":{"line":16,"column":3}},"type":"if","locations":[{"start":{"line":11,"column":2},"end":{"line":16,"column":3}}]}},"s":{"0":11,"1":11,"2":11,"3":14,"4":14,"5":1,"6":13,"7":11,"8":11,"9":16},"f":{"0":14,"1":16},"b":{"0":[1]}}
,"/app/core/domain/fuel-tank-history/id.ts": {"path":"/app/core/domain/fuel-tank-history/id.ts","statementMap":{"0":{"start":{"line":1,"column":0},"end":{"line":1,"column":32}},"1":{"start":{"line":2,"column":0},"end":{"line":2,"column":64}},"2":{"start":{"line":8,"column":15},"end":{"line":8,"column":21}},"3":{"start":{"line":10,"column":33},"end":{"line":19,"column":1}},"4":{"start":{"line":11,"column":22},"end":{"line":11,"column":52}},"5":{"start":{"line":12,"column":2},"end":{"line":17,"column":3}},"6":{"start":{"line":13,"column":4},"end":{"line":16,"column":7}},"7":{"start":{"line":18,"column":2},"end":{"line":18,"column":33}},"8":{"start":{"line":10,"column":13},"end":{"line":10,"column":33}},"9":{"start":{"line":21,"column":0},"end":{"line":30,"column":2}},"10":{"start":{"line":22,"column":2},"end":{"line":26,"column":3}},"11":{"start":{"line":23,"column":4},"end":{"line":25,"column":6}},"12":{"start":{"line":27,"column":2},"end":{"line":29,"column":4}},"13":{"start":{"line":32,"column":0},"end":{"line":32,"column":79}},"14":{"start":{"line":32,"column":33},"end":{"line":32,"column":78}}},"fnMap":{"0":{"name":"(anonymous_0)","decl":{"start":{"line":10,"column":33},"end":{"line":10,"column":34}},"loc":{"start":{"line":10,"column":48},"end":{"line":19,"column":1}}},"1":{"name":"(anonymous_1)","decl":{"start":{"line":21,"column":29},"end":{"line":21,"column":30}},"loc":{"start":{"line":21,"column":44},"end":{"line":30,"column":1}}},"2":{"name":"(anonymous_2)","decl":{"start":{"line":32,"column":27},"end":{"line":32,"column":30}},"loc":{"start":{"line":32,"column":33},"end":{"line":32,"column":78}}}},"branchMap":{"0":{"loc":{"start":{"line":12,"column":2},"end":{"line":17,"column":3}},"type":"if","locations":[{"start":{"line":12,"column":2},"end":{"line":17,"column":3}}]},"1":{"loc":{"start":{"line":22,"column":2},"end":{"line":26,"column":3}},"type":"if","locations":[{"start":{"line":22,"column":2},"end":{"line":26,"column":3}}]}},"s":{"0":5,"1":5,"2":5,"3":5,"4":2,"5":2,"6":1,"7":1,"8":5,"9":5,"10":3,"11":1,"12":2,"13":5,"14":10},"f":{"0":2,"1":3,"2":10},"b":{"0":[1],"1":[1]}}
,"/app/core/domain/fuel-tank-history/index.ts": {"path":"/app/core/domain/fuel-tank-history/index.ts","statementMap":{"0":{"start":{"line":1,"column":0},"end":{"line":1,"column":21}},"1":{"start":{"line":2,"column":0},"end":{"line":2,"column":23}},"2":{"start":{"line":8,"column":0},"end":{"line":8,"column":41}},"3":{"start":{"line":20,"column":31},"end":{"line":43,"column":1}},"4":{"start":{"line":28,"column":13},"end":{"line":28,"column":51}},"5":{"start":{"line":29,"column":25},"end":{"line":29,"column":45}},"6":{"start":{"line":30,"column":20},"end":{"line":30,"column":35}},"7":{"start":{"line":31,"column":23},"end":{"line":31,"column":41}},"8":{"start":{"line":32,"column":15},"end":{"line":32,"column":25}},"9":{"start":{"line":33,"column":20},"end":{"line":33,"column":49}},"10":{"start":{"line":35,"column":2},"end":{"line":42,"column":4}},"11":{"start":{"line":20,"column":13},"end":{"line":20,"column":31}}},"fnMap":{"0":{"name":"(anonymous_4)","decl":{"start":{"line":20,"column":31},"end":{"line":20,"column":32}},"loc":{"start":{"line":27,"column":22},"end":{"line":43,"column":1}}}},"branchMap":{"0":{"loc":{"start":{"line":28,"column":13},"end":{"line":28,"column":51}},"type":"binary-expr","locations":[{"start":{"line":28,"column":13},"end":{"line":28,"column":21}},{"start":{"line":28,"column":25},"end":{"line":28,"column":51}}]},"1":{"loc":{"start":{"line":33,"column":20},"end":{"line":33,"column":49}},"type":"binary-expr","locations":[{"start":{"line":33,"column":20},"end":{"line":33,"column":35}},{"start":{"line":33,"column":39},"end":{"line":33,"column":49}}]}},"s":{"0":4,"1":4,"2":4,"3":4,"4":9,"5":9,"6":9,"7":9,"8":9,"9":9,"10":9,"11":4},"f":{"0":9},"b":{"0":[9,8],"1":[9,5]}}
,"/app/core/domain/fuel-tank-history/kind.ts": {"path":"/app/core/domain/fuel-tank-history/kind.ts","statementMap":{"0":{"start":{"line":1,"column":13},"end":{"line":1,"column":75}}},"fnMap":{},"branchMap":{},"s":{"0":4},"f":{},"b":{}}
,"/app/core/domain/job/id.ts": {"path":"/app/core/domain/job/id.ts","statementMap":{"0":{"start":{"line":1,"column":0},"end":{"line":1,"column":32}},"1":{"start":{"line":4,"column":21},"end":{"line":6,"column":1}},"2":{"start":{"line":5,"column":2},"end":{"line":5,"column":21}},"3":{"start":{"line":4,"column":13},"end":{"line":4,"column":21}},"4":{"start":{"line":7,"column":15},"end":{"line":7,"column":20}},"5":{"start":{"line":9,"column":0},"end":{"line":9,"column":53}},"6":{"start":{"line":9,"column":21},"end":{"line":9,"column":52}}},"fnMap":{"0":{"name":"(anonymous_0)","decl":{"start":{"line":4,"column":21},"end":{"line":4,"column":22}},"loc":{"start":{"line":4,"column":36},"end":{"line":6,"column":1}}},"1":{"name":"(anonymous_1)","decl":{"start":{"line":9,"column":15},"end":{"line":9,"column":18}},"loc":{"start":{"line":9,"column":21},"end":{"line":9,"column":52}}}},"branchMap":{},"s":{"0":2,"1":2,"2":0,"3":2,"4":2,"5":2,"6":4},"f":{"0":0,"1":4},"b":{}}
,"/app/core/domain/job/index.ts": {"path":"/app/core/domain/job/index.ts","statementMap":{"0":{"start":{"line":1,"column":0},"end":{"line":1,"column":64}},"1":{"start":{"line":2,"column":0},"end":{"line":2,"column":57}},"2":{"start":{"line":5,"column":0},"end":{"line":5,"column":29}},"3":{"start":{"line":7,"column":0},"end":{"line":7,"column":21}},"4":{"start":{"line":64,"column":19},"end":{"line":66,"column":1}},"5":{"start":{"line":65,"column":2},"end":{"line":65,"column":15}},"6":{"start":{"line":64,"column":13},"end":{"line":64,"column":19}},"7":{"start":{"line":68,"column":0},"end":{"line":79,"column":2}},"8":{"start":{"line":69,"column":13},"end":{"line":69,"column":27}},"9":{"start":{"line":70,"column":31},"end":{"line":73,"column":4}},"10":{"start":{"line":74,"column":2},"end":{"line":78,"column":4}},"11":{"start":{"line":81,"column":0},"end":{"line":96,"column":2}},"12":{"start":{"line":82,"column":2},"end":{"line":87,"column":3}},"13":{"start":{"line":83,"column":4},"end":{"line":86,"column":7}},"14":{"start":{"line":88,"column":2},"end":{"line":95,"column":4}},"15":{"start":{"line":98,"column":0},"end":{"line":129,"column":2}},"16":{"start":{"line":99,"column":2},"end":{"line":104,"column":3}},"17":{"start":{"line":100,"column":4},"end":{"line":103,"column":7}},"18":{"start":{"line":105,"column":19},"end":{"line":105,"column":39}},"19":{"start":{"line":106,"column":18},"end":{"line":106,"column":35}},"20":{"start":{"line":107,"column":18},"end":{"line":107,"column":71}},"21":{"start":{"line":108,"column":2},"end":{"line":119,"column":3}},"22":{"start":{"line":109,"column":4},"end":{"line":118,"column":7}},"23":{"start":{"line":120,"column":2},"end":{"line":128,"column":5}},"24":{"start":{"line":131,"column":0},"end":{"line":149,"column":2}},"25":{"start":{"line":132,"column":2},"end":{"line":140,"column":3}},"26":{"start":{"line":136,"column":4},"end":{"line":139,"column":7}},"27":{"start":{"line":141,"column":2},"end":{"line":148,"column":4}},"28":{"start":{"line":151,"column":0},"end":{"line":167,"column":2}},"29":{"start":{"line":152,"column":2},"end":{"line":157,"column":3}},"30":{"start":{"line":153,"column":4},"end":{"line":156,"column":7}},"31":{"start":{"line":159,"column":2},"end":{"line":166,"column":4}}},"fnMap":{"0":{"name":"(anonymous_4)","decl":{"start":{"line":64,"column":19},"end":{"line":64,"column":20}},"loc":{"start":{"line":64,"column":39},"end":{"line":66,"column":1}}},"1":{"name":"(anonymous_5)","decl":{"start":{"line":68,"column":12},"end":{"line":68,"column":13}},"loc":{"start":{"line":68,"column":76},"end":{"line":79,"column":1}}},"2":{"name":"(anonymous_6)","decl":{"start":{"line":81,"column":12},"end":{"line":81,"column":13}},"loc":{"start":{"line":81,"column":50},"end":{"line":96,"column":1}}},"3":{"name":"(anonymous_7)","decl":{"start":{"line":98,"column":10},"end":{"line":98,"column":14}},"loc":{"start":{"line":98,"column":70},"end":{"line":129,"column":1}}},"4":{"name":"(anonymous_8)","decl":{"start":{"line":131,"column":13},"end":{"line":131,"column":14}},"loc":{"start":{"line":131,"column":51},"end":{"line":149,"column":1}}},"5":{"name":"(anonymous_9)","decl":{"start":{"line":151,"column":12},"end":{"line":151,"column":13}},"loc":{"start":{"line":151,"column":50},"end":{"line":167,"column":1}}}},"branchMap":{"0":{"loc":{"start":{"line":72,"column":14},"end":{"line":72,"column":31}},"type":"binary-expr","locations":[{"start":{"line":72,"column":14},"end":{"line":72,"column":17}},{"start":{"line":72,"column":21},"end":{"line":72,"column":31}}]},"1":{"loc":{"start":{"line":82,"column":2},"end":{"line":87,"column":3}},"type":"if","locations":[{"start":{"line":82,"column":2},"end":{"line":87,"column":3}}]},"2":{"loc":{"start":{"line":93,"column":17},"end":{"line":93,"column":34}},"type":"binary-expr","locations":[{"start":{"line":93,"column":17},"end":{"line":93,"column":20}},{"start":{"line":93,"column":24},"end":{"line":93,"column":34}}]},"3":{"loc":{"start":{"line":99,"column":2},"end":{"line":104,"column":3}},"type":"if","locations":[{"start":{"line":99,"column":2},"end":{"line":104,"column":3}}]},"4":{"loc":{"start":{"line":106,"column":18},"end":{"line":106,"column":35}},"type":"binary-expr","locations":[{"start":{"line":106,"column":18},"end":{"line":106,"column":21}},{"start":{"line":106,"column":25},"end":{"line":106,"column":35}}]},"5":{"loc":{"start":{"line":108,"column":2},"end":{"line":119,"column":3}},"type":"if","locations":[{"start":{"line":108,"column":2},"end":{"line":119,"column":3}}]},"6":{"loc":{"start":{"line":132,"column":2},"end":{"line":140,"column":3}},"type":"if","locations":[{"start":{"line":132,"column":2},"end":{"line":140,"column":3}}]},"7":{"loc":{"start":{"line":133,"column":4},"end":{"line":134,"column":38}},"type":"binary-expr","locations":[{"start":{"line":133,"column":4},"end":{"line":133,"column":42}},{"start":{"line":134,"column":4},"end":{"line":134,"column":38}}]},"8":{"loc":{"start":{"line":146,"column":15},"end":{"line":146,"column":32}},"type":"binary-expr","locations":[{"start":{"line":146,"column":15},"end":{"line":146,"column":18}},{"start":{"line":146,"column":22},"end":{"line":146,"column":32}}]},"9":{"loc":{"start":{"line":152,"column":2},"end":{"line":157,"column":3}},"type":"if","locations":[{"start":{"line":152,"column":2},"end":{"line":157,"column":3}}]},"10":{"loc":{"start":{"line":152,"column":6},"end":{"line":152,"column":77}},"type":"binary-expr","locations":[{"start":{"line":152,"column":6},"end":{"line":152,"column":39}},{"start":{"line":152,"column":43},"end":{"line":152,"column":77}}]},"11":{"loc":{"start":{"line":164,"column":16},"end":{"line":164,"column":33}},"type":"binary-expr","locations":[{"start":{"line":164,"column":16},"end":{"line":164,"column":19}},{"start":{"line":164,"column":23},"end":{"line":164,"column":33}}]}},"s":{"0":2,"1":2,"2":2,"3":2,"4":2,"5":4,"6":2,"7":2,"8":4,"9":4,"10":4,"11":2,"12":2,"13":0,"14":2,"15":2,"16":4,"17":0,"18":4,"19":4,"20":4,"21":4,"22":2,"23":2,"24":2,"25":0,"26":0,"27":0,"28":2,"29":0,"30":0,"31":0},"f":{"0":4,"1":4,"2":2,"3":4,"4":0,"5":0},"b":{"0":[4,4],"1":[0],"2":[2,2],"3":[0],"4":[4,4],"5":[2],"6":[0],"7":[0,0],"8":[0,0],"9":[0],"10":[0,0],"11":[0,0]}}
,"/app/core/domain/license/code.ts": {"path":"/app/core/domain/license/code.ts","statementMap":{"0":{"start":{"line":1,"column":0},"end":{"line":1,"column":40}},"1":{"start":{"line":2,"column":0},"end":{"line":2,"column":64}},"2":{"start":{"line":6,"column":15},"end":{"line":6,"column":20}},"3":{"start":{"line":8,"column":27},"end":{"line":17,"column":1}},"4":{"start":{"line":9,"column":22},"end":{"line":9,"column":46}},"5":{"start":{"line":10,"column":2},"end":{"line":15,"column":3}},"6":{"start":{"line":11,"column":4},"end":{"line":14,"column":7}},"7":{"start":{"line":16,"column":2},"end":{"line":16,"column":27}},"8":{"start":{"line":8,"column":13},"end":{"line":8,"column":27}},"9":{"start":{"line":19,"column":0},"end":{"line":28,"column":2}},"10":{"start":{"line":20,"column":2},"end":{"line":24,"column":3}},"11":{"start":{"line":21,"column":4},"end":{"line":23,"column":6}},"12":{"start":{"line":25,"column":2},"end":{"line":27,"column":4}},"13":{"start":{"line":30,"column":0},"end":{"line":31,"column":87}},"14":{"start":{"line":31,"column":2},"end":{"line":31,"column":86}}},"fnMap":{"0":{"name":"(anonymous_0)","decl":{"start":{"line":8,"column":27},"end":{"line":8,"column":28}},"loc":{"start":{"line":8,"column":42},"end":{"line":17,"column":1}}},"1":{"name":"(anonymous_1)","decl":{"start":{"line":19,"column":23},"end":{"line":19,"column":24}},"loc":{"start":{"line":19,"column":38},"end":{"line":28,"column":1}}},"2":{"name":"(anonymous_2)","decl":{"start":{"line":30,"column":21},"end":{"line":30,"column":24}},"loc":{"start":{"line":31,"column":2},"end":{"line":31,"column":86}}}},"branchMap":{"0":{"loc":{"start":{"line":10,"column":2},"end":{"line":15,"column":3}},"type":"if","locations":[{"start":{"line":10,"column":2},"end":{"line":15,"column":3}}]},"1":{"loc":{"start":{"line":20,"column":2},"end":{"line":24,"column":3}},"type":"if","locations":[{"start":{"line":20,"column":2},"end":{"line":24,"column":3}}]}},"s":{"0":9,"1":9,"2":9,"3":9,"4":2,"5":2,"6":1,"7":1,"8":9,"9":9,"10":4,"11":1,"12":3,"13":9,"14":45},"f":{"0":2,"1":4,"2":45},"b":{"0":[1],"1":[1]}}
,"/app/core/domain/license/fuel.ts": {"path":"/app/core/domain/license/fuel.ts","statementMap":{"0":{"start":{"line":1,"column":0},"end":{"line":1,"column":87}},"1":{"start":{"line":6,"column":20},"end":{"line":8,"column":1}},"2":{"start":{"line":7,"column":2},"end":{"line":7,"column":19}},"3":{"start":{"line":6,"column":13},"end":{"line":6,"column":20}},"4":{"start":{"line":10,"column":0},"end":{"line":10,"column":31}},"5":{"start":{"line":10,"column":21},"end":{"line":10,"column":30}},"6":{"start":{"line":12,"column":0},"end":{"line":15,"column":2}},"7":{"start":{"line":13,"column":40},"end":{"line":13,"column":45}},"8":{"start":{"line":14,"column":2},"end":{"line":14,"column":59}}},"fnMap":{"0":{"name":"(anonymous_0)","decl":{"start":{"line":6,"column":20},"end":{"line":6,"column":21}},"loc":{"start":{"line":6,"column":34},"end":{"line":8,"column":1}}},"1":{"name":"(anonymous_1)","decl":{"start":{"line":10,"column":15},"end":{"line":10,"column":18}},"loc":{"start":{"line":10,"column":21},"end":{"line":10,"column":30}}},"2":{"name":"(anonymous_2)","decl":{"start":{"line":12,"column":17},"end":{"line":12,"column":18}},"loc":{"start":{"line":12,"column":40},"end":{"line":15,"column":1}}}},"branchMap":{},"s":{"0":33,"1":33,"2":147,"3":33,"4":33,"5":72,"6":33,"7":74,"8":74},"f":{"0":147,"1":72,"2":74},"b":{}}
,"/app/core/domain/license/id.ts": {"path":"/app/core/domain/license/id.ts","statementMap":{"0":{"start":{"line":1,"column":0},"end":{"line":1,"column":40}},"1":{"start":{"line":2,"column":0},"end":{"line":2,"column":64}},"2":{"start":{"line":6,"column":15},"end":{"line":6,"column":20}},"3":{"start":{"line":8,"column":25},"end":{"line":17,"column":1}},"4":{"start":{"line":9,"column":22},"end":{"line":9,"column":44}},"5":{"start":{"line":10,"column":2},"end":{"line":15,"column":3}},"6":{"start":{"line":11,"column":4},"end":{"line":14,"column":7}},"7":{"start":{"line":16,"column":2},"end":{"line":16,"column":25}},"8":{"start":{"line":8,"column":13},"end":{"line":8,"column":25}},"9":{"start":{"line":19,"column":0},"end":{"line":28,"column":2}},"10":{"start":{"line":20,"column":2},"end":{"line":24,"column":3}},"11":{"start":{"line":21,"column":4},"end":{"line":23,"column":6}},"12":{"start":{"line":25,"column":2},"end":{"line":27,"column":4}},"13":{"start":{"line":30,"column":0},"end":{"line":31,"column":86}},"14":{"start":{"line":31,"column":2},"end":{"line":31,"column":85}}},"fnMap":{"0":{"name":"(anonymous_0)","decl":{"start":{"line":8,"column":25},"end":{"line":8,"column":26}},"loc":{"start":{"line":8,"column":40},"end":{"line":17,"column":1}}},"1":{"name":"(anonymous_1)","decl":{"start":{"line":19,"column":21},"end":{"line":19,"column":22}},"loc":{"start":{"line":19,"column":36},"end":{"line":28,"column":1}}},"2":{"name":"(anonymous_2)","decl":{"start":{"line":30,"column":19},"end":{"line":30,"column":22}},"loc":{"start":{"line":31,"column":2},"end":{"line":31,"column":85}}}},"branchMap":{"0":{"loc":{"start":{"line":10,"column":2},"end":{"line":15,"column":3}},"type":"if","locations":[{"start":{"line":10,"column":2},"end":{"line":15,"column":3}}]},"1":{"loc":{"start":{"line":20,"column":2},"end":{"line":24,"column":3}},"type":"if","locations":[{"start":{"line":20,"column":2},"end":{"line":24,"column":3}}]}},"s":{"0":9,"1":9,"2":9,"3":9,"4":2,"5":2,"6":1,"7":1,"8":9,"9":9,"10":3,"11":1,"12":2,"13":9,"14":48},"f":{"0":2,"1":3,"2":48},"b":{"0":[1],"1":[1]}}
[...]
,"/app/core/usecase/update-notification-config.ts": {"path":"/app/core/usecase/update-notification-config.ts","statementMap":{"0":{"start":{"line":2,"column":0},"end":{"line":2,"column":57}},"1":{"start":{"line":4,"column":0},"end":{"line":4,"column":82}},"2":{"start":{"line":10,"column":40},"end":{"line":40,"column":1}},"3":{"start":{"line":16,"column":47},"end":{"line":34,"column":3}},"4":{"start":{"line":17,"column":31},"end":{"line":19,"column":6}},"5":{"start":{"line":20,"column":4},"end":{"line":22,"column":5}},"6":{"start":{"line":21,"column":6},"end":{"line":21,"column":32}},"7":{"start":{"line":23,"column":17},"end":{"line":28,"column":6}},"8":{"start":{"line":29,"column":16},"end":{"line":29,"column":69}},"9":{"start":{"line":30,"column":4},"end":{"line":32,"column":5}},"10":{"start":{"line":31,"column":6},"end":{"line":31,"column":17}},"11":{"start":{"line":33,"column":4},"end":{"line":33,"column":16}},"12":{"start":{"line":35,"column":2},"end":{"line":39,"column":4}},"13":{"start":{"line":10,"column":13},"end":{"line":10,"column":40}}},"fnMap":{"0":{"name":"(anonymous_0)","decl":{"start":{"line":10,"column":40},"end":{"line":10,"column":41}},"loc":{"start":{"line":15,"column":31},"end":{"line":40,"column":1}}},"1":{"name":"(anonymous_1)","decl":{"start":{"line":16,"column":47},"end":{"line":16,"column":52}},"loc":{"start":{"line":16,"column":62},"end":{"line":34,"column":3}}}},"branchMap":{"0":{"loc":{"start":{"line":20,"column":4},"end":{"line":22,"column":5}},"type":"if","locations":[{"start":{"line":20,"column":4},"end":{"line":22,"column":5}}]},"1":{"loc":{"start":{"line":30,"column":4},"end":{"line":32,"column":5}},"type":"if","locations":[{"start":{"line":30,"column":4},"end":{"line":32,"column":5}}]}},"s":{"0":1,"1":1,"2":1,"3":1,"4":1,"5":1,"6":0,"7":1,"8":1,"9":1,"10":0,"11":1,"12":1,"13":1},"f":{"0":1,"1":1},"b":{"0":[0],"1":[0]}}
,"/app/core/usecase/update-organization.ts": {"path":"/app/core/usecase/update-organization.ts","statementMap":{"0":{"start":{"line":3,"column":0},"end":{"line":3,"column":64}},"1":{"start":{"line":5,"column":0},"end":{"line":5,"column":69}},"2":{"start":{"line":11,"column":34},"end":{"line":47,"column":1}},"3":{"start":{"line":15,"column":41},"end":{"line":41,"column":3}},"4":{"start":{"line":16,"column":25},"end":{"line":18,"column":6}},"5":{"start":{"line":19,"column":4},"end":{"line":19,"column":59}},"6":{"start":{"line":19,"column":39},"end":{"line":19,"column":59}},"7":{"start":{"line":20,"column":19},"end":{"line":26,"column":6}},"8":{"start":{"line":27,"column":25},"end":{"line":30,"column":6}},"9":{"start":{"line":31,"column":4},"end":{"line":31,"column":59}},"10":{"start":{"line":31,"column":39},"end":{"line":31,"column":59}},"11":{"start":{"line":32,"column":4},"end":{"line":37,"column":5}},"12":{"start":{"line":33,"column":6},"end":{"line":36,"column":9}},"13":{"start":{"line":38,"column":16},"end":{"line":38,"column":65}},"14":{"start":{"line":39,"column":4},"end":{"line":39,"column":41}},"15":{"start":{"line":39,"column":30},"end":{"line":39,"column":41}},"16":{"start":{"line":40,"column":4},"end":{"line":40,"column":18}},"17":{"start":{"line":42,"column":2},"end":{"line":46,"column":4}},"18":{"start":{"line":11,"column":13},"end":{"line":11,"column":34}}},"fnMap":{"0":{"name":"(anonymous_0)","decl":{"start":{"line":11,"column":34},"end":{"line":11,"column":35}},"loc":{"start":{"line":14,"column":25},"end":{"line":47,"column":1}}},"1":{"name":"(anonymous_1)","decl":{"start":{"line":15,"column":41},"end":{"line":15,"column":46}},"loc":{"start":{"line":15,"column":56},"end":{"line":41,"column":3}}}},"branchMap":{"0":{"loc":{"start":{"line":19,"column":4},"end":{"line":19,"column":59}},"type":"if","locations":[{"start":{"line":19,"column":4},"end":{"line":19,"column":59}}]},"1":{"loc":{"start":{"line":31,"column":4},"end":{"line":31,"column":59}},"type":"if","locations":[{"start":{"line":31,"column":4},"end":{"line":31,"column":59}}]},"2":{"loc":{"start":{"line":32,"column":4},"end":{"line":37,"column":5}},"type":"if","locations":[{"start":{"line":32,"column":4},"end":{"line":37,"column":5}}]},"3":{"loc":{"start":{"line":39,"column":4},"end":{"line":39,"column":41}},"type":"if","locations":[{"start":{"line":39,"column":4},"end":{"line":39,"column":41}}]}},"s":{"0":1,"1":1,"2":1,"3":1,"4":1,"5":1,"6":0,"7":1,"8":1,"9":1,"10":0,"11":1,"12":0,"13":1,"14":1,"15":0,"16":1,"17":1,"18":1},"f":{"0":1,"1":1},"b":{"0":[0],"1":[0],"2":[0],"3":[0]}}
,"/app/core/usecase/update-site.ts": {"path":"/app/core/usecase/update-site.ts","statementMap":{"0":{"start":{"line":4,"column":0},"end":{"line":4,"column":53}},"1":{"start":{"line":8,"column":26},"end":{"line":34,"column":1}},"2":{"start":{"line":11,"column":33},"end":{"line":28,"column":3}},"3":{"start":{"line":12,"column":17},"end":{"line":15,"column":6}},"4":{"start":{"line":16,"column":4},"end":{"line":18,"column":5}},"5":{"start":{"line":17,"column":6},"end":{"line":17,"column":18}},"6":{"start":{"line":20,"column":20},"end":{"line":23,"column":6}},"7":{"start":{"line":24,"column":4},"end":{"line":24,"column":49}},"8":{"start":{"line":24,"column":34},"end":{"line":24,"column":49}},"9":{"start":{"line":25,"column":22},"end":{"line":25,"column":64}},"10":{"start":{"line":26,"column":4},"end":{"line":26,"column":53}},"11":{"start":{"line":26,"column":36},"end":{"line":26,"column":53}},"12":{"start":{"line":27,"column":4},"end":{"line":27,"column":19}},"13":{"start":{"line":29,"column":2},"end":{"line":33,"column":4}},"14":{"start":{"line":8,"column":13},"end":{"line":8,"column":26}}},"fnMap":{"0":{"name":"(anonymous_0)","decl":{"start":{"line":8,"column":26},"end":{"line":8,"column":27}},"loc":{"start":{"line":10,"column":17},"end":{"line":34,"column":1}}},"1":{"name":"(anonymous_1)","decl":{"start":{"line":11,"column":33},"end":{"line":11,"column":38}},"loc":{"start":{"line":11,"column":48},"end":{"line":28,"column":3}}}},"branchMap":{"0":{"loc":{"start":{"line":16,"column":4},"end":{"line":18,"column":5}},"type":"if","locations":[{"start":{"line":16,"column":4},"end":{"line":18,"column":5}}]},"1":{"loc":{"start":{"line":24,"column":4},"end":{"line":24,"column":49}},"type":"if","locations":[{"start":{"line":24,"column":4},"end":{"line":24,"column":49}}]},"2":{"loc":{"start":{"line":26,"column":4},"end":{"line":26,"column":53}},"type":"if","locations":[{"start":{"line":26,"column":4},"end":{"line":26,"column":53}}]}},"s":{"0":1,"1":1,"2":2,"3":2,"4":2,"5":1,"6":1,"7":1,"8":0,"9":1,"10":1,"11":0,"12":1,"13":2,"14":1},"f":{"0":2,"1":2},"b":{"0":[1],"1":[0],"2":[0]}}
,"/app/core/usecase/update-tag.ts": {"path":"/app/core/usecase/update-tag.ts","statementMap":{"0":{"start":{"line":4,"column":0},"end":{"line":4,"column":51}},"1":{"start":{"line":8,"column":25},"end":{"line":32,"column":1}},"2":{"start":{"line":11,"column":32},"end":{"line":26,"column":3}},"3":{"start":{"line":12,"column":16},"end":{"line":12,"column":63}},"4":{"start":{"line":13,"column":4},"end":{"line":15,"column":5}},"5":{"start":{"line":14,"column":6},"end":{"line":14,"column":17}},"6":{"start":{"line":17,"column":19},"end":{"line":21,"column":6}},"7":{"start":{"line":22,"column":4},"end":{"line":22,"column":47}},"8":{"start":{"line":22,"column":33},"end":{"line":22,"column":47}},"9":{"start":{"line":23,"column":22},"end":{"line":23,"column":62}},"10":{"start":{"line":24,"column":4},"end":{"line":24,"column":53}},"11":{"start":{"line":24,"column":36},"end":{"line":24,"column":53}},"12":{"start":{"line":25,"column":4},"end":{"line":25,"column":18}},"13":{"start":{"line":27,"column":2},"end":{"line":31,"column":4}},"14":{"start":{"line":8,"column":13},"end":{"line":8,"column":25}}},"fnMap":{"0":{"name":"(anonymous_0)","decl":{"start":{"line":8,"column":25},"end":{"line":8,"column":26}},"loc":{"start":{"line":10,"column":16},"end":{"line":32,"column":1}}},"1":{"name":"(anonymous_1)","decl":{"start":{"line":11,"column":32},"end":{"line":11,"column":37}},"loc":{"start":{"line":11,"column":47},"end":{"line":26,"column":3}}}},"branchMap":{"0":{"loc":{"start":{"line":13,"column":4},"end":{"line":15,"column":5}},"type":"if","locations":[{"start":{"line":13,"column":4},"end":{"line":15,"column":5}}]},"1":{"loc":{"start":{"line":22,"column":4},"end":{"line":22,"column":47}},"type":"if","locations":[{"start":{"line":22,"column":4},"end":{"line":22,"column":47}}]},"2":{"loc":{"start":{"line":24,"column":4},"end":{"line":24,"column":53}},"type":"if","locations":[{"start":{"line":24,"column":4},"end":{"line":24,"column":53}}]}},"s":{"0":1,"1":1,"2":2,"3":2,"4":2,"5":1,"6":1,"7":1,"8":0,"9":1,"10":1,"11":0,"12":1,"13":2,"14":1},"f":{"0":2,"1":2},"b":{"0":[1],"1":[0],"2":[0]}}
,"/app/core/usecase/update-user.ts": {"path":"/app/core/usecase/update-user.ts","statementMap":{"0":{"start":{"line":1,"column":0},"end":{"line":1,"column":57}},"1":{"start":{"line":2,"column":0},"end":{"line":2,"column":53}},"2":{"start":{"line":9,"column":26},"end":{"line":43,"column":1}},"3":{"start":{"line":12,"column":33},"end":{"line":37,"column":3}},"4":{"start":{"line":19,"column":17},"end":{"line":22,"column":6}},"5":{"start":{"line":23,"column":4},"end":{"line":23,"column":43}},"6":{"start":{"line":23,"column":31},"end":{"line":23,"column":43}},"7":{"start":{"line":24,"column":20},"end":{"line":30,"column":6}},"8":{"start":{"line":31,"column":4},"end":{"line":31,"column":46}},"9":{"start":{"line":31,"column":31},"end":{"line":31,"column":46}},"10":{"start":{"line":33,"column":16},"end":{"line":33,"column":58}},"11":{"start":{"line":34,"column":4},"end":{"line":34,"column":41}},"12":{"start":{"line":34,"column":30},"end":{"line":34,"column":41}},"13":{"start":{"line":36,"column":4},"end":{"line":36,"column":19}},"14":{"start":{"line":38,"column":2},"end":{"line":42,"column":4}},"15":{"start":{"line":9,"column":13},"end":{"line":9,"column":26}}},"fnMap":{"0":{"name":"(anonymous_0)","decl":{"start":{"line":9,"column":26},"end":{"line":9,"column":27}},"loc":{"start":{"line":11,"column":17},"end":{"line":43,"column":1}}},"1":{"name":"(anonymous_1)","decl":{"start":{"line":12,"column":33},"end":{"line":12,"column":38}},"loc":{"start":{"line":18,"column":7},"end":{"line":37,"column":3}}}},"branchMap":{"0":{"loc":{"start":{"line":23,"column":4},"end":{"line":23,"column":43}},"type":"if","locations":[{"start":{"line":23,"column":4},"end":{"line":23,"column":43}}]},"1":{"loc":{"start":{"line":29,"column":8},"end":{"line":29,"column":61}},"type":"binary-expr","locations":[{"start":{"line":29,"column":8},"end":{"line":29,"column":30}},{"start":{"line":29,"column":34},"end":{"line":29,"column":61}}]},"2":{"loc":{"start":{"line":31,"column":4},"end":{"line":31,"column":46}},"type":"if","locations":[{"start":{"line":31,"column":4},"end":{"line":31,"column":46}}]},"3":{"loc":{"start":{"line":34,"column":4},"end":{"line":34,"column":41}},"type":"if","locations":[{"start":{"line":34,"column":4},"end":{"line":34,"column":41}}]}},"s":{"0":1,"1":1,"2":1,"3":3,"4":3,"5":3,"6":1,"7":2,"8":2,"9":0,"10":2,"11":2,"12":0,"13":2,"14":3,"15":1},"f":{"0":3,"1":3},"b":{"0":[1],"1":[2,1],"2":[0],"3":[0]}}
,"/app/core/usecase/use-license.ts": {"path":"/app/core/usecase/use-license.ts","statementMap":{"0":{"start":{"line":1,"column":0},"end":{"line":1,"column":57}},"1":{"start":{"line":2,"column":0},"end":{"line":2,"column":75}},"2":{"start":{"line":3,"column":0},"end":{"line":3,"column":69}},"3":{"start":{"line":4,"column":0},"end":{"line":4,"column":59}},"4":{"start":{"line":5,"column":0},"end":{"line":5,"column":77}},"5":{"start":{"line":6,"column":0},"end":{"line":6,"column":64}},"6":{"start":{"line":14,"column":26},"end":{"line":83,"column":1}},"7":{"start":{"line":19,"column":33},"end":{"line":76,"column":3}},"8":{"start":{"line":21,"column":6},"end":{"line":26,"column":12}},"9":{"start":{"line":27,"column":4},"end":{"line":27,"column":46}},"10":{"start":{"line":27,"column":31},"end":{"line":27,"column":46}},"11":{"start":{"line":30,"column":6},"end":{"line":34,"column":12}},"12":{"start":{"line":35,"column":4},"end":{"line":35,"column":56}},"13":{"start":{"line":35,"column":36},"end":{"line":35,"column":56}},"14":{"start":{"line":37,"column":17},"end":{"line":39,"column":6}},"15":{"start":{"line":40,"column":4},"end":{"line":40,"column":40}},"16":{"start":{"line":40,"column":28},"end":{"line":40,"column":40}},"17":{"start":{"line":42,"column":17},"end":{"line":45,"column":6}},"18":{"start":{"line":46,"column":4},"end":{"line":46,"column":40}},"19":{"start":{"line":46,"column":28},"end":{"line":46,"column":40}},"20":{"start":{"line":48,"column":24},"end":{"line":48,"column":44}},"21":{"start":{"line":49,"column":4},"end":{"line":49,"column":54}},"22":{"start":{"line":49,"column":35},"end":{"line":49,"column":54}},"23":{"start":{"line":51,"column":28},"end":{"line":51,"column":77}},"24":{"start":{"line":52,"column":28},"end":{"line":57,"column":6}},"25":{"start":{"line":60,"column":6},"end":{"line":60,"column":67}},"26":{"start":{"line":61,"column":4},"end":{"line":61,"column":71}},"27":{"start":{"line":61,"column":45},"end":{"line":61,"column":71}},"28":{"start":{"line":63,"column":14},"end":{"line":63,"column":63}},"29":{"start":{"line":64,"column":4},"end":{"line":64,"column":38}},"30":{"start":{"line":64,"column":27},"end":{"line":64,"column":38}},"31":{"start":{"line":65,"column":29},"end":{"line":69,"column":6}},"32":{"start":{"line":70,"column":4},"end":{"line":70,"column":70}},"33":{"start":{"line":71,"column":4},"end":{"line":71,"column":38}},"34":{"start":{"line":71,"column":27},"end":{"line":71,"column":38}},"35":{"start":{"line":72,"column":4},"end":{"line":75,"column":6}},"36":{"start":{"line":78,"column":2},"end":{"line":82,"column":4}},"37":{"start":{"line":14,"column":13},"end":{"line":14,"column":26}},"38":{"start":{"line":85,"column":0},"end":{"line":89,"column":2}},"39":{"start":{"line":86,"column":22},"end":{"line":86,"column":26}},"40":{"start":{"line":87,"column":15},"end":{"line":87,"column":35}},"41":{"start":{"line":88,"column":2},"end":{"line":88,"column":38}},"42":{"start":{"line":88,"column":26},"end":{"line":88,"column":38}},"43":{"start":{"line":91,"column":0},"end":{"line":104,"column":2}},"44":{"start":{"line":95,"column":36},"end":{"line":95,"column":40}},"45":{"start":{"line":96,"column":2},"end":{"line":101,"column":3}},"46":{"start":{"line":97,"column":4},"end":{"line":100,"column":7}},"47":{"start":{"line":102,"column":15},"end":{"line":102,"column":41}},"48":{"start":{"line":103,"column":2},"end":{"line":103,"column":38}},"49":{"start":{"line":103,"column":26},"end":{"line":103,"column":38}}},"fnMap":{"0":{"name":"(anonymous_0)","decl":{"start":{"line":14,"column":26},"end":{"line":14,"column":27}},"loc":{"start":{"line":18,"column":17},"end":{"line":83,"column":1}}},"1":{"name":"(anonymous_1)","decl":{"start":{"line":19,"column":33},"end":{"line":19,"column":38}},"loc":{"start":{"line":19,"column":48},"end":{"line":76,"column":3}}},"2":{"name":"(anonymous_2)","decl":{"start":{"line":85,"column":29},"end":{"line":85,"column":30}},"loc":{"start":{"line":85,"column":60},"end":{"line":89,"column":1}}},"3":{"name":"(anonymous_3)","decl":{"start":{"line":91,"column":22},"end":{"line":91,"column":23}},"loc":{"start":{"line":94,"column":19},"end":{"line":104,"column":1}}}},"branchMap":{"0":{"loc":{"start":{"line":21,"column":6},"end":{"line":26,"column":12}},"type":"cond-expr","locations":[{"start":{"line":22,"column":10},"end":{"line":22,"column":22}},{"start":{"line":23,"column":10},"end":{"line":26,"column":12}}]},"1":{"loc":{"start":{"line":27,"column":4},"end":{"line":27,"column":46}},"type":"if","locations":[{"start":{"line":27,"column":4},"end":{"line":27,"column":46}}]},"2":{"loc":{"start":{"line":30,"column":6},"end":{"line":34,"column":12}},"type":"cond-expr","locations":[{"start":{"line":31,"column":10},"end":{"line":31,"column":27}},{"start":{"line":32,"column":10},"end":{"line":34,"column":12}}]},"3":{"loc":{"start":{"line":35,"column":4},"end":{"line":35,"column":56}},"type":"if","locations":[{"start":{"line":35,"column":4},"end":{"line":35,"column":56}}]},"4":{"loc":{"start":{"line":40,"column":4},"end":{"line":40,"column":40}},"type":"if","locations":[{"start":{"line":40,"column":4},"end":{"line":40,"column":40}}]},"5":{"loc":{"start":{"line":46,"column":4},"end":{"line":46,"column":40}},"type":"if","locations":[{"start":{"line":46,"column":4},"end":{"line":46,"column":40}}]},"6":{"loc":{"start":{"line":49,"column":4},"end":{"line":49,"column":54}},"type":"if","locations":[{"start":{"line":49,"column":4},"end":{"line":49,"column":54}}]},"7":{"loc":{"start":{"line":61,"column":4},"end":{"line":61,"column":71}},"type":"if","locations":[{"start":{"line":61,"column":4},"end":{"line":61,"column":71}}]},"8":{"loc":{"start":{"line":64,"column":4},"end":{"line":64,"column":38}},"type":"if","locations":[{"start":{"line":64,"column":4},"end":{"line":64,"column":38}}]},"9":{"loc":{"start":{"line":71,"column":4},"end":{"line":71,"column":38}},"type":"if","locations":[{"start":{"line":71,"column":4},"end":{"line":71,"column":38}}]},"10":{"loc":{"start":{"line":88,"column":2},"end":{"line":88,"column":38}},"type":"if","locations":[{"start":{"line":88,"column":2},"end":{"line":88,"column":38}}]},"11":{"loc":{"start":{"line":96,"column":2},"end":{"line":101,"column":3}},"type":"if","locations":[{"start":{"line":96,"column":2},"end":{"line":101,"column":3}}]},"12":{"loc":{"start":{"line":103,"column":2},"end":{"line":103,"column":38}},"type":"if","locations":[{"start":{"line":103,"column":2},"end":{"line":103,"column":38}}]}},"s":{"0":2,"1":2,"2":2,"3":2,"4":2,"5":2,"6":2,"7":8,"8":8,"9":8,"10":1,"11":7,"12":7,"13":1,"14":6,"15":6,"16":1,"17":5,"18":5,"19":0,"20":5,"21":5,"22":0,"23":5,"24":5,"25":5,"26":5,"27":1,"28":4,"29":4,"30":1,"31":3,"32":3,"33":3,"34":1,"35":2,"36":8,"37":2,"38":2,"39":6,"40":6,"41":6,"42":1,"43":2,"44":5,"45":5,"46":0,"47":5,"48":5,"49":0},"f":{"0":8,"1":8,"2":6,"3":5},"b":{"0":[1,7],"1":[1],"2":[1,6],"3":[1],"4":[1],"5":[0],"6":[0],"7":[1],"8":[1],"9":[1],"10":[1],"11":[0],"12":[0]}}
}
