TN:
SF:domain/alert-email.ts
FN:11,(anonymous_0)
FN:20,(anonymous_1)
FN:22,(anonymous_2)
FNF:3
FNH:3
FNDA:1,(anonymous_0)
FNDA:1,(anonymous_1)
FNDA:1,(anonymous_2)
DA:11,1
DA:17,1
DA:19,1
DA:21,1
DA:22,1
DA:24,1
DA:34,1
DA:35,1
DA:50,1
LF:9
LH:9
BRDA:26,0,0,1
BRDA:26,0,1,0
BRDA:28,1,0,1
BRDA:28,1,1,0
BRF:4
BRH:2
end_of_record
TN:
SF:domain/ap-client.ts
FN:22,(anonymous_0)
FN:23,(anonymous_1)
FN:50,(anonymous_2)
FN:52,(anonymous_3)
FN:66,(anonymous_4)
FN:70,(anonymous_5)
FN:71,(anonymous_6)
FN:72,(anonymous_7)
FN:74,(anonymous_8)
FN:75,(anonymous_9)
FN:82,(anonymous_10)
FN:89,(anonymous_11)
FNF:12
FNH:10
FNDA:1,(anonymous_0)
FNDA:1,(anonymous_1)
FNDA:42,(anonymous_2)
FNDA:0,(anonymous_3)
FNDA:0,(anonymous_4)
FNDA:5,(anonymous_5)
FNDA:5,(anonymous_6)
FNDA:4,(anonymous_7)
FNDA:5,(anonymous_8)
FNDA:1,(anonymous_9)
FNDA:4,(anonymous_10)
FNDA:11,(anonymous_11)
DA:1,1
DA:2,1
DA:3,1
DA:4,1
DA:22,1
DA:23,1
DA:24,1
DA:50,42
DA:52,1
DA:53,0
DA:54,0
DA:55,0
DA:60,0
DA:66,1
DA:67,0
DA:70,1
DA:71,5
DA:72,5
DA:73,5
DA:74,5
DA:76,1
DA:82,5
DA:83,4
DA:84,4
DA:86,5
DA:89,1
DA:90,11
DA:91,11
DA:92,4
DA:94,7
DA:95,7
DA:96,1
DA:105,6
DA:111,4
DA:120,2
DA:121,2
DA:122,2
DA:123,2
DA:124,2
DA:125,2
LF:40
LH:35
BRDA:26,0,0,0
BRDA:26,0,1,1
BRDA:32,1,0,1
BRDA:32,1,1,0
BRDA:34,2,0,1
BRDA:34,2,1,0
BRDA:53,3,0,0
BRDA:53,3,1,0
BRDA:54,4,0,0
BRDA:91,5,0,4
BRDA:95,6,0,1
BRDA:105,7,0,4
BRDA:106,8,0,6
BRDA:106,8,1,3
BRDA:106,8,2,2
BRDA:106,8,3,2
BRF:16
BRH:10
end_of_record
TN:
SF:domain/async-paginate.ts
FN:1,(anonymous_0)
FN:8,(anonymous_1)
FNF:2
FNH:2
FNDA:4,(anonymous_0)
FNDA:4,(anonymous_1)
DA:1,2
DA:6,4
DA:7,4
DA:8,4
DA:9,4
DA:10,4
DA:12,4
DA:13,10
DA:17,10
DA:18,1
DA:19,1
DA:21,9
DA:22,2
DA:24,9
DA:25,13
DA:26,13
DA:27,13
DA:28,1
DA:29,1
DA:31,12
LF:20
LH:20
BRDA:6,0,0,4
BRDA:6,0,1,1
BRDA:17,1,0,1
BRDA:21,2,0,2
BRDA:27,3,0,1
BRDA:27,4,0,13
BRDA:27,4,1,3
BRF:7
BRH:7
end_of_record
TN:
SF:domain/band-width.ts
FN:4,(anonymous_0)
FN:5,(anonymous_1)
FNF:2
FNH:0
FNDA:0,(anonymous_0)
FNDA:0,(anonymous_1)
DA:1,2
DA:2,2
DA:4,2
DA:5,2
LF:4
LH:4
BRF:0
BRH:0
end_of_record
TN:
SF:domain/channel.ts
FN:6,(anonymous_0)
FN:7,(anonymous_1)
FNF:2
FNH:2
FNDA:36,(anonymous_0)
FNDA:30,(anonymous_1)
DA:1,10
DA:6,36
DA:7,10
DA:8,30
LF:4
LH:4
BRF:0
BRH:0
end_of_record
TN:
SF:domain/dbm.ts
FN:2,(anonymous_0)
FN:3,(anonymous_1)
FNF:2
FNH:2
FNDA:13,(anonymous_0)
FNDA:7,(anonymous_1)
DA:2,13
DA:3,10
LF:2
LH:2
BRF:0
BRH:0
end_of_record
TN:
SF:domain/device-name.ts
FN:4,(anonymous_0)
FN:8,(anonymous_1)
FN:9,(anonymous_2)
FNF:3
FNH:2
FNDA:1,(anonymous_0)
FNDA:0,(anonymous_1)
FNDA:1,(anonymous_2)
DA:1,1
DA:4,1
DA:5,1
DA:8,1
DA:9,1
LF:5
LH:5
BRF:0
BRH:0
end_of_record
TN:
SF:domain/device.ts
FN:10,(anonymous_0)
FN:25,(anonymous_1)
FNF:2
FNH:2
FNDA:1,(anonymous_0)
FNDA:1,(anonymous_1)
DA:1,1
DA:2,1
DA:3,1
DA:10,1
DA:15,1
DA:16,1
DA:18,1
DA:25,1
DA:26,1
LF:9
LH:9
BRDA:16,0,0,1
BRDA:16,0,1,0
BRF:2
BRH:1
end_of_record
TN:
SF:domain/error.ts
FN:1,(anonymous_0)
FN:17,(anonymous_1)
FNF:2
FNH:2
FNDA:75,(anonymous_0)
FNDA:69,(anonymous_1)
DA:1,75
DA:2,75
DA:3,75
DA:4,75
DA:5,75
DA:6,75
DA:7,75
DA:8,75
DA:9,75
DA:10,75
DA:11,75
DA:12,75
DA:13,75
DA:14,75
DA:17,75
DA:22,69
DA:23,69
DA:24,69
DA:25,69
DA:26,0
DA:29,69
DA:30,0
DA:32,69
DA:34,75
LF:24
LH:22
BRDA:1,0,0,75
BRDA:1,0,1,75
BRDA:23,1,0,69
BRDA:23,1,1,12
BRDA:25,2,0,0
BRDA:29,3,0,0
BRF:6
BRH:4
end_of_record
TN:
SF:domain/firmware-package.ts
FN:4,(anonymous_0)
FN:8,(anonymous_1)
FN:12,(anonymous_2)
FNF:3
FNH:3
FNDA:53,(anonymous_0)
FNDA:1,(anonymous_1)
FNDA:53,(anonymous_2)
DA:1,28
DA:2,28
DA:4,28
DA:5,53
DA:8,28
DA:9,1
DA:12,28
DA:13,53
LF:8
LH:8
BRF:0
BRH:0
end_of_record
TN:
SF:domain/firmware-version.ts
FN:2,(anonymous_0)
FN:6,(anonymous_1)
FN:11,(anonymous_2)
FNF:3
FNH:2
FNDA:23,(anonymous_0)
FNDA:23,(anonymous_1)
FNDA:0,(anonymous_2)
DA:2,10
DA:3,23
DA:6,10
DA:7,23
DA:11,10
DA:12,0
LF:6
LH:5
BRF:0
BRH:0
end_of_record
TN:
SF:domain/hour.ts
FN:2,(anonymous_0)
FNF:1
FNH:1
FNDA:3,(anonymous_0)
DA:2,3
LF:1
LH:1
BRF:0
BRH:0
end_of_record
TN:
SF:domain/int.ts
FN:2,(anonymous_0)
FNF:1
FNH:1
FNDA:222,(anonymous_0)
DA:2,222
LF:1
LH:1
BRF:0
BRH:0
end_of_record
TN:
SF:domain/ip-address.ts
FN:4,(anonymous_0)
FN:6,(anonymous_1)
FN:11,(anonymous_2)
FN:20,(anonymous_3)
FNF:4
FNH:0
FNDA:0,(anonymous_0)
FNDA:0,(anonymous_1)
FNDA:0,(anonymous_2)
FNDA:0,(anonymous_3)
DA:1,2
DA:2,2
DA:4,2
DA:6,2
DA:7,0
DA:10,2
DA:11,2
DA:12,0
DA:13,0
DA:15,0
DA:20,2
DA:21,0
DA:22,0
DA:23,0
DA:25,0
LF:15
LH:7
BRDA:12,0,0,0
BRDA:22,1,0,0
BRF:2
BRH:0
end_of_record
TN:
SF:domain/mac-address.ts
FN:12,(anonymous_0)
FN:16,(anonymous_1)
FN:26,(anonymous_2)
FN:29,(anonymous_3)
FNF:4
FNH:2
FNDA:26,(anonymous_0)
FNDA:0,(anonymous_1)
FNDA:47,(anonymous_2)
FNDA:0,(anonymous_3)
DA:1,13
DA:5,13
DA:10,13
DA:12,13
DA:13,26
DA:16,13
DA:17,0
DA:18,0
DA:19,0
DA:26,13
DA:27,47
DA:29,13
DA:30,0
LF:13
LH:9
BRDA:18,0,0,0
BRF:1
BRH:0
end_of_record
TN:
SF:domain/meter.ts
FN:4,(anonymous_0)
FN:7,(anonymous_1)
FN:8,(anonymous_2)
FN:9,(anonymous_3)
FNF:4
FNH:3
FNDA:18,(anonymous_0)
FNDA:10,(anonymous_1)
FNDA:8,(anonymous_2)
FNDA:0,(anonymous_3)
DA:4,5
DA:5,18
DA:7,10
DA:8,8
DA:9,5
DA:10,0
DA:11,0
LF:7
LH:5
BRF:0
BRH:0
end_of_record
TN:
SF:domain/metric.ts
FN:25,(anonymous_0)
FN:27,(anonymous_1)
FN:29,(anonymous_2)
FN:32,(anonymous_3)
FN:42,(anonymous_4)
FNF:5
FNH:1
FNDA:16,(anonymous_0)
FNDA:0,(anonymous_1)
FNDA:0,(anonymous_2)
FNDA:0,(anonymous_3)
FNDA:0,(anonymous_4)
DA:1,1
DA:3,1
DA:4,1
DA:25,16
DA:27,1
DA:29,1
DA:30,0
DA:31,0
DA:32,0
DA:33,0
DA:42,1
DA:43,0
LF:12
LH:7
BRF:0
BRH:0
end_of_record
TN:
SF:domain/millisecond.ts
FN:2,(anonymous_0)
FN:3,(anonymous_1)
FNF:2
FNH:2
FNDA:88,(anonymous_0)
FNDA:54,(anonymous_1)
DA:2,88
DA:3,36
DA:4,54
LF:3
LH:3
BRF:0
BRH:0
end_of_record
TN:
SF:domain/node-log.ts
FN:4,(anonymous_0)
FN:5,(anonymous_1)
FNF:2
FNH:2
FNDA:3,(anonymous_0)
FNDA:10,(anonymous_1)
DA:1,2
DA:4,3
DA:5,2
DA:6,10
LF:4
LH:4
BRF:0
BRH:0
end_of_record
TN:
SF:domain/node-model.ts
FN:4,(anonymous_0)
FN:7,(anonymous_1)
FN:10,(anonymous_2)
FNF:3
FNH:1
FNDA:0,(anonymous_0)
FNDA:23,(anonymous_1)
FNDA:0,(anonymous_2)
DA:1,10
DA:2,10
DA:4,10
DA:5,0
DA:7,10
DA:8,23
DA:10,10
DA:11,0
LF:8
LH:6
BRF:0
BRH:0
end_of_record
TN:
SF:domain/pixel-scale.ts
FN:2,(anonymous_0)
FN:4,(anonymous_1)
FN:5,(anonymous_2)
FNF:3
FNH:3
FNDA:5,(anonymous_0)
FNDA:4,(anonymous_1)
FNDA:1,(anonymous_2)
DA:2,5
DA:4,5
DA:5,5
LF:3
LH:3
BRF:0
BRH:0
end_of_record
TN:
SF:domain/postal-code.ts
FN:5,(anonymous_0)
FNF:1
FNH:1
FNDA:4,(anonymous_0)
DA:1,1
DA:5,1
DA:6,4
DA:7,3
DA:12,1
LF:5
LH:5
BRDA:6,0,0,3
BRF:1
BRH:1
end_of_record
TN:
SF:domain/result.ts
FN:4,(anonymous_0)
FN:6,(anonymous_1)
FN:7,(anonymous_2)
FN:8,(anonymous_3)
FN:16,(anonymous_4)
FNF:5
FNH:4
FNDA:0,(anonymous_0)
FNDA:472,(anonymous_1)
FNDA:6,(anonymous_2)
FNDA:224,(anonymous_3)
FNDA:4,(anonymous_4)
DA:1,46
DA:4,46
DA:6,472
DA:7,46
DA:8,46
DA:9,224
DA:10,0
DA:12,224
DA:15,46
DA:16,46
LF:10
LH:9
BRDA:9,0,0,0
BRF:1
BRH:0
end_of_record
TN:
SF:domain/second.ts
FN:2,(anonymous_0)
FNF:1
FNH:1
FNDA:3,(anonymous_0)
DA:2,3
LF:1
LH:1
BRF:0
BRH:0
end_of_record
TN:
SF:domain/span.ts
FN:4,(anonymous_0)
FN:8,(anonymous_1)
FN:9,(anonymous_2)
FN:10,(anonymous_3)
FN:11,(anonymous_4)
FN:17,(anonymous_5)
FNF:6
FNH:4
FNDA:158,(anonymous_0)
FNDA:56,(anonymous_1)
FNDA:57,(anonymous_2)
FNDA:0,(anonymous_3)
FNDA:0,(anonymous_4)
FNDA:40,(anonymous_5)
DA:4,33
DA:5,158
DA:8,56
DA:9,57
DA:10,33
DA:11,33
DA:12,0
DA:13,0
DA:14,0
DA:15,0
DA:17,40
LF:11
LH:7
BRDA:12,0,0,0
BRDA:12,0,1,0
BRDA:13,1,0,0
BRDA:14,2,0,0
BRF:4
BRH:0
end_of_record
TN:
SF:domain/subnet-mask.ts
FN:2,(anonymous_0)
FN:3,(anonymous_1)
FNF:2
FNH:0
FNDA:0,(anonymous_0)
FNDA:0,(anonymous_1)
DA:2,2
DA:3,2
DA:4,0
LF:3
LH:2
BRF:0
BRH:0
end_of_record
TN:
SF:domain/topic.ts
FN:6,(anonymous_0)
FN:10,(anonymous_1)
FN:14,(anonymous_2)
FNF:3
FNH:2
FNDA:54,(anonymous_0)
FNDA:0,(anonymous_1)
FNDA:54,(anonymous_2)
DA:1,28
DA:3,28
DA:6,28
DA:7,54
DA:10,28
DA:11,0
DA:14,28
DA:15,54
LF:8
LH:7
BRF:0
BRH:0
end_of_record
TN:
SF:domain/tx-power.ts
FN:4,(anonymous_0)
FN:6,(anonymous_1)
FN:7,(anonymous_2)
FNF:3
FNH:2
FNDA:3,(anonymous_0)
FNDA:0,(anonymous_1)
FNDA:3,(anonymous_2)
DA:1,2
DA:2,2
DA:4,3
DA:6,2
DA:7,3
LF:5
LH:5
BRF:0
BRH:0
end_of_record
TN:
SF:domain/account/index.ts
FN:10,(anonymous_0)
FN:17,(anonymous_1)
FNF:2
FNH:1
FNDA:4,(anonymous_0)
FNDA:0,(anonymous_1)
DA:1,2
DA:3,2
DA:10,2
DA:11,4
DA:12,4
DA:17,2
DA:18,0
LF:7
LH:6
BRF:0
BRH:0
end_of_record
TN:
SF:domain/action-log/id.ts
FN:4,(anonymous_0)
FN:9,(anonymous_1)
FNF:2
FNH:1
FNDA:0,(anonymous_0)
FNDA:1,(anonymous_1)
DA:1,1
DA:4,1
DA:5,0
DA:7,1
DA:9,1
LF:5
LH:4
BRF:0
BRH:0
end_of_record
TN:
SF:domain/action-log/index.ts
FN:21,(anonymous_4)
FNF:1
FNH:1
FNDA:1,(anonymous_4)
DA:1,1
DA:2,1
DA:7,1
DA:21,1
DA:31,1
DA:32,1
DA:33,1
DA:34,1
LF:8
LH:8
BRDA:33,0,0,1
BRDA:33,0,1,1
BRF:2
BRH:2
end_of_record
TN:
SF:domain/address/index.ts
FN:11,(anonymous_0)
FN:30,(anonymous_1)
FNF:2
FNH:2
FNDA:21,(anonymous_0)
FNDA:9,(anonymous_1)
DA:1,4
DA:11,4
DA:17,21
DA:18,21
DA:19,21
DA:20,21
DA:22,21
DA:30,4
DA:31,9
LF:9
LH:9
BRF:0
BRH:0
end_of_record
TN:
SF:domain/agreement/index.ts
FN:11,(anonymous_0)
FNF:1
FNH:1
FNDA:17,(anonymous_0)
DA:11,3
DA:15,17
DA:16,17
DA:17,17
DA:19,17
LF:5
LH:5
BRF:0
BRH:0
end_of_record
TN:
SF:domain/announcement/id.ts
FN:4,(anonymous_0)
FN:8,(anonymous_1)
FN:9,(anonymous_2)
FNF:3
FNH:1
FNDA:0,(anonymous_0)
FNDA:1,(anonymous_1)
FNDA:0,(anonymous_2)
DA:1,1
DA:4,1
DA:5,0
DA:7,1
DA:8,1
DA:9,1
DA:10,0
LF:7
LH:5
BRDA:10,0,0,0
BRDA:10,0,1,0
BRF:2
BRH:0
end_of_record
TN:
SF:domain/announcement/index.ts
FN:13,(anonymous_0)
FN:38,(anonymous_1)
FNF:2
FNH:1
FNDA:1,(anonymous_0)
FNDA:0,(anonymous_1)
DA:1,1
DA:2,1
DA:13,1
DA:21,1
DA:22,1
DA:23,1
DA:24,1
DA:25,1
DA:26,1
DA:28,1
DA:38,1
DA:39,0
LF:12
LH:11
BRDA:21,0,0,1
BRDA:21,0,1,0
BRDA:22,1,0,1
BRDA:22,1,1,0
BRDA:23,2,0,1
BRDA:23,2,1,0
BRDA:24,3,0,1
BRDA:24,3,1,0
BRDA:25,4,0,1
BRDA:25,4,1,0
BRDA:26,5,0,1
BRDA:26,5,1,0
BRF:12
BRH:6
end_of_record
TN:
SF:domain/caller/index.ts
FN:29,(anonymous_0)
FN:41,(anonymous_1)
FN:56,(anonymous_2)
FNF:3
FNH:1
FNDA:0,(anonymous_0)
FNDA:2,(anonymous_1)
FNDA:0,(anonymous_2)
DA:1,2
DA:3,2
DA:5,2
DA:12,2
DA:14,2
DA:16,2
DA:29,2
DA:30,0
DA:41,2
DA:42,2
DA:43,2
DA:44,2
DA:56,2
DA:60,0
DA:61,0
DA:62,0
DA:64,0
DA:65,0
DA:70,0
DA:74,0
DA:79,0
DA:83,0
DA:88,0
LF:23
LH:12
BRDA:49,0,0,2
BRDA:49,0,1,0
BRDA:61,1,0,0
BRDA:64,2,0,0
BRDA:70,3,0,0
BRDA:71,4,0,0
BRDA:71,4,1,0
BRDA:79,5,0,0
BRDA:80,6,0,0
BRDA:80,6,1,0
BRF:10
BRH:1
end_of_record
TN:
SF:domain/email/index.ts
FN:8,(anonymous_0)
FN:19,(anonymous_1)
FNF:2
FNH:2
FNDA:14,(anonymous_0)
FNDA:16,(anonymous_1)
DA:1,11
DA:5,11
DA:8,11
DA:10,14
DA:11,14
DA:12,1
DA:17,13
DA:19,16
LF:8
LH:8
BRDA:11,0,0,1
BRF:1
BRH:1
end_of_record
TN:
SF:domain/fuel-tank-history/id.ts
FN:10,(anonymous_0)
FN:21,(anonymous_1)
FN:32,(anonymous_2)
FNF:3
FNH:3
FNDA:2,(anonymous_0)
FNDA:3,(anonymous_1)
FNDA:10,(anonymous_2)
DA:1,5
DA:2,5
DA:8,5
DA:10,5
DA:11,2
DA:12,2
DA:13,1
DA:18,1
DA:21,5
DA:22,3
DA:23,1
DA:27,2
DA:32,10
LF:13
LH:13
BRDA:12,0,0,1
BRDA:22,1,0,1
BRF:2
BRH:2
end_of_record
TN:
SF:domain/fuel-tank-history/index.ts
FN:20,(anonymous_4)
FNF:1
FNH:1
FNDA:9,(anonymous_4)
DA:1,4
DA:2,4
DA:8,4
DA:20,4
DA:28,9
DA:29,9
DA:30,9
DA:31,9
DA:32,9
DA:33,9
DA:35,9
LF:11
LH:11
BRDA:28,0,0,9
BRDA:28,0,1,8
BRDA:33,1,0,9
BRDA:33,1,1,5
BRF:4
BRH:4
end_of_record
TN:
SF:domain/fuel-tank-history/kind.ts
FNF:0
FNH:0
DA:1,4
LF:1
LH:1
BRF:0
BRH:0
end_of_record
TN:
SF:domain/job/id.ts
FN:4,(anonymous_0)
FN:9,(anonymous_1)
FNF:2
FNH:1
FNDA:0,(anonymous_0)
FNDA:4,(anonymous_1)
DA:1,2
DA:4,2
DA:5,0
DA:7,2
DA:9,4
LF:5
LH:4
BRF:0
BRH:0
end_of_record
TN:
SF:domain/job/index.ts
FN:64,(anonymous_4)
FN:68,(anonymous_5)
FN:81,(anonymous_6)
FN:98,(anonymous_7)
FN:131,(anonymous_8)
FN:151,(anonymous_9)
FNF:6
FNH:4
FNDA:4,(anonymous_4)
FNDA:4,(anonymous_5)
FNDA:2,(anonymous_6)
FNDA:4,(anonymous_7)
FNDA:0,(anonymous_8)
FNDA:0,(anonymous_9)
DA:1,2
DA:2,2
DA:5,2
DA:7,2
DA:64,2
DA:65,4
DA:68,2
DA:69,4
DA:70,4
DA:74,4
DA:81,2
DA:82,2
DA:83,0
DA:88,2
DA:98,2
DA:99,4
DA:100,0
DA:105,4
DA:106,4
DA:107,4
DA:108,4
DA:109,2
DA:120,2
DA:131,2
DA:132,0
DA:136,0
DA:141,0
DA:151,2
DA:152,0
DA:153,0
DA:159,0
LF:31
LH:23
BRDA:72,0,0,4
BRDA:72,0,1,4
BRDA:82,1,0,0
BRDA:93,2,0,2
BRDA:93,2,1,2
BRDA:99,3,0,0
BRDA:106,4,0,4
BRDA:106,4,1,4
BRDA:108,5,0,2
BRDA:132,6,0,0
BRDA:133,7,0,0
BRDA:133,7,1,0
BRDA:146,8,0,0
BRDA:146,8,1,0
BRDA:152,9,0,0
BRDA:152,10,0,0
BRDA:152,10,1,0
BRDA:164,11,0,0
BRDA:164,11,1,0
BRF:19
BRH:7
end_of_record
TN:
SF:domain/license/code.ts
FN:8,(anonymous_0)
FN:19,(anonymous_1)
FN:30,(anonymous_2)
FNF:3
FNH:3
FNDA:2,(anonymous_0)
FNDA:4,(anonymous_1)
FNDA:45,(anonymous_2)
DA:1,9
DA:2,9
DA:6,9
DA:8,9
DA:9,2
DA:10,2
DA:11,1
DA:16,1
DA:19,9
DA:20,4
DA:21,1
DA:25,3
DA:30,9
DA:31,45
LF:14
LH:14
BRDA:10,0,0,1
BRDA:20,1,0,1
BRF:2
BRH:2
end_of_record
TN:
SF:domain/license/fuel.ts
FN:6,(anonymous_0)
FN:10,(anonymous_1)
FN:12,(anonymous_2)
FNF:3
FNH:3
FNDA:147,(anonymous_0)
FNDA:72,(anonymous_1)
FNDA:74,(anonymous_2)
DA:1,33
DA:6,33
DA:7,147
DA:10,72
DA:12,33
DA:13,74
DA:14,74
LF:7
LH:7
BRF:0
BRH:0
end_of_record
TN:
SF:domain/license/id.ts
FN:8,(anonymous_0)
FN:19,(anonymous_1)
FN:30,(anonymous_2)
FNF:3
FNH:3
FNDA:2,(anonymous_0)
FNDA:3,(anonymous_1)
FNDA:48,(anonymous_2)
DA:1,9
DA:2,9
DA:6,9
DA:8,9
DA:9,2
DA:10,2
DA:11,1
DA:16,1
DA:19,9
DA:20,3
DA:21,1
DA:25,2
DA:30,9
DA:31,48
LF:14
LH:14
BRDA:10,0,0,1
BRDA:20,1,0,1
BRF:2
BRH:2
end_of_record
TN:
SF:domain/license/index.ts
FN:27,(anonymous_4)
FN:53,(anonymous_5)
FN:58,(anonymous_6)
FN:80,(anonymous_7)
FN:96,(anonymous_8)
FN:109,(anonymous_9)
FN:122,(anonymous_10)
FN:134,(anonymous_11)
FNF:8
FNH:6
FNDA:73,(anonymous_4)
FNDA:0,(anonymous_5)
FNDA:8,(anonymous_6)
FNDA:9,(anonymous_7)
FNDA:7,(anonymous_8)
FNDA:15,(anonymous_9)
FNDA:5,(anonymous_10)
FNDA:0,(anonymous_11)
DA:1,8
DA:2,8
DA:3,8
DA:4,8
DA:5,8
DA:7,8
DA:9,8
DA:11,8
DA:12,8
DA:13,8
DA:15,8
DA:27,8
DA:35,73
DA:36,73
DA:37,73
DA:38,73
DA:39,73
DA:40,73
DA:41,73
DA:43,73
DA:53,8
DA:54,0
DA:58,8
DA:62,8
DA:63,8
DA:64,3
DA:68,5
DA:69,3
DA:73,2
DA:80,8
DA:81,9
DA:82,3
DA:86,6
DA:88,6
DA:89,6
DA:96,8
DA:97,7
DA:98,7
DA:99,2
DA:103,5
DA:109,8
DA:110,15
DA:111,15
DA:112,4
DA:116,11
DA:122,8
DA:123,5
DA:124,1
DA:128,4
DA:134,8
DA:135,0
DA:136,0
DA:137,0
DA:141,0
LF:54
LH:49
BRDA:36,0,0,73
BRDA:36,0,1,37
BRDA:37,1,0,73
BRDA:37,1,1,44
BRDA:38,2,0,73
BRDA:38,2,1,12
BRDA:39,3,0,73
BRDA:39,3,1,40
BRDA:40,4,0,73
BRDA:40,4,1,25
BRDA:63,5,0,3
BRDA:68,6,0,3
BRDA:81,7,0,3
BRDA:86,8,0,6
BRDA:86,8,1,3
BRDA:88,9,0,3
BRDA:88,9,1,3
BRDA:98,10,0,2
BRDA:111,11,0,4
BRDA:123,12,0,1
BRDA:136,13,0,0
BRDA:143,14,0,0
BRDA:143,14,1,0
BRF:23
BRH:20
end_of_record
TN:
SF:domain/license/status.ts
FNF:0
FNH:0
DA:1,8
LF:1
LH:1
BRF:0
BRH:0
end_of_record
TN:
SF:domain/license/order/index.ts
FN:21,(anonymous_4)
FN:40,(anonymous_5)
FNF:2
FNH:2
FNDA:56,(anonymous_4)
FNDA:40,(anonymous_5)
DA:1,9
DA:2,9
DA:5,9
DA:7,9
DA:9,9
DA:10,9
DA:21,9
DA:22,56
DA:23,56
DA:24,56
DA:25,56
DA:26,56
DA:27,56
DA:28,56
DA:29,56
DA:40,9
DA:41,40
LF:17
LH:17
BRDA:22,0,0,56
BRDA:22,0,1,40
BRDA:23,1,0,56
BRDA:23,1,1,40
BRDA:24,2,0,56
BRDA:24,2,1,40
BRDA:26,3,0,56
BRDA:26,3,1,46
BRDA:28,4,0,56
BRDA:28,4,1,41
BRF:10
BRH:10
end_of_record
TN:
SF:domain/license/order/number-of-nodes.ts
FN:5,(anonymous_0)
FN:21,(anonymous_1)
FNF:2
FNH:2
FNDA:46,(anonymous_0)
FNDA:40,(anonymous_1)
DA:1,9
DA:5,9
DA:6,46
DA:7,0
DA:12,46
DA:13,0
DA:18,46
DA:21,40
LF:8
LH:6
BRDA:6,0,0,0
BRDA:12,1,0,0
BRF:2
BRH:0
end_of_record
TN:
SF:domain/license/order/number.ts
FN:4,(anonymous_0)
FN:5,(anonymous_1)
FN:6,(anonymous_2)
FN:7,(anonymous_3)
FNF:4
FNH:3
FNDA:47,(anonymous_0)
FNDA:46,(anonymous_1)
FNDA:1,(anonymous_2)
FNDA:0,(anonymous_3)
DA:1,9
DA:2,9
DA:4,47
DA:5,46
DA:6,9
DA:7,9
DA:8,0
DA:9,0
LF:8
LH:6
BRDA:8,0,0,0
BRF:1
BRH:0
end_of_record
TN:
SF:domain/local-map/id.ts
FN:5,(anonymous_0)
FN:6,(anonymous_1)
FNF:2
FNH:2
FNDA:1,(anonymous_0)
FNDA:28,(anonymous_1)
DA:1,15
DA:2,15
DA:5,15
DA:6,15
DA:7,28
LF:5
LH:5
BRF:0
BRH:0
end_of_record
TN:
SF:domain/local-map/index.ts
FN:30,(anonymous_4)
FN:67,(anonymous_5)
FNF:2
FNH:2
FNDA:5,(anonymous_4)
FNDA:2,(anonymous_5)
DA:1,5
DA:3,5
DA:7,5
DA:9,5
DA:10,5
DA:11,5
DA:13,5
DA:14,5
DA:15,5
DA:30,5
DA:43,5
DA:44,5
DA:45,5
DA:46,5
DA:47,5
DA:48,5
DA:49,5
DA:50,5
DA:51,5
DA:52,5
DA:53,5
DA:67,5
DA:68,2
LF:23
LH:23
BRDA:44,0,0,5
BRDA:44,0,1,4
BRDA:45,1,0,5
BRDA:45,1,1,2
BRDA:46,2,0,5
BRDA:46,2,1,4
BRDA:47,3,0,5
BRDA:47,3,1,3
BRDA:48,4,0,5
BRDA:48,4,1,2
BRDA:49,5,0,5
BRDA:49,5,1,2
BRDA:50,6,0,5
BRDA:50,6,1,4
BRDA:51,7,0,5
BRDA:51,7,1,2
BRDA:52,8,0,5
BRDA:52,8,1,4
BRDA:73,9,0,0
BRDA:73,9,1,2
BRDA:74,10,0,2
BRDA:74,10,1,0
BRF:22
BRH:20
end_of_record
TN:
SF:domain/local-map/memo.ts
FN:2,(anonymous_0)
FN:3,(anonymous_1)
FN:4,(anonymous_2)
FNF:3
FNH:3
FNDA:5,(anonymous_0)
FNDA:4,(anonymous_1)
FNDA:1,(anonymous_2)
DA:2,5
DA:3,5
DA:4,5
LF:3
LH:3
BRF:0
BRH:0
end_of_record
TN:
SF:domain/local-map/name.ts
FN:2,(anonymous_0)
FN:3,(anonymous_1)
FN:4,(anonymous_2)
FNF:3
FNH:3
FNDA:5,(anonymous_0)
FNDA:2,(anonymous_1)
FNDA:3,(anonymous_2)
DA:2,5
DA:3,5
DA:4,5
LF:3
LH:3
BRF:0
BRH:0
end_of_record
TN:
SF:domain/map-tag/id.ts
FN:7,(anonymous_0)
FN:9,(anonymous_1)
FNF:2
FNH:1
FNDA:0,(anonymous_0)
FNDA:2,(anonymous_1)
DA:1,4
DA:3,4
DA:7,4
DA:9,4
DA:10,2
LF:5
LH:5
BRF:0
BRH:0
end_of_record
TN:
SF:domain/map-tag/index.ts
FN:15,(anonymous_4)
FNF:1
FNH:1
FNDA:4,(anonymous_4)
DA:7,3
DA:15,3
DA:20,4
DA:21,4
LF:4
LH:4
BRF:0
BRH:0
end_of_record
TN:
SF:domain/node/index.ts
FN:50,(anonymous_4)
FN:83,(anonymous_5)
FN:135,(anonymous_6)
FN:148,(anonymous_7)
FN:152,(anonymous_8)
FN:166,(anonymous_9)
FN:200,(anonymous_10)
FNF:7
FNH:6
FNDA:32,(anonymous_4)
FNDA:22,(anonymous_5)
FNDA:1,(anonymous_6)
FNDA:16,(anonymous_7)
FNDA:0,(anonymous_8)
FNDA:3,(anonymous_9)
FNDA:2,(anonymous_10)
DA:1,9
DA:2,9
DA:4,9
DA:5,9
DA:6,9
DA:7,9
DA:8,9
DA:9,9
DA:10,9
DA:11,9
DA:12,9
DA:13,9
DA:14,9
DA:50,9
DA:65,32
DA:66,32
DA:67,32
DA:83,9
DA:84,22
DA:135,9
DA:136,1
DA:137,0
DA:142,1
DA:148,9
DA:149,16
DA:152,9
DA:153,0
DA:166,9
DA:167,3
DA:168,3
DA:169,3
DA:188,0
DA:189,0
DA:195,0
DA:200,9
DA:204,2
DA:205,0
DA:207,2
DA:208,0
DA:219,2
DA:225,2
DA:226,2
DA:238,1
DA:244,1
DA:245,1
DA:246,1
DA:247,1
DA:248,1
DA:249,1
LF:49
LH:42
BRDA:66,0,0,32
BRDA:66,0,1,27
BRDA:92,1,0,7
BRDA:92,1,1,15
BRDA:97,2,0,4
BRDA:97,2,1,3
BRDA:101,3,0,1
BRDA:101,3,1,6
BRDA:105,4,0,2
BRDA:105,4,1,5
BRDA:109,5,0,2
BRDA:109,5,1,5
BRDA:112,6,0,2
BRDA:112,6,1,5
BRDA:116,7,0,16
BRDA:116,7,1,6
BRDA:119,8,0,14
BRDA:119,8,1,2
BRDA:120,9,0,6
BRDA:120,9,1,10
BRDA:124,10,0,11
BRDA:124,10,1,11
BRDA:129,11,0,7
BRDA:129,11,1,15
BRDA:130,12,0,12
BRDA:130,12,1,10
BRDA:136,13,0,0
BRDA:162,14,0,0
BRDA:162,14,1,0
BRDA:167,15,0,3
BRDA:167,15,1,0
BRDA:168,16,0,3
BRDA:171,17,0,3
BRDA:171,17,1,0
BRDA:172,18,0,3
BRDA:172,18,1,2
BRDA:175,19,0,3
BRDA:175,19,1,0
BRDA:176,20,0,3
BRDA:176,20,1,1
BRDA:177,21,0,3
BRDA:177,21,1,0
BRDA:178,22,0,3
BRDA:178,22,1,0
BRDA:179,23,0,3
BRDA:179,23,1,0
BRDA:181,24,0,0
BRDA:181,24,1,0
BRDA:183,25,0,3
BRDA:183,25,1,0
BRDA:184,26,0,3
BRDA:184,26,1,0
BRDA:188,27,0,0
BRDA:204,28,0,0
BRDA:207,29,0,0
BRDA:226,30,0,1
BRDA:227,31,0,2
BRDA:227,31,1,2
BRDA:227,31,2,1
BRDA:227,31,3,1
BRDA:227,31,4,1
BRDA:227,31,5,1
BRDA:227,31,6,1
BRDA:227,31,7,1
BRDA:227,31,8,1
BRDA:227,31,9,1
BRF:66
BRH:50
end_of_record
TN:
SF:domain/node/kind.ts
FN:4,(anonymous_0)
FN:6,(anonymous_1)
FN:15,(anonymous_2)
FNF:3
FNH:0
FNDA:0,(anonymous_0)
FNDA:0,(anonymous_1)
FNDA:0,(anonymous_2)
DA:1,9
DA:2,9
DA:4,9
DA:6,9
DA:7,0
DA:8,0
DA:10,0
DA:11,0
DA:13,0
DA:15,9
DA:16,0
LF:11
LH:5
BRDA:7,0,0,0
BRDA:10,1,0,0
BRF:2
BRH:0
end_of_record
TN:
SF:domain/node/number-of-units.ts
FN:5,(anonymous_0)
FN:15,(anonymous_1)
FN:26,(anonymous_2)
FN:30,(anonymous_3)
FNF:4
FNH:2
FNDA:55,(anonymous_0)
FNDA:0,(anonymous_1)
FNDA:0,(anonymous_2)
FNDA:42,(anonymous_3)
DA:1,34
DA:5,34
DA:6,55
DA:7,1
DA:12,54
DA:15,34
DA:16,0
DA:17,0
DA:18,0
DA:23,0
DA:26,34
DA:27,0
DA:28,0
DA:30,42
LF:14
LH:8
BRDA:6,0,0,1
BRDA:17,1,0,0
BRF:2
BRH:1
end_of_record
TN:
SF:domain/node-config/access-point.ts
FN:19,(anonymous_0)
FN:21,(anonymous_1)
FNF:2
FNH:2
FNDA:3,(anonymous_0)
FNDA:3,(anonymous_1)
DA:1,2
DA:3,2
DA:5,2
DA:6,2
DA:7,2
DA:8,2
DA:19,3
DA:21,2
DA:22,3
LF:9
LH:9
BRF:0
BRH:0
end_of_record
TN:
SF:domain/node-config/antenna.ts
FN:5,(anonymous_0)
FN:6,(anonymous_1)
FN:7,(anonymous_2)
FNF:3
FNH:2
FNDA:3,(anonymous_0)
FNDA:0,(anonymous_1)
FNDA:3,(anonymous_2)
DA:1,2
DA:2,2
DA:5,3
DA:6,2
DA:7,3
LF:5
LH:5
BRF:0
BRH:0
end_of_record
TN:
SF:domain/node-config/assignment.dhcp.ts
FN:5,(anonymous_0)
FN:11,(anonymous_1)
FNF:2
FNH:2
FNDA:3,(anonymous_0)
FNDA:3,(anonymous_1)
DA:5,2
DA:6,3
DA:11,2
DA:12,3
LF:4
LH:4
BRF:0
BRH:0
end_of_record
TN:
SF:domain/node-config/assignment.static.ts
FN:14,(anonymous_0)
FN:29,(anonymous_1)
FNF:2
FNH:0
FNDA:0,(anonymous_0)
FNDA:0,(anonymous_1)
DA:1,2
DA:3,2
DA:14,2
DA:18,0
DA:19,0
DA:29,2
DA:30,0
LF:7
LH:4
BRF:0
BRH:0
end_of_record
TN:
SF:domain/node-config/assignment.ts
FN:5,(anonymous_0)
FN:7,(anonymous_1)
FNF:2
FNH:2
FNDA:3,(anonymous_0)
FNDA:3,(anonymous_1)
DA:2,2
DA:5,3
DA:7,2
DA:8,3
LF:4
LH:4
BRF:0
BRH:0
end_of_record
TN:
SF:domain/node-config/bandwidth-control.ts
FN:8,(anonymous_0)
FN:11,(anonymous_1)
FN:20,(anonymous_2)
FNF:3
FNH:2
FNDA:48,(anonymous_0)
FNDA:48,(anonymous_1)
FNDA:0,(anonymous_2)
DA:8,2
DA:9,48
DA:11,2
DA:12,48
DA:20,2
DA:21,0
LF:6
LH:5
BRF:0
BRH:0
end_of_record
TN:
SF:domain/node-config/branch-backhaul.ts
FN:22,(anonymous_0)
FN:24,(anonymous_1)
FNF:2
FNH:0
FNDA:0,(anonymous_0)
FNDA:0,(anonymous_1)
DA:1,2
DA:5,2
DA:22,2
DA:24,2
DA:25,0
LF:5
LH:4
BRF:0
BRH:0
end_of_record
TN:
SF:domain/node-config/bridge-lan.ts
FN:9,(anonymous_0)
FN:11,(anonymous_1)
FNF:2
FNH:0
FNDA:0,(anonymous_0)
FNDA:0,(anonymous_1)
DA:1,2
DA:3,2
DA:6,2
DA:7,2
DA:9,2
DA:11,2
DA:12,0
DA:13,0
DA:20,0
LF:9
LH:6
BRDA:12,0,0,0
BRF:1
BRH:0
end_of_record
TN:
SF:domain/node-config/bridge.ts
FN:7,(anonymous_0)
FN:13,(anonymous_1)
FNF:2
FNH:0
FNDA:0,(anonymous_0)
FNDA:0,(anonymous_1)
DA:1,2
DA:7,2
DA:8,0
DA:13,2
LF:4
LH:3
BRF:0
BRH:0
end_of_record
TN:
SF:domain/node-config/client-disconnection.ts
FN:11,(anonymous_0)
FN:15,(anonymous_1)
FN:27,(anonymous_2)
FNF:3
FNH:2
FNDA:6,(anonymous_0)
FNDA:6,(anonymous_1)
FNDA:0,(anonymous_2)
DA:1,2
DA:11,2
DA:13,6
DA:15,2
DA:16,6
DA:17,0
DA:21,6
DA:27,2
DA:28,0
DA:29,0
DA:33,0
LF:11
LH:7
BRDA:16,0,0,0
BRDA:28,1,0,0
BRF:2
BRH:0
end_of_record
TN:
SF:domain/node-config/core-backhaul.ts
FN:30,(anonymous_0)
FN:32,(anonymous_1)
FN:52,(anonymous_2)
FNF:3
FNH:2
FNDA:3,(anonymous_0)
FNDA:3,(anonymous_1)
FNDA:0,(anonymous_2)
DA:1,2
DA:3,2
DA:5,2
DA:6,2
DA:7,2
DA:8,2
DA:9,2
DA:30,3
DA:32,2
DA:33,3
DA:52,2
DA:53,0
LF:12
LH:11
BRF:0
BRH:0
end_of_record
TN:
SF:domain/node-config/dhcp.ts
FN:13,(anonymous_0)
FN:17,(anonymous_1)
FNF:2
FNH:0
FNDA:0,(anonymous_0)
FNDA:0,(anonymous_1)
DA:1,2
DA:13,2
DA:14,0
DA:17,2
DA:18,0
DA:19,0
DA:23,0
LF:7
LH:3
BRDA:18,0,0,0
BRF:1
BRH:0
end_of_record
TN:
SF:domain/node-config/environment.ts
FN:4,(anonymous_0)
FN:5,(anonymous_1)
FN:6,(anonymous_2)
FNF:3
FNH:2
FNDA:3,(anonymous_0)
FNDA:0,(anonymous_1)
FNDA:3,(anonymous_2)
DA:1,2
DA:2,2
DA:4,3
DA:5,2
DA:6,3
LF:5
LH:5
BRF:0
BRH:0
end_of_record
TN:
SF:domain/node-config/ethup-assignment.ts
FN:9,(anonymous_0)
FN:11,(anonymous_1)
FNF:2
FNH:0
FNDA:0,(anonymous_0)
FNDA:0,(anonymous_1)
DA:1,2
DA:3,2
DA:6,2
DA:7,2
DA:9,2
DA:10,0
DA:11,2
DA:14,0
DA:15,0
DA:22,0
LF:10
LH:6
BRDA:14,0,0,0
BRF:1
BRH:0
end_of_record
TN:
SF:domain/node-config/ethup.ts
FN:9,(anonymous_0)
FN:14,(anonymous_1)
FNF:2
FNH:0
FNDA:0,(anonymous_0)
FNDA:0,(anonymous_1)
DA:2,2
DA:9,2
DA:14,2
DA:15,0
LF:4
LH:3
BRF:0
BRH:0
end_of_record
TN:
SF:domain/node-config/fast-transition.ts
FN:9,(anonymous_0)
FN:10,(anonymous_1)
FNF:2
FNH:2
FNDA:3,(anonymous_0)
FNDA:3,(anonymous_1)
DA:9,3
DA:10,2
DA:11,3
DA:12,0
DA:14,3
LF:5
LH:4
BRDA:11,0,0,0
BRF:1
BRH:0
end_of_record
TN:
SF:domain/node-config/g2.ts
FN:31,(anonymous_0)
FN:33,(anonymous_1)
FNF:2
FNH:2
FNDA:3,(anonymous_0)
FNDA:3,(anonymous_1)
DA:1,2
DA:2,2
DA:5,2
DA:7,2
DA:8,2
DA:9,2
DA:10,2
DA:31,3
DA:33,2
DA:34,3
DA:35,0
DA:37,3
DA:38,3
LF:13
LH:12
BRDA:34,0,0,0
BRF:1
BRH:0
end_of_record
TN:
SF:domain/node-config/g5.ts
FN:34,(anonymous_0)
FN:36,(anonymous_1)
FNF:2
FNH:2
FNDA:3,(anonymous_0)
FNDA:3,(anonymous_1)
DA:1,2
DA:3,2
DA:9,2
DA:11,2
DA:12,2
DA:13,2
DA:14,2
DA:34,3
DA:36,2
DA:37,3
DA:38,0
DA:40,3
DA:41,3
LF:13
LH:12
BRDA:37,0,0,0
BRF:1
BRH:0
end_of_record
TN:
SF:domain/node-config/index.ts
FN:64,(anonymous_4)
FN:76,(anonymous_5)
FN:83,(anonymous_6)
FN:91,(anonymous_7)
FNF:4
FNH:4
FNDA:4,(anonymous_4)
FNDA:1,(anonymous_5)
FNDA:539,(anonymous_6)
FNDA:3,(anonymous_7)
DA:1,2
DA:3,2
DA:4,2
DA:5,2
DA:7,2
DA:8,2
DA:10,2
DA:11,2
DA:12,2
DA:13,2
DA:14,2
DA:15,2
DA:16,2
DA:17,2
DA:18,2
DA:19,2
DA:20,2
DA:21,2
DA:22,2
DA:23,2
DA:24,2
DA:25,2
DA:26,2
DA:27,2
DA:28,2
DA:29,2
DA:30,2
DA:31,2
DA:32,2
DA:33,2
DA:34,2
DA:35,2
DA:36,2
DA:37,2
DA:38,2
DA:39,2
DA:41,2
DA:43,2
DA:64,2
DA:65,4
DA:66,4
DA:76,2
DA:80,1
DA:81,0
DA:83,1
DA:85,539
DA:86,0
DA:91,2
DA:92,3
LF:49
LH:47
BRDA:80,0,0,0
BRDA:80,1,0,1
BRDA:80,1,1,0
BRDA:85,2,0,0
BRF:4
BRH:1
end_of_record
TN:
SF:domain/node-config/mac-address-filtering.ts
FN:7,(anonymous_0)
FN:11,(anonymous_1)
FN:17,(anonymous_2)
FNF:3
FNH:2
FNDA:48,(anonymous_0)
FNDA:48,(anonymous_1)
FNDA:0,(anonymous_2)
DA:7,2
DA:9,48
DA:11,2
DA:12,48
DA:17,2
DA:18,0
LF:6
LH:5
BRDA:20,0,0,0
BRDA:20,0,1,0
BRDA:21,1,0,0
BRDA:21,1,1,0
BRF:4
BRH:0
end_of_record
TN:
SF:domain/node-config/network.ts
FN:4,(anonymous_0)
FN:6,(anonymous_1)
FNF:2
FNH:0
FNDA:0,(anonymous_0)
FNDA:0,(anonymous_1)
DA:1,2
DA:2,2
DA:4,2
DA:6,2
DA:7,0
DA:8,0
DA:10,0
LF:7
LH:4
BRDA:7,0,0,0
BRF:1
BRH:0
end_of_record
TN:
SF:domain/node-config/pppoe.ts
FN:12,(anonymous_0)
FN:17,(anonymous_1)
FNF:2
FNH:0
FNDA:0,(anonymous_0)
FNDA:0,(anonymous_1)
DA:12,2
DA:17,2
DA:18,0
LF:3
LH:2
BRF:0
BRH:0
end_of_record
TN:
SF:domain/node-config/radius.ts
FN:25,(anonymous_0)
FN:27,(anonymous_1)
FN:42,(anonymous_2)
FNF:3
FNH:2
FNDA:51,(anonymous_0)
FNDA:51,(anonymous_1)
FNDA:0,(anonymous_2)
DA:1,2
DA:2,2
DA:4,2
DA:25,51
DA:27,2
DA:28,51
DA:42,2
DA:43,0
LF:8
LH:7
BRDA:44,0,0,0
BRDA:44,0,1,0
BRDA:46,1,0,0
BRDA:46,1,1,0
BRDA:47,2,0,0
BRDA:47,2,1,0
BRDA:49,3,0,0
BRDA:49,3,1,0
BRDA:51,4,0,0
BRDA:51,4,1,0
BRDA:54,5,0,0
BRDA:54,5,1,0
BRDA:56,6,0,0
BRDA:56,6,1,0
BRDA:58,7,0,0
BRDA:58,7,1,0
BRDA:60,8,0,0
BRDA:60,8,1,0
BRF:18
BRH:0
end_of_record
TN:
SF:domain/node-config/regular-reroute.ts
FN:17,(anonymous_0)
FN:23,(anonymous_1)
FN:34,(anonymous_2)
FNF:3
FNH:2
FNDA:3,(anonymous_0)
FNDA:0,(anonymous_1)
FNDA:3,(anonymous_2)
DA:1,2
DA:17,2
DA:21,3
DA:23,2
DA:24,0
DA:27,0
DA:34,2
DA:35,3
LF:8
LH:6
BRDA:36,0,0,3
BRDA:36,0,1,3
BRDA:37,1,0,3
BRDA:37,1,1,3
BRDA:38,2,0,3
BRDA:38,2,1,3
BRF:6
BRH:6
end_of_record
TN:
SF:domain/node-config/roaming.ts
FN:12,(anonymous_0)
FN:13,(anonymous_1)
FN:19,(anonymous_2)
FNF:3
FNH:2
FNDA:3,(anonymous_0)
FNDA:3,(anonymous_1)
FNDA:0,(anonymous_2)
DA:1,2
DA:12,3
DA:13,2
DA:14,3
DA:19,2
DA:20,0
DA:21,0
DA:22,0
DA:23,0
DA:24,0
DA:30,0
LF:11
LH:5
BRDA:23,0,0,0
BRF:1
BRH:0
end_of_record
TN:
SF:domain/node-config/route-heal.ts
FN:7,(anonymous_0)
FN:13,(anonymous_1)
FN:21,(anonymous_2)
FNF:3
FNH:2
FNDA:3,(anonymous_0)
FNDA:0,(anonymous_1)
FNDA:3,(anonymous_2)
DA:7,2
DA:11,3
DA:13,2
DA:14,0
DA:21,2
DA:22,3
LF:6
LH:5
BRDA:23,0,0,3
BRDA:23,0,1,3
BRDA:24,1,0,3
BRDA:24,1,1,3
BRDA:25,2,0,3
BRDA:25,2,1,3
BRF:6
BRH:6
end_of_record
TN:
SF:domain/node-config/router-lan.ts
FN:9,(anonymous_0)
FN:10,(anonymous_1)
FNF:2
FNH:0
FNDA:0,(anonymous_0)
FNDA:0,(anonymous_1)
DA:1,2
DA:3,2
DA:9,2
DA:10,2
DA:11,0
LF:5
LH:4
BRF:0
BRH:0
end_of_record
TN:
SF:domain/node-config/router-wan.ts
FN:5,(anonymous_0)
FN:6,(anonymous_1)
FNF:2
FNH:0
FNDA:0,(anonymous_0)
FNDA:0,(anonymous_1)
DA:1,2
DA:2,2
DA:5,2
DA:6,2
DA:7,0
DA:8,0
DA:10,0
LF:7
LH:4
BRDA:7,0,0,0
BRF:1
BRH:0
end_of_record
TN:
SF:domain/node-config/router.ts
FN:17,(anonymous_0)
FN:22,(anonymous_1)
FNF:2
FNH:0
FNDA:0,(anonymous_0)
FNDA:0,(anonymous_1)
DA:1,2
DA:2,2
DA:4,2
DA:17,2
DA:22,2
DA:23,0
LF:6
LH:5
BRF:0
BRH:0
end_of_record
TN:
SF:domain/node-config/ssid-radius.ts
FN:7,(anonymous_0)
FN:9,(anonymous_1)
FN:16,(anonymous_2)
FNF:3
FNH:2
FNDA:48,(anonymous_0)
FNDA:48,(anonymous_1)
FNDA:0,(anonymous_2)
DA:1,2
DA:7,48
DA:9,2
DA:10,48
DA:16,2
DA:17,0
LF:6
LH:5
BRF:0
BRH:0
end_of_record
TN:
SF:domain/node-config/ssid.ts
FN:34,(anonymous_0)
FN:36,(anonymous_1)
FN:51,(anonymous_2)
FNF:3
FNH:2
FNDA:48,(anonymous_0)
FNDA:0,(anonymous_1)
FNDA:48,(anonymous_2)
DA:1,2
DA:2,2
DA:3,2
DA:4,2
DA:5,2
DA:6,2
DA:7,2
DA:34,48
DA:36,2
DA:37,0
DA:51,2
DA:54,48
LF:12
LH:11
BRDA:57,0,0,48
BRDA:57,0,1,48
BRDA:58,1,0,48
BRDA:58,1,1,48
BRDA:59,2,0,48
BRDA:59,2,1,48
BRDA:60,3,0,48
BRDA:60,3,1,48
BRF:8
BRH:8
end_of_record
TN:
SF:domain/node-config/ssids.ts
FN:5,(anonymous_0)
FN:7,(anonymous_1)
FNF:2
FNH:1
FNDA:6,(anonymous_0)
FNDA:0,(anonymous_1)
DA:1,2
DA:5,6
DA:7,2
DA:8,0
LF:4
LH:3
BRF:0
BRH:0
end_of_record
TN:
SF:domain/node-config/system-account.ts
FN:7,(anonymous_0)
FN:9,(anonymous_1)
FN:17,(anonymous_2)
FNF:3
FNH:2
FNDA:3,(anonymous_0)
FNDA:0,(anonymous_1)
FNDA:3,(anonymous_2)
DA:7,3
DA:9,2
DA:10,0
DA:17,2
DA:18,3
LF:5
LH:4
BRF:0
BRH:0
end_of_record
TN:
SF:domain/node-config/system-time.ts
FN:8,(anonymous_0)
FN:10,(anonymous_1)
FN:18,(anonymous_2)
FNF:3
FNH:2
FNDA:3,(anonymous_0)
FNDA:0,(anonymous_1)
FNDA:3,(anonymous_2)
DA:8,3
DA:10,2
DA:11,0
DA:18,2
DA:19,3
LF:5
LH:4
BRDA:21,0,0,3
BRDA:21,0,1,0
BRF:2
BRH:1
end_of_record
TN:
SF:domain/node-config/system.ts
FN:9,(anonymous_0)
FN:11,(anonymous_1)
FN:18,(anonymous_2)
FNF:3
FNH:2
FNDA:3,(anonymous_0)
FNDA:0,(anonymous_1)
FNDA:3,(anonymous_2)
DA:1,2
DA:2,2
DA:9,3
DA:11,2
DA:12,0
DA:18,2
DA:19,3
LF:7
LH:6
BRF:0
BRH:0
end_of_record
TN:
SF:domain/node-config/vlan.ts
FN:11,(anonymous_0)
FN:22,(anonymous_1)
FN:23,(anonymous_2)
FNF:3
FNH:2
FNDA:48,(anonymous_0)
FNDA:48,(anonymous_1)
FNDA:0,(anonymous_2)
DA:1,2
DA:11,2
DA:12,48
DA:13,48
DA:14,48
DA:15,48
DA:22,48
DA:23,2
DA:24,0
LF:9
LH:8
BRDA:13,0,0,48
BRDA:13,0,1,48
BRDA:14,1,0,48
BRDA:14,1,1,48
BRDA:26,2,0,0
BRDA:26,2,1,0
BRF:6
BRH:4
end_of_record
TN:
SF:domain/notification-config/id.ts
FN:5,(anonymous_0)
FN:8,(anonymous_1)
FNF:2
FNH:1
FNDA:0,(anonymous_0)
FNDA:3,(anonymous_1)
DA:1,3
DA:3,3
DA:5,3
DA:6,0
DA:8,3
DA:9,3
LF:6
LH:5
BRF:0
BRH:0
end_of_record
TN:
SF:domain/notification-config/index.ts
FN:15,(anonymous_4)
FN:36,(anonymous_5)
FNF:2
FNH:1
FNDA:4,(anonymous_4)
FNDA:0,(anonymous_5)
DA:1,3
DA:2,3
DA:4,3
DA:5,3
DA:15,3
DA:23,4
DA:24,4
DA:25,4
DA:26,4
DA:27,4
DA:36,3
DA:37,0
LF:12
LH:11
BRDA:24,0,0,4
BRDA:24,0,1,3
BRDA:25,1,0,4
BRDA:25,1,1,3
BRDA:26,2,0,4
BRDA:26,2,1,3
BRF:6
BRH:6
end_of_record
TN:
SF:domain/organization/co-term-margin.ts
FN:12,(anonymous_0)
FN:13,(anonymous_1)
FNF:2
FNH:2
FNDA:76,(anonymous_0)
FNDA:75,(anonymous_1)
DA:2,28
DA:6,28
DA:12,76
DA:13,28
DA:14,75
LF:5
LH:5
BRF:0
BRH:0
end_of_record
TN:
SF:domain/organization/co-term.ts
FN:9,(anonymous_0)
FN:19,(anonymous_1)
FN:21,(anonymous_2)
FNF:3
FNH:3
FNDA:2,(anonymous_0)
FNDA:19,(anonymous_1)
FNDA:78,(anonymous_2)
DA:1,28
DA:9,28
DA:10,2
DA:11,1
DA:16,1
DA:19,28
DA:21,28
DA:22,78
DA:23,42
DA:25,36
DA:26,18
DA:28,18
LF:12
LH:12
BRDA:10,0,0,1
BRDA:22,1,0,42
BRDA:25,2,0,18
BRF:3
BRH:3
end_of_record
TN:
SF:domain/organization/fuel-efficiency.ts
FNF:0
FNH:0
DA:5,33
LF:1
LH:1
BRF:0
BRH:0
end_of_record
TN:
SF:domain/organization/fuel-tank.ts
FN:9,(anonymous_0)
FN:24,(anonymous_1)
FN:26,(anonymous_2)
FN:34,(anonymous_3)
FNF:4
FNH:4
FNDA:78,(anonymous_0)
FNDA:36,(anonymous_1)
FNDA:7,(anonymous_2)
FNDA:11,(anonymous_3)
DA:1,28
DA:9,28
DA:14,78
DA:15,78
DA:16,78
DA:17,78
DA:24,36
DA:26,28
DA:27,7
DA:34,28
DA:41,11
DA:42,11
LF:12
LH:12
BRDA:14,0,0,78
BRDA:14,0,1,36
BRDA:15,1,0,78
BRDA:15,1,1,36
BRDA:16,2,0,78
BRDA:16,2,1,56
BRDA:46,3,0,11
BRDA:46,3,1,7
BRF:8
BRH:8
end_of_record
TN:
SF:domain/organization/id.ts
FN:7,(anonymous_0)
FN:11,(anonymous_1)
FNF:2
FNH:1
FNDA:0,(anonymous_0)
FNDA:205,(anonymous_1)
DA:1,59
DA:5,59
DA:7,59
DA:8,0
DA:11,59
DA:12,205
LF:6
LH:5
BRF:0
BRH:0
end_of_record
TN:
SF:domain/organization/index.ts
FN:57,(anonymous_4)
FN:82,(anonymous_5)
FN:121,(anonymous_6)
FN:129,(anonymous_7)
FN:140,(anonymous_8)
FN:142,(anonymous_9)
FN:168,(anonymous_10)
FN:174,(anonymous_11)
FN:176,(anonymous_12)
FN:181,(anonymous_13)
FN:186,(anonymous_14)
FN:203,(anonymous_15)
FN:219,(anonymous_16)
FN:239,(anonymous_17)
FNF:14
FNH:11
FNDA:75,(anonymous_4)
FNDA:8,(anonymous_5)
FNDA:9,(anonymous_6)
FNDA:9,(anonymous_7)
FNDA:2,(anonymous_8)
FNDA:4,(anonymous_9)
FNDA:2,(anonymous_10)
FNDA:3,(anonymous_11)
FNDA:4,(anonymous_12)
FNDA:4,(anonymous_13)
FNDA:0,(anonymous_14)
FNDA:0,(anonymous_15)
FNDA:7,(anonymous_16)
FNDA:0,(anonymous_17)
DA:1,27
DA:2,27
DA:3,27
DA:4,27
DA:5,27
DA:6,27
DA:7,27
DA:8,27
DA:9,27
DA:10,27
DA:11,27
DA:12,27
DA:13,27
DA:14,27
DA:15,27
DA:22,27
DA:23,27
DA:24,27
DA:25,27
DA:28,27
DA:29,27
DA:30,27
DA:31,27
DA:32,27
DA:33,27
DA:34,27
DA:57,27
DA:75,75
DA:76,75
DA:77,75
DA:78,75
DA:79,75
DA:80,75
DA:81,75
DA:82,75
DA:83,8
DA:85,75
DA:86,75
DA:87,75
DA:88,75
DA:89,75
DA:90,75
DA:91,75
DA:92,75
DA:95,75
DA:97,75
DA:99,75
DA:121,27
DA:122,9
DA:129,27
DA:133,9
DA:134,2
DA:139,7
DA:140,2
DA:141,2
DA:143,4
DA:146,2
DA:147,1
DA:151,1
DA:157,5
DA:158,0
DA:162,5
DA:168,27
DA:172,2
DA:174,2
DA:175,3
DA:176,4
DA:181,27
DA:182,4
DA:183,3
DA:186,27
DA:187,0
DA:188,0
DA:189,0
DA:190,0
DA:194,0
DA:195,0
DA:200,0
DA:203,27
DA:204,0
DA:205,0
DA:206,0
DA:210,0
DA:211,0
DA:219,27
DA:224,7
DA:226,7
DA:227,7
DA:229,7
DA:233,7
DA:239,27
DA:242,0
DA:244,0
LF:93
LH:78
BRDA:75,0,0,75
BRDA:75,0,1,50
BRDA:77,1,0,75
BRDA:77,1,1,32
BRDA:85,2,0,75
BRDA:85,2,1,28
BRDA:87,3,0,75
BRDA:87,3,1,42
BRDA:90,4,0,75
BRDA:90,4,1,53
BRDA:91,5,0,75
BRDA:91,5,1,53
BRDA:92,6,0,75
BRDA:92,6,1,53
BRDA:95,7,0,75
BRDA:95,7,1,53
BRDA:97,8,0,75
BRDA:97,8,1,3
BRDA:133,9,0,2
BRDA:139,10,0,2
BRDA:146,11,0,1
BRDA:157,12,0,0
BRDA:172,13,0,0
BRDA:182,14,0,1
BRDA:188,15,0,0
BRDA:194,16,0,0
BRDA:205,17,0,0
BRDA:210,18,0,0
BRDA:226,19,0,7
BRDA:226,19,1,3
BRDA:244,20,0,0
BRDA:244,20,1,0
BRF:32
BRH:24
end_of_record
TN:
SF:domain/organization/kind.ts
FNF:0
FNH:0
DA:1,27
LF:1
LH:1
BRF:0
BRH:0
end_of_record
TN:
SF:domain/organization/name.ts
FN:6,(anonymous_0)
FN:15,(anonymous_1)
FNF:2
FNH:2
FNDA:19,(anonymous_0)
FNDA:13,(anonymous_1)
DA:1,28
DA:3,28
DA:6,28
DA:7,19
DA:8,2
DA:13,17
DA:15,28
DA:16,13
LF:8
LH:8
BRDA:7,0,0,2
BRDA:7,1,0,19
BRDA:7,1,1,18
BRF:3
BRH:3
end_of_record
TN:
SF:domain/organization/node-statistics.ts
FN:7,(anonymous_0)
FN:13,(anonymous_1)
FNF:2
FNH:2
FNDA:49,(anonymous_0)
FNDA:42,(anonymous_1)
DA:1,27
DA:7,27
DA:8,49
DA:9,49
DA:13,27
DA:14,42
LF:6
LH:6
BRF:0
BRH:0
end_of_record
TN:
SF:domain/organization/phone.ts
FN:6,(anonymous_0)
FN:16,(anonymous_1)
FN:19,(anonymous_2)
FNF:3
FNH:3
FNDA:5,(anonymous_0)
FNDA:6,(anonymous_1)
FNDA:2,(anonymous_2)
DA:1,27
DA:3,27
DA:6,27
DA:7,5
DA:8,2
DA:13,3
DA:15,27
DA:16,27
DA:17,6
DA:19,27
DA:20,2
DA:21,2
LF:12
LH:12
BRDA:7,0,0,2
BRF:1
BRH:1
end_of_record
TN:
SF:domain/organization/plan.ts
FN:6,(anonymous_0)
FN:15,(anonymous_1)
FNF:2
FNH:1
FNDA:0,(anonymous_0)
FNDA:72,(anonymous_1)
DA:1,32
DA:3,32
DA:6,32
DA:7,0
DA:8,0
DA:10,0
DA:15,72
LF:7
LH:4
BRDA:7,0,0,0
BRF:1
BRH:0
end_of_record
TN:
SF:domain/raw-message/index.ts
FN:15,(anonymous_4)
FNF:1
FNH:1
FNDA:2,(anonymous_4)
DA:5,1
DA:6,1
DA:15,1
DA:16,2
LF:4
LH:4
BRF:0
BRH:0
end_of_record
TN:
SF:domain/raw-message/raw-message-kind.ts
FNF:0
FNH:0
DA:1,1
LF:1
LH:1
BRF:0
BRH:0
end_of_record
TN:
SF:domain/raw-message/raw-message-version.ts
FN:3,(anonymous_0)
FNF:1
FNH:0
FNDA:0,(anonymous_0)
DA:1,1
DA:3,1
LF:2
LH:2
BRF:0
BRH:0
end_of_record
TN:
SF:domain/site/id.ts
FN:6,(anonymous_0)
FN:17,(anonymous_1)
FN:24,(anonymous_2)
FNF:3
FNH:1
FNDA:0,(anonymous_0)
FNDA:0,(anonymous_1)
FNDA:12,(anonymous_2)
DA:1,6
DA:2,6
DA:6,6
DA:7,0
DA:8,0
DA:9,0
DA:14,0
DA:17,6
DA:18,0
DA:19,0
DA:21,0
DA:24,12
LF:12
LH:5
BRDA:8,0,0,0
BRDA:18,1,0,0
BRF:2
BRH:0
end_of_record
TN:
SF:domain/site/index.ts
FN:18,(anonymous_4)
FN:36,(anonymous_5)
FN:42,(anonymous_6)
FNF:3
FNH:2
FNDA:9,(anonymous_4)
FNDA:0,(anonymous_5)
FNDA:1,(anonymous_6)
DA:1,3
DA:3,3
DA:4,3
DA:5,3
DA:7,3
DA:8,3
DA:9,3
DA:18,3
DA:24,9
DA:25,9
DA:26,9
DA:27,9
DA:28,9
DA:36,3
DA:37,0
DA:42,3
DA:43,1
LF:17
LH:16
BRDA:24,0,0,9
BRDA:24,0,1,7
BRDA:25,1,0,9
BRDA:25,1,1,0
BRDA:26,2,0,9
BRDA:26,2,1,0
BRF:6
BRH:4
end_of_record
TN:
SF:domain/site/memo.ts
FN:4,(anonymous_0)
FN:5,(anonymous_1)
FN:6,(anonymous_2)
FNF:3
FNH:1
FNDA:0,(anonymous_0)
FNDA:0,(anonymous_1)
FNDA:6,(anonymous_2)
DA:1,3
DA:4,3
DA:5,3
DA:6,6
LF:4
LH:4
BRF:0
BRH:0
end_of_record
TN:
SF:domain/site/name.ts
FN:6,(anonymous_0)
FN:16,(anonymous_1)
FN:22,(anonymous_2)
FN:23,(anonymous_3)
FNF:4
FNH:1
FNDA:0,(anonymous_0)
FNDA:0,(anonymous_1)
FNDA:0,(anonymous_2)
FNDA:6,(anonymous_3)
DA:1,3
DA:2,3
DA:6,3
DA:7,0
DA:8,0
DA:13,0
DA:16,3
DA:17,0
DA:18,0
DA:20,0
DA:22,3
DA:23,6
LF:12
LH:6
BRDA:7,0,0,0
BRDA:17,1,0,0
BRF:2
BRH:0
end_of_record
TN:
SF:domain/tag/id.ts
FN:6,(anonymous_0)
FN:17,(anonymous_1)
FN:24,(anonymous_2)
FNF:3
FNH:1
FNDA:0,(anonymous_0)
FNDA:0,(anonymous_1)
FNDA:12,(anonymous_2)
DA:1,7
DA:2,7
DA:6,7
DA:7,0
DA:8,0
DA:9,0
DA:14,0
DA:17,7
DA:18,0
DA:19,0
DA:21,0
DA:24,12
LF:12
LH:5
BRDA:8,0,0,0
BRDA:18,1,0,0
BRF:2
BRH:0
end_of_record
TN:
SF:domain/tag/index.ts
FN:16,(anonymous_4)
FN:34,(anonymous_5)
FN:39,(anonymous_6)
FNF:3
FNH:3
FNDA:7,(anonymous_4)
FNDA:1,(anonymous_5)
FNDA:1,(anonymous_6)
DA:1,3
DA:3,3
DA:4,3
DA:6,3
DA:7,3
DA:16,3
DA:22,7
DA:23,7
DA:24,7
DA:25,7
DA:26,7
DA:34,3
DA:35,1
DA:39,3
DA:43,1
LF:15
LH:15
BRDA:23,0,0,7
BRDA:23,0,1,5
BRDA:24,1,0,7
BRDA:24,1,1,0
BRDA:25,2,0,7
BRDA:25,2,1,1
BRF:6
BRH:5
end_of_record
TN:
SF:domain/tag/name.ts
FN:7,(anonymous_0)
FN:16,(anonymous_1)
FN:22,(anonymous_2)
FN:23,(anonymous_3)
FNF:4
FNH:1
FNDA:0,(anonymous_0)
FNDA:0,(anonymous_1)
FNDA:6,(anonymous_2)
FNDA:0,(anonymous_3)
DA:1,3
DA:3,3
DA:7,3
DA:8,0
DA:9,0
DA:14,0
DA:16,3
DA:17,0
DA:18,0
DA:20,0
DA:22,6
DA:23,3
LF:12
LH:6
BRDA:8,0,0,0
BRDA:17,1,0,0
BRF:2
BRH:0
end_of_record
TN:
SF:domain/terms-of-use/id.ts
FN:9,(anonymous_0)
FN:19,(anonymous_1)
FN:23,(anonymous_2)
FNF:3
FNH:1
FNDA:0,(anonymous_0)
FNDA:0,(anonymous_1)
FNDA:36,(anonymous_2)
DA:1,29
DA:3,29
DA:7,29
DA:9,29
DA:10,0
DA:11,0
DA:12,0
DA:16,0
DA:19,29
DA:20,0
DA:23,36
LF:11
LH:6
BRDA:10,0,0,0
BRDA:11,1,0,0
BRDA:20,2,0,0
BRDA:20,2,1,0
BRF:4
BRH:0
end_of_record
TN:
SF:domain/terms-of-use/index.ts
FN:16,(anonymous_4)
FNF:1
FNH:1
FNDA:12,(anonymous_4)
DA:1,28
DA:3,28
DA:5,28
DA:16,28
DA:22,12
DA:23,12
DA:24,12
DA:25,12
DA:27,12
LF:9
LH:9
BRDA:22,0,0,12
BRDA:22,0,1,12
BRDA:25,1,0,12
BRDA:25,1,1,12
BRF:4
BRH:4
end_of_record
TN:
SF:domain/terms-of-use/kind.ts
FNF:0
FNH:0
DA:1,28
LF:1
LH:1
BRF:0
BRH:0
end_of_record
TN:
SF:domain/user/allowed-organization-ids.ts
FN:7,(anonymous_0)
FN:12,(anonymous_1)
FNF:2
FNH:2
FNDA:27,(anonymous_0)
FNDA:17,(anonymous_1)
DA:7,11
DA:10,27
DA:12,17
LF:3
LH:3
BRF:0
BRH:0
end_of_record
TN:
SF:domain/user/department-name.ts
FN:4,(anonymous_0)
FN:7,(anonymous_1)
FNF:2
FNH:2
FNDA:22,(anonymous_0)
FNDA:6,(anonymous_1)
DA:1,10
DA:4,10
DA:5,22
DA:7,10
DA:8,6
LF:5
LH:5
BRF:0
BRH:0
end_of_record
TN:
SF:domain/user/id.ts
FN:6,(anonymous_0)
FN:9,(anonymous_1)
FNF:2
FNH:2
FNDA:57,(anonymous_0)
FNDA:55,(anonymous_1)
DA:1,16
DA:6,16
DA:7,57
DA:9,55
LF:4
LH:4
BRF:0
BRH:0
end_of_record
TN:
SF:domain/user/index.ts
FN:27,(anonymous_4)
FN:53,(anonymous_5)
FN:61,(anonymous_6)
FNF:3
FNH:2
FNDA:26,(anonymous_4)
FNDA:3,(anonymous_5)
FNDA:0,(anonymous_6)
DA:1,10
DA:2,10
DA:3,10
DA:4,10
DA:5,10
DA:6,10
DA:8,10
DA:9,10
DA:10,10
DA:12,10
DA:14,10
DA:27,10
DA:37,26
DA:38,26
DA:40,26
DA:41,26
DA:53,10
DA:54,3
DA:61,10
DA:62,0
DA:63,0
DA:64,0
DA:66,0
DA:67,0
DA:68,0
DA:70,0
DA:71,0
DA:73,0
LF:28
LH:19
BRDA:38,0,0,26
BRDA:38,0,1,7
BRDA:40,1,0,26
BRDA:40,1,1,12
BRDA:63,2,0,0
BRDA:66,3,0,0
BRDA:66,4,0,0
BRDA:66,4,1,0
BRDA:67,5,0,0
BRDA:70,6,0,0
BRF:10
BRH:4
end_of_record
TN:
SF:domain/user/name.ts
FN:4,(anonymous_0)
FN:7,(anonymous_1)
FNF:2
FNH:2
FNDA:21,(anonymous_0)
FNDA:6,(anonymous_1)
DA:1,10
DA:4,10
DA:5,21
DA:7,10
DA:8,6
LF:5
LH:5
BRF:0
BRH:0
end_of_record
TN:
SF:domain/user/password.ts
FN:7,(anonymous_0)
FN:18,(anonymous_1)
FN:40,(anonymous_2)
FN:41,(anonymous_3)
FN:41,(anonymous_4)
FN:48,(anonymous_5)
FN:49,(anonymous_6)
FN:69,(anonymous_7)
FNF:8
FNH:8
FNDA:8,(anonymous_0)
FNDA:8,(anonymous_1)
FNDA:34,(anonymous_2)
FNDA:48,(anonymous_3)
FNDA:7,(anonymous_4)
FNDA:1,(anonymous_5)
FNDA:8,(anonymous_6)
FNDA:12,(anonymous_7)
DA:1,11
DA:7,11
DA:8,8
DA:9,8
DA:10,6
DA:15,2
DA:18,11
DA:21,8
DA:22,8
DA:23,8
DA:27,8
DA:30,8
DA:31,8
DA:32,8
DA:40,34
DA:41,48
DA:42,8
DA:48,11
DA:49,1
DA:50,8
DA:52,1
DA:53,1
DA:54,1
DA:55,1
DA:57,1
DA:64,1
DA:65,1
DA:66,4
DA:69,12
LF:29
LH:29
BRDA:9,0,0,6
BRF:1
BRH:1
end_of_record
TN:
SF:domain/user/role.ts
FN:9,(anonymous_0)
FN:19,(anonymous_1)
FN:21,(anonymous_2)
FNF:3
FNH:1
FNDA:0,(anonymous_0)
FNDA:3,(anonymous_1)
FNDA:0,(anonymous_2)
DA:1,10
DA:3,10
DA:5,10
DA:9,10
DA:10,0
DA:11,0
DA:16,0
DA:19,10
DA:21,10
DA:22,0
DA:23,0
DA:24,0
DA:25,0
DA:26,0
DA:27,0
LF:15
LH:6
BRDA:10,0,0,0
BRDA:22,1,0,0
BRDA:23,2,0,0
BRDA:24,3,0,0
BRDA:25,4,0,0
BRDA:26,5,0,0
BRF:6
BRH:0
end_of_record
TN:
SF:domain/vendor/code.ts
FN:10,(anonymous_0)
FN:21,(anonymous_1)
FNF:2
FNH:1
FNDA:10,(anonymous_0)
FNDA:0,(anonymous_1)
DA:1,1
DA:2,1
DA:8,1
DA:10,1
DA:11,10
DA:12,10
DA:13,10
DA:14,0
DA:19,10
DA:21,1
DA:22,0
LF:11
LH:9
BRDA:13,0,0,0
BRF:1
BRH:0
end_of_record
TN:
SF:domain/vendor/index.ts
FN:1,(anonymous_0)
FN:2,(anonymous_1)
FN:18,(anonymous_2)
FN:25,(anonymous_3)
FNF:4
FNH:1
FNDA:0,(anonymous_0)
FNDA:0,(anonymous_1)
FNDA:10,(anonymous_2)
FNDA:0,(anonymous_3)
DA:1,1
DA:2,1
DA:3,1
DA:4,1
DA:18,1
DA:19,10
DA:20,10
DA:25,1
DA:26,0
LF:9
LH:8
BRF:0
BRH:0
end_of_record
TN:
SF:domain/vendor/name.ts
FN:5,(anonymous_0)
FN:21,(anonymous_1)
FNF:2
FNH:1
FNDA:10,(anonymous_0)
FNDA:0,(anonymous_1)
DA:1,1
DA:5,1
DA:6,10
DA:7,0
DA:12,10
DA:13,0
DA:18,10
DA:21,1
DA:22,0
LF:9
LH:6
BRDA:6,0,0,0
BRDA:12,1,0,0
BRF:2
BRH:0
end_of_record
TN:
SF:usecase/agree-terms-of-use.ts
FN:17,(anonymous_0)
FN:22,(anonymous_1)
FN:30,(anonymous_2)
FN:36,(anonymous_3)
FN:43,(anonymous_4)
FNF:5
FNH:5
FNDA:6,(anonymous_0)
FNDA:6,(anonymous_1)
FNDA:7,(anonymous_2)
FNDA:6,(anonymous_3)
FNDA:5,(anonymous_4)
DA:3,1
DA:5,1
DA:7,1
DA:9,1
DA:17,1
DA:22,6
DA:23,6
DA:26,6
DA:28,5
DA:31,7
DA:32,7
DA:33,7
DA:36,6
DA:37,5
DA:38,1
DA:43,4
DA:44,5
DA:49,4
DA:50,4
DA:52,3
DA:53,3
DA:54,2
DA:56,6
LF:23
LH:23
BRDA:26,0,0,1
BRDA:32,1,0,0
BRDA:37,2,0,1
BRDA:50,3,0,1
BRDA:53,4,0,1
BRF:5
BRH:4
end_of_record
TN:
SF:usecase/cancel-sending-license.ts
FN:8,(anonymous_0)
FN:11,(anonymous_1)
FN:38,(anonymous_2)
FNF:3
FNH:3
FNDA:3,(anonymous_0)
FNDA:3,(anonymous_1)
FNDA:2,(anonymous_2)
DA:1,1
DA:2,1
DA:8,1
DA:11,3
DA:12,3
DA:13,3
DA:17,3
DA:18,2
DA:21,2
DA:23,2
DA:24,2
DA:26,2
DA:27,2
DA:29,1
DA:31,3
DA:38,1
DA:39,2
DA:40,2
DA:41,2
LF:19
LH:19
BRDA:17,0,0,1
BRDA:21,1,0,0
BRDA:24,2,0,0
BRDA:27,3,0,1
BRDA:41,4,0,0
BRF:5
BRH:2
end_of_record
TN:
SF:usecase/change-password.ts
FN:6,(anonymous_0)
FN:9,(anonymous_1)
FNF:2
FNH:2
FNDA:2,(anonymous_0)
FNDA:2,(anonymous_1)
DA:6,1
DA:9,2
DA:14,2
DA:19,2
DA:20,1
DA:22,1
DA:24,2
LF:7
LH:7
BRDA:19,0,0,1
BRF:1
BRH:1
end_of_record
TN:
SF:usecase/consume-fuel.ts
FN:13,(anonymous_0)
FN:17,(anonymous_1)
FNF:2
FNH:2
FNDA:3,(anonymous_0)
FNDA:3,(anonymous_1)
DA:5,1
DA:7,1
DA:9,1
DA:13,1
DA:17,3
DA:18,3
DA:19,3
DA:20,3
DA:21,3
DA:23,2
DA:30,2
DA:31,2
DA:32,1
DA:37,3
LF:14
LH:14
BRDA:21,0,0,1
BRDA:31,1,0,1
BRF:2
BRH:2
end_of_record
TN:
SF:usecase/create-admin-user.ts
FN:16,(anonymous_0)
FN:20,(anonymous_1)
FN:23,(anonymous_2)
FN:35,(anonymous_3)
FNF:4
FNH:4
FNDA:5,(anonymous_0)
FNDA:5,(anonymous_1)
FNDA:5,(anonymous_2)
FNDA:3,(anonymous_3)
DA:3,1
DA:5,1
DA:8,1
DA:10,1
DA:16,1
DA:20,5
DA:21,5
DA:23,5
DA:24,5
DA:25,5
DA:26,3
DA:31,2
DA:33,5
DA:35,3
DA:36,3
DA:40,3
DA:41,2
DA:51,2
DA:52,2
DA:53,2
DA:54,1
DA:56,1
DA:58,3
DA:59,1
DA:64,5
LF:25
LH:25
BRDA:25,0,0,3
BRDA:25,1,0,5
BRDA:25,1,1,4
BRDA:33,2,0,2
BRDA:40,3,0,2
BRDA:40,4,0,3
BRDA:40,4,1,3
BRDA:51,5,0,0
BRDA:53,6,0,1
BRDA:58,7,0,2
BRF:10
BRH:9
end_of_record
TN:
SF:usecase/create-demo-organization.ts
FN:15,(anonymous_0)
FN:27,(anonymous_1)
FNF:2
FNH:2
FNDA:1,(anonymous_0)
FNDA:1,(anonymous_1)
DA:2,1
DA:3,1
DA:4,1
DA:9,1
DA:10,1
DA:11,1
DA:15,1
DA:24,1
DA:25,1
DA:26,1
DA:27,1
DA:28,1
DA:34,1
DA:35,1
DA:36,1
DA:37,1
DA:38,1
DA:39,1
DA:48,1
DA:49,1
DA:53,1
DA:54,1
DA:55,1
DA:56,1
DA:61,1
LF:25
LH:25
BRDA:34,0,0,0
BRDA:36,1,0,0
BRDA:38,2,0,0
BRDA:48,3,0,0
BRDA:53,4,0,0
BRF:5
BRH:0
end_of_record
TN:
SF:usecase/create-license.ts
FN:8,(anonymous_0)
FN:11,(anonymous_1)
FNF:2
FNH:2
FNDA:3,(anonymous_0)
FNDA:3,(anonymous_1)
DA:1,2
DA:2,2
DA:8,2
DA:11,3
DA:12,3
DA:13,3
DA:22,3
DA:26,3
DA:27,3
DA:28,1
DA:30,2
DA:32,3
LF:12
LH:12
BRDA:27,0,0,1
BRF:1
BRH:1
end_of_record
TN:
SF:usecase/create-nodes.ts
FN:12,(anonymous_0)
FN:17,(anonymous_1)
FN:27,(anonymous_2)
FN:44,(anonymous_3)
FNF:4
FNH:4
FNDA:3,(anonymous_0)
FNDA:3,(anonymous_1)
FNDA:1,(anonymous_2)
FNDA:3,(anonymous_3)
DA:3,1
DA:4,1
DA:6,1
DA:8,1
DA:12,1
DA:17,3
DA:18,3
DA:19,3
DA:20,3
DA:22,3
DA:26,3
DA:27,3
DA:28,3
DA:29,3
DA:30,4
DA:31,1
DA:32,1
DA:34,3
DA:38,3
DA:40,3
DA:41,3
DA:42,0
DA:44,3
DA:45,3
DA:46,3
DA:47,0
DA:49,3
DA:54,3
LF:28
LH:26
BRDA:26,0,0,0
BRDA:30,1,0,1
BRDA:41,2,0,0
BRDA:46,3,0,0
BRF:4
BRH:1
end_of_record
TN:
SF:usecase/create-notification-config.ts
FN:10,(anonymous_0)
FN:13,(anonymous_1)
FNF:2
FNH:2
FNDA:9,(anonymous_0)
FNDA:2,(anonymous_1)
DA:4,2
DA:6,2
DA:10,2
DA:13,9
DA:14,2
DA:20,2
DA:21,2
DA:22,0
DA:24,2
DA:26,9
LF:10
LH:9
BRDA:21,0,0,0
BRF:1
BRH:0
end_of_record
TN:
SF:usecase/create-organization.ts
FN:10,(anonymous_0)
FN:14,(anonymous_1)
FNF:2
FNH:2
FNDA:2,(anonymous_0)
FNDA:2,(anonymous_1)
DA:1,2
DA:2,2
DA:3,2
DA:10,2
DA:14,2
DA:15,2
DA:16,2
DA:22,2
DA:25,2
DA:26,2
DA:27,0
DA:32,2
DA:33,2
DA:34,2
DA:36,2
LF:15
LH:14
BRDA:25,0,0,0
BRDA:26,1,0,0
BRDA:33,2,0,0
BRF:3
BRH:0
end_of_record
TN:
SF:usecase/create-root-organization.ts
FN:13,(anonymous_0)
FN:16,(anonymous_1)
FNF:2
FNH:2
FNDA:1,(anonymous_0)
FNDA:1,(anonymous_1)
DA:1,1
DA:4,1
DA:8,1
DA:9,1
DA:13,1
DA:16,1
DA:17,1
DA:22,1
DA:23,1
DA:24,0
DA:26,1
DA:28,1
LF:12
LH:11
BRDA:18,0,0,1
BRDA:18,0,1,0
BRDA:23,1,0,0
BRF:3
BRH:1
end_of_record
TN:
SF:usecase/create-site.ts
FN:8,(anonymous_0)
FN:11,(anonymous_1)
FNF:2
FNH:2
FNDA:2,(anonymous_0)
FNDA:2,(anonymous_1)
DA:4,1
DA:8,1
DA:11,2
DA:12,2
DA:17,2
DA:19,2
DA:20,2
DA:21,1
DA:23,2
LF:9
LH:9
BRDA:17,0,0,0
BRDA:20,1,0,1
BRF:2
BRH:1
end_of_record
TN:
SF:usecase/create-tag.ts
FN:9,(anonymous_0)
FN:12,(anonymous_1)
FNF:2
FNH:2
FNDA:2,(anonymous_0)
FNDA:2,(anonymous_1)
DA:3,1
DA:9,1
DA:12,2
DA:13,2
DA:18,2
DA:19,2
DA:20,1
DA:22,2
LF:8
LH:8
BRDA:19,0,0,1
BRF:1
BRH:1
end_of_record
TN:
SF:usecase/create-terms-of-use.ts
FN:23,(anonymous_0)
FN:26,(anonymous_1)
FN:49,(anonymous_2)
FNF:3
FNH:3
FNDA:2,(anonymous_0)
FNDA:2,(anonymous_1)
FNDA:2,(anonymous_2)
DA:3,1
DA:8,1
DA:23,1
DA:26,2
DA:27,2
DA:28,2
DA:29,0
DA:35,2
DA:40,2
DA:41,2
DA:43,2
DA:49,1
DA:52,2
DA:53,2
DA:54,0
DA:56,2
LF:16
LH:14
BRDA:28,0,0,0
BRDA:41,1,0,1
BRDA:53,2,0,0
BRF:3
BRH:1
end_of_record
TN:
SF:usecase/delete-license.ts
FN:9,(anonymous_0)
FN:13,(anonymous_1)
FN:41,(anonymous_2)
FNF:3
FNH:3
FNDA:4,(anonymous_0)
FNDA:4,(anonymous_1)
FNDA:3,(anonymous_2)
DA:2,1
DA:3,1
DA:9,1
DA:13,4
DA:14,4
DA:16,4
DA:20,4
DA:22,3
DA:23,3
DA:25,2
DA:26,2
DA:28,2
DA:29,2
DA:31,1
DA:34,4
DA:41,1
DA:42,3
DA:43,3
DA:44,3
LF:19
LH:19
BRDA:20,0,0,1
BRDA:23,1,0,1
BRDA:26,2,0,0
BRDA:29,3,0,1
BRDA:44,4,0,1
BRF:5
BRH:4
end_of_record
TN:
SF:usecase/delete-local-map.ts
FN:11,(anonymous_0)
FN:16,(anonymous_1)
FNF:2
FNH:2
FNDA:1,(anonymous_0)
FNDA:1,(anonymous_1)
DA:3,1
DA:11,1
DA:16,1
DA:17,1
DA:21,1
DA:22,1
DA:26,1
DA:27,1
DA:30,1
DA:31,1
DA:35,1
DA:37,1
LF:12
LH:12
BRDA:21,0,0,0
BRDA:26,1,0,0
BRDA:30,2,0,0
BRDA:35,3,0,0
BRF:4
BRH:0
end_of_record
TN:
SF:usecase/delete-node.ts
FN:10,(anonymous_0)
FN:14,(anonymous_1)
FN:37,(anonymous_2)
FNF:3
FNH:3
FNDA:2,(anonymous_0)
FNDA:2,(anonymous_1)
FNDA:2,(anonymous_2)
DA:2,1
DA:3,1
DA:4,1
DA:10,1
DA:14,2
DA:15,2
DA:16,2
DA:20,2
DA:21,2
DA:24,2
DA:25,1
DA:26,1
DA:27,1
DA:28,1
DA:30,2
DA:37,1
DA:38,2
DA:39,2
DA:40,1
LF:19
LH:19
BRDA:20,0,0,0
BRDA:24,1,0,1
BRDA:26,2,0,0
BRDA:28,3,0,0
BRDA:39,4,0,1
BRF:5
BRH:2
end_of_record
TN:
SF:usecase/delete-site.ts
FN:11,(anonymous_0)
FN:15,(anonymous_1)
FNF:2
FNH:2
FNDA:2,(anonymous_0)
FNDA:2,(anonymous_1)
DA:5,1
DA:7,1
DA:11,1
DA:15,2
DA:16,2
DA:20,2
DA:21,2
DA:22,1
DA:29,1
DA:33,1
DA:34,0
DA:37,2
LF:12
LH:11
BRDA:20,0,0,0
BRDA:21,1,0,1
BRDA:33,2,0,0
BRF:3
BRH:1
end_of_record
TN:
SF:usecase/delete-tag.ts
FN:8,(anonymous_0)
FN:11,(anonymous_1)
FNF:2
FNH:2
FNDA:1,(anonymous_0)
FNDA:1,(anonymous_1)
DA:4,1
DA:8,1
DA:11,1
DA:12,1
DA:16,1
DA:17,0
DA:20,1
LF:7
LH:6
BRDA:16,0,0,0
BRF:1
BRH:0
end_of_record
TN:
SF:usecase/filter-licenses.ts
FN:6,(anonymous_0)
FN:9,(anonymous_1)
FNF:2
FNH:2
FNDA:1,(anonymous_0)
FNDA:1,(anonymous_1)
DA:6,1
DA:9,1
DA:10,1
DA:15,1
LF:4
LH:4
BRF:0
BRH:0
end_of_record
TN:
SF:usecase/filter-local-maps.ts
FN:6,(anonymous_0)
FN:9,(anonymous_1)
FNF:2
FNH:2
FNDA:1,(anonymous_0)
FNDA:1,(anonymous_1)
DA:6,1
DA:9,1
DA:10,1
DA:14,1
LF:4
LH:4
BRF:0
BRH:0
end_of_record
TN:
SF:usecase/filter-map-tags.ts
FN:8,(anonymous_0)
FN:11,(anonymous_1)
FNF:2
FNH:2
FNDA:1,(anonymous_0)
FNDA:1,(anonymous_1)
DA:8,1
DA:11,1
DA:12,1
DA:16,1
LF:4
LH:4
BRF:0
BRH:0
end_of_record
TN:
SF:usecase/filter-sites.ts
FN:6,(anonymous_0)
FN:9,(anonymous_1)
FNF:2
FNH:2
FNDA:1,(anonymous_0)
FNDA:1,(anonymous_1)
DA:6,1
DA:9,1
DA:10,1
DA:14,1
LF:4
LH:4
BRF:0
BRH:0
end_of_record
TN:
SF:usecase/filter-tags.ts
FN:6,(anonymous_0)
FN:9,(anonymous_1)
FNF:2
FNH:2
FNDA:1,(anonymous_0)
FNDA:1,(anonymous_1)
DA:6,1
DA:9,1
DA:10,1
DA:14,1
LF:4
LH:4
BRF:0
BRH:0
end_of_record
TN:
SF:usecase/filter-users.ts
FN:6,(anonymous_0)
FN:9,(anonymous_1)
FNF:2
FNH:2
FNDA:1,(anonymous_0)
FNDA:1,(anonymous_1)
DA:6,1
DA:9,1
DA:10,1
DA:14,1
LF:4
LH:4
BRF:0
BRH:0
end_of_record
TN:
SF:usecase/find-organization.ts
FN:6,(anonymous_0)
FN:9,(anonymous_1)
FNF:2
FNH:2
FNDA:1,(anonymous_0)
FNDA:1,(anonymous_1)
DA:6,1
DA:9,1
DA:10,1
DA:13,1
DA:15,1
LF:5
LH:5
BRF:0
BRH:0
end_of_record
TN:
SF:usecase/find-user.ts
FN:8,(anonymous_0)
FN:11,(anonymous_1)
FNF:2
FNH:2
FNDA:3,(anonymous_0)
FNDA:3,(anonymous_1)
DA:4,1
DA:8,1
DA:11,3
DA:12,3
DA:17,3
DA:18,3
DA:20,3
LF:7
LH:7
BRDA:17,0,0,0
BRF:1
BRH:0
end_of_record
TN:
SF:usecase/invite.ts
FN:10,(anonymous_0)
FN:14,(anonymous_1)
FN:16,(anonymous_2)
FNF:3
FNH:3
FNDA:2,(anonymous_0)
FNDA:2,(anonymous_1)
FNDA:2,(anonymous_2)
DA:2,1
DA:3,1
DA:4,1
DA:10,1
DA:14,2
DA:15,2
DA:16,2
DA:17,2
DA:18,2
DA:19,1
DA:20,1
DA:24,1
DA:25,1
DA:27,2
DA:28,2
DA:36,2
DA:37,2
DA:38,2
DA:39,2
DA:41,2
LF:20
LH:20
BRDA:18,0,0,1
BRDA:19,1,0,0
BRDA:24,2,0,0
BRDA:27,3,0,0
BRDA:36,4,0,0
BRDA:38,5,0,0
BRF:6
BRH:1
end_of_record
TN:
SF:usecase/is-duplicated-organization-name.ts
FN:10,(anonymous_0)
FN:13,(anonymous_1)
FNF:2
FNH:2
FNDA:4,(anonymous_0)
FNDA:4,(anonymous_1)
DA:3,1
DA:10,1
DA:13,4
DA:14,4
DA:17,4
DA:18,2
DA:19,1
DA:27,2
DA:29,1
DA:31,4
LF:10
LH:10
BRDA:17,0,0,2
BRDA:18,1,0,1
BRDA:27,2,0,1
BRF:3
BRH:3
end_of_record
TN:
SF:usecase/is-latest-terms-of-use.ts
FN:8,(anonymous_0)
FN:11,(anonymous_1)
FN:15,(anonymous_2)
FNF:3
FNH:3
FNDA:3,(anonymous_0)
FNDA:3,(anonymous_1)
FNDA:2,(anonymous_2)
DA:8,1
DA:11,3
DA:12,3
DA:13,3
DA:15,2
LF:5
LH:5
BRDA:13,0,0,1
BRF:1
BRH:1
end_of_record
TN:
SF:usecase/iterate-node.ts
FN:12,(anonymous_0)
FN:15,(anonymous_1)
FN:17,(anonymous_2)
FN:18,(anonymous_3)
FNF:4
FNH:3
FNDA:1,(anonymous_0)
FNDA:1,(anonymous_1)
FNDA:0,(anonymous_2)
FNDA:1,(anonymous_3)
DA:6,1
DA:12,1
DA:15,1
DA:16,1
DA:17,0
DA:19,1
DA:26,1
DA:31,1
LF:8
LH:7
BRF:0
BRH:0
end_of_record
TN:
SF:usecase/receive-license.ts
FN:9,(anonymous_0)
FN:13,(anonymous_1)
FN:39,(anonymous_2)
FNF:3
FNH:3
FNDA:3,(anonymous_0)
FNDA:3,(anonymous_1)
FNDA:4,(anonymous_2)
DA:2,1
DA:3,1
DA:9,1
DA:13,3
DA:14,3
DA:15,3
DA:16,0
DA:21,3
DA:24,3
DA:25,3
DA:28,3
DA:29,1
DA:30,1
DA:31,1
DA:33,3
DA:39,1
DA:40,4
LF:17
LH:16
BRDA:15,0,0,0
BRDA:21,1,0,0
BRDA:21,1,1,3
BRDA:24,2,0,0
BRDA:28,3,0,2
BRDA:30,4,0,0
BRF:6
BRH:2
end_of_record
TN:
SF:usecase/receive-node.ts
FN:11,(anonymous_0)
FN:15,(anonymous_1)
FN:46,(anonymous_2)
FNF:3
FNH:2
FNDA:2,(anonymous_0)
FNDA:2,(anonymous_1)
FNDA:0,(anonymous_2)
DA:2,1
DA:3,1
DA:5,1
DA:11,1
DA:15,2
DA:16,2
DA:19,2
DA:21,1
DA:24,1
DA:26,1
DA:27,0
DA:33,1
DA:34,1
DA:35,1
DA:36,1
DA:37,1
DA:39,2
DA:46,1
DA:49,0
DA:50,0
DA:52,0
LF:21
LH:17
BRDA:19,0,0,1
BRDA:24,1,0,0
BRDA:26,2,0,0
BRDA:34,3,0,0
BRDA:36,4,0,0
BRDA:49,5,0,0
BRF:6
BRH:1
end_of_record
TN:
SF:usecase/restart-nodes.ts
FN:11,(anonymous_0)
FN:18,(anonymous_1)
FN:32,(anonymous_2)
FN:44,(anonymous_3)
FN:59,(anonymous_4)
FNF:5
FNH:1
FNDA:0,(anonymous_0)
FNDA:0,(anonymous_1)
FNDA:0,(anonymous_2)
FNDA:0,(anonymous_3)
FNDA:2,(anonymous_4)
DA:5,1
DA:6,1
DA:7,1
DA:11,1
DA:18,0
DA:19,0
DA:20,0
DA:21,0
DA:23,0
DA:24,0
DA:26,0
DA:27,0
DA:29,0
DA:32,0
DA:33,0
DA:34,0
DA:38,0
DA:39,0
DA:42,0
DA:43,0
DA:44,0
DA:49,0
DA:52,0
DA:59,1
DA:60,2
DA:61,2
DA:62,2
DA:63,0
LF:28
LH:8
BRDA:21,0,0,0
BRDA:24,1,0,0
BRDA:27,2,0,0
BRDA:38,3,0,0
BRDA:62,4,0,0
BRF:5
BRH:0
end_of_record
TN:
SF:usecase/save-local-map.ts
FN:15,(anonymous_0)
FN:22,(anonymous_1)
FN:30,(anonymous_2)
FNF:3
FNH:3
FNDA:1,(anonymous_0)
FNDA:1,(anonymous_1)
FNDA:1,(anonymous_2)
DA:2,1
DA:3,1
DA:4,1
DA:5,1
DA:15,1
DA:22,1
DA:24,1
DA:29,1
DA:30,1
DA:31,1
DA:32,0
DA:33,0
DA:34,0
DA:35,0
DA:36,0
DA:42,1
DA:43,1
DA:45,0
DA:50,1
DA:51,1
DA:53,1
DA:58,1
DA:59,1
DA:72,1
DA:73,0
DA:78,0
DA:80,1
DA:81,1
DA:83,1
DA:88,1
DA:89,1
DA:91,1
LF:32
LH:24
BRDA:24,0,0,1
BRDA:24,0,1,0
BRDA:29,1,0,0
BRDA:31,2,0,0
BRDA:33,3,0,0
BRDA:35,4,0,0
BRDA:42,5,0,1
BRDA:42,6,0,1
BRDA:42,6,1,1
BRDA:50,7,0,0
BRDA:53,8,0,1
BRDA:53,8,1,1
BRDA:58,9,0,0
BRDA:72,10,0,0
BRDA:78,11,0,0
BRDA:81,12,0,0
BRDA:88,13,0,0
BRF:17
BRH:6
end_of_record
TN:
SF:usecase/save-node-metrics.ts
FN:15,(anonymous_0)
FN:19,(anonymous_1)
FN:32,(anonymous_2)
FN:33,(anonymous_3)
FN:34,(anonymous_4)
FN:38,(anonymous_5)
FN:70,(anonymous_6)
FN:71,(anonymous_7)
FN:73,(anonymous_8)
FN:76,(anonymous_9)
FNF:10
FNH:10
FNDA:1,(anonymous_0)
FNDA:1,(anonymous_1)
FNDA:10,(anonymous_2)
FNDA:10,(anonymous_3)
FNDA:10,(anonymous_4)
FNDA:5,(anonymous_5)
FNDA:5,(anonymous_6)
FNDA:5,(anonymous_7)
FNDA:1,(anonymous_8)
FNDA:5,(anonymous_9)
DA:2,1
DA:3,1
DA:4,1
DA:6,1
DA:8,1
DA:9,1
DA:10,1
DA:14,1
DA:15,1
DA:19,1
DA:20,1
DA:21,1
DA:22,1
DA:28,1
DA:29,0
DA:31,1
DA:32,10
DA:33,10
DA:34,10
DA:36,1
DA:37,1
DA:38,5
DA:41,1
DA:42,1
DA:43,1
DA:47,1
DA:69,1
DA:70,5
DA:71,5
DA:74,1
DA:75,1
DA:76,5
DA:77,1
DA:78,1
DA:102,1
DA:104,1
DA:105,1
DA:106,0
DA:108,1
DA:110,1
LF:40
LH:38
BRDA:28,0,0,0
BRDA:41,1,0,1
BRDA:41,1,1,0
BRDA:82,2,0,1
BRDA:82,2,1,0
BRDA:105,3,0,0
BRF:6
BRH:2
end_of_record
TN:
SF:usecase/save-raw-message.ts
FN:7,(anonymous_0)
FN:10,(anonymous_1)
FNF:2
FNH:2
FNDA:2,(anonymous_0)
FNDA:2,(anonymous_1)
DA:7,1
DA:10,2
DA:11,2
DA:14,2
LF:4
LH:4
BRF:0
BRH:0
end_of_record
TN:
SF:usecase/send-license.ts
FN:8,(anonymous_0)
FN:11,(anonymous_1)
FN:38,(anonymous_2)
FNF:3
FNH:3
FNDA:2,(anonymous_0)
FNDA:2,(anonymous_1)
FNDA:2,(anonymous_2)
DA:2,1
DA:3,1
DA:8,1
DA:11,2
DA:13,2
DA:20,2
DA:21,2
DA:24,2
DA:25,2
DA:26,2
DA:27,2
DA:28,2
DA:29,2
DA:31,2
DA:38,1
DA:39,2
DA:40,2
DA:41,2
LF:18
LH:18
BRDA:13,0,0,0
BRDA:13,0,1,2
BRDA:20,1,0,0
BRDA:24,2,0,0
BRDA:26,3,0,0
BRDA:28,4,0,0
BRDA:41,5,0,0
BRF:7
BRH:1
end_of_record
TN:
SF:usecase/setup-organization.ts
FN:24,(anonymous_0)
FN:32,(anonymous_1)
FN:80,(anonymous_2)
FNF:3
FNH:3
FNDA:8,(anonymous_0)
FNDA:8,(anonymous_1)
FNDA:1,(anonymous_2)
DA:1,1
DA:2,1
DA:3,1
DA:4,1
DA:5,1
DA:12,1
DA:22,1
DA:24,1
DA:31,8
DA:32,8
DA:33,8
DA:34,8
DA:38,8
DA:39,7
DA:41,7
DA:44,7
DA:46,6
DA:50,6
DA:51,5
DA:52,1
DA:57,4
DA:61,4
DA:62,3
DA:63,1
DA:68,2
DA:72,2
DA:73,2
DA:74,2
DA:76,1
DA:77,1
DA:78,1
DA:79,1
DA:80,1
DA:81,1
DA:82,0
DA:86,1
DA:94,1
DA:101,1
DA:104,1
DA:105,1
DA:107,1
DA:111,1
DA:113,1
DA:119,8
LF:44
LH:43
BRDA:38,0,0,1
BRDA:44,1,0,1
BRDA:50,2,0,1
BRDA:51,3,0,1
BRDA:61,4,0,1
BRDA:62,5,0,1
BRDA:72,6,0,0
BRDA:74,7,0,1
BRDA:77,8,0,0
BRDA:81,9,0,0
BRDA:101,10,0,0
BRDA:105,11,0,0
BRDA:111,12,0,0
BRF:13
BRH:7
end_of_record
TN:
SF:usecase/sync-node-statistics.ts
FN:10,(anonymous_0)
FN:14,(anonymous_1)
FNF:2
FNH:2
FNDA:1,(anonymous_0)
FNDA:1,(anonymous_1)
DA:1,1
DA:10,1
DA:14,1
DA:15,1
DA:16,1
DA:19,1
DA:20,1
DA:26,1
DA:27,1
DA:28,1
DA:30,1
LF:11
LH:11
BRDA:19,0,0,0
BRDA:27,1,0,0
BRF:2
BRH:0
end_of_record
TN:
SF:usecase/sync-vendors.ts
FN:14,(anonymous_0)
FN:16,(anonymous_1)
FN:19,(anonymous_2)
FN:24,(anonymous_3)
FN:36,(anonymous_4)
FNF:5
FNH:5
FNDA:4,(anonymous_0)
FNDA:9,(anonymous_1)
FNDA:1,(anonymous_2)
FNDA:1,(anonymous_3)
FNDA:1,(anonymous_4)
DA:6,1
DA:8,1
DA:14,1
DA:15,4
DA:16,9
DA:19,1
DA:24,1
DA:25,1
DA:26,1
DA:27,1
DA:28,1
DA:29,1
DA:30,0
DA:32,1
DA:33,1
DA:34,1
DA:35,1
DA:36,1
DA:38,1
DA:39,0
DA:42,1
DA:43,1
DA:46,1
DA:47,0
DA:49,1
DA:50,1
DA:52,1
DA:53,1
LF:28
LH:25
BRDA:25,0,0,1
BRDA:25,0,1,1
BRDA:29,1,0,0
BRDA:38,2,0,0
BRDA:46,3,0,0
BRF:5
BRH:2
end_of_record
TN:
SF:usecase/trigger-restart-nodes.ts
FN:18,(anonymous_0)
FN:23,(anonymous_1)
FN:67,(anonymous_2)
FN:70,(anonymous_3)
FN:76,(anonymous_4)
FNF:5
FNH:3
FNDA:0,(anonymous_0)
FNDA:0,(anonymous_1)
FNDA:3,(anonymous_2)
FNDA:6,(anonymous_3)
FNDA:3,(anonymous_4)
DA:8,1
DA:11,1
DA:13,1
DA:18,1
DA:23,0
DA:24,0
DA:25,0
DA:28,0
DA:29,0
DA:32,0
DA:36,0
DA:37,0
DA:40,0
DA:44,0
DA:45,0
DA:48,0
DA:60,0
DA:67,1
DA:68,3
DA:69,3
DA:70,3
DA:71,6
DA:72,4
DA:75,3
DA:76,3
DA:77,3
DA:78,3
DA:79,0
DA:81,3
DA:82,3
DA:85,3
DA:86,1
DA:92,2
DA:93,2
DA:94,0
LF:35
LH:20
BRDA:28,0,0,0
BRDA:36,1,0,0
BRDA:44,2,0,0
BRDA:71,3,0,4
BRDA:78,4,0,0
BRDA:81,5,0,3
BRDA:85,6,0,1
BRDA:93,7,0,0
BRF:8
BRH:3
end_of_record
TN:
SF:usecase/update-map-tag.ts
FN:7,(anonymous_0)
FN:10,(anonymous_1)
FNF:2
FNH:2
FNDA:2,(anonymous_0)
FNDA:2,(anonymous_1)
DA:7,1
DA:10,2
DA:11,2
DA:18,2
LF:4
LH:4
BRF:0
BRH:0
end_of_record
TN:
SF:usecase/update-node-config.ts
FN:11,(anonymous_0)
FN:15,(anonymous_1)
FN:33,(anonymous_2)
FNF:3
FNH:2
FNDA:2,(anonymous_0)
FNDA:2,(anonymous_1)
FNDA:0,(anonymous_2)
DA:1,1
DA:4,1
DA:6,1
DA:7,1
DA:11,1
DA:15,2
DA:16,2
DA:20,2
DA:21,1
DA:22,1
DA:23,1
DA:24,1
DA:26,2
DA:33,1
DA:34,0
DA:35,0
DA:36,0
DA:41,0
DA:42,0
LF:19
LH:14
BRDA:20,0,0,1
BRDA:23,1,0,0
BRDA:35,2,0,0
BRDA:41,3,0,0
BRF:4
BRH:1
end_of_record
TN:
SF:usecase/update-notification-config.ts
FN:10,(anonymous_0)
FN:16,(anonymous_1)
FNF:2
FNH:2
FNDA:1,(anonymous_0)
FNDA:1,(anonymous_1)
DA:2,1
DA:4,1
DA:10,1
DA:16,1
DA:17,1
DA:20,1
DA:21,0
DA:23,1
DA:29,1
DA:30,1
DA:31,0
DA:33,1
DA:35,1
LF:13
LH:11
BRDA:20,0,0,0
BRDA:30,1,0,0
BRF:2
BRH:0
end_of_record
TN:
SF:usecase/update-organization.ts
FN:11,(anonymous_0)
FN:15,(anonymous_1)
FNF:2
FNH:2
FNDA:1,(anonymous_0)
FNDA:1,(anonymous_1)
DA:3,1
DA:5,1
DA:11,1
DA:15,1
DA:16,1
DA:19,1
DA:20,1
DA:27,1
DA:31,1
DA:32,1
DA:33,0
DA:38,1
DA:39,1
DA:40,1
DA:42,1
LF:15
LH:14
BRDA:19,0,0,0
BRDA:31,1,0,0
BRDA:32,2,0,0
BRDA:39,3,0,0
BRF:4
BRH:0
end_of_record
TN:
SF:usecase/update-site.ts
FN:8,(anonymous_0)
FN:11,(anonymous_1)
FNF:2
FNH:2
FNDA:2,(anonymous_0)
FNDA:2,(anonymous_1)
DA:4,1
DA:8,1
DA:11,2
DA:12,2
DA:16,2
DA:17,1
DA:20,1
DA:24,1
DA:25,1
DA:26,1
DA:27,1
DA:29,2
LF:12
LH:12
BRDA:16,0,0,1
BRDA:24,1,0,0
BRDA:26,2,0,0
BRF:3
BRH:1
end_of_record
TN:
SF:usecase/update-tag.ts
FN:8,(anonymous_0)
FN:11,(anonymous_1)
FNF:2
FNH:2
FNDA:2,(anonymous_0)
FNDA:2,(anonymous_1)
DA:4,1
DA:8,1
DA:11,2
DA:12,2
DA:13,2
DA:14,1
DA:17,1
DA:22,1
DA:23,1
DA:24,1
DA:25,1
DA:27,2
LF:12
LH:12
BRDA:13,0,0,1
BRDA:22,1,0,0
BRDA:24,2,0,0
BRF:3
BRH:1
end_of_record
TN:
SF:usecase/update-user.ts
FN:9,(anonymous_0)
FN:12,(anonymous_1)
FNF:2
FNH:2
FNDA:3,(anonymous_0)
FNDA:3,(anonymous_1)
DA:1,1
DA:2,1
DA:9,1
DA:12,3
DA:19,3
DA:23,3
DA:24,2
DA:31,2
DA:33,2
DA:34,2
DA:36,2
DA:38,3
LF:12
LH:12
BRDA:23,0,0,1
BRDA:29,1,0,2
BRDA:29,1,1,1
BRDA:31,2,0,0
BRDA:34,3,0,0
BRF:5
BRH:3
end_of_record
TN:
SF:usecase/use-license.ts
FN:14,(anonymous_0)
FN:19,(anonymous_1)
FN:85,(anonymous_2)
FN:91,(anonymous_3)
FNF:4
FNH:4
FNDA:8,(anonymous_0)
FNDA:8,(anonymous_1)
FNDA:6,(anonymous_2)
FNDA:5,(anonymous_3)
DA:1,2
DA:2,2
DA:3,2
DA:4,2
DA:5,2
DA:6,2
DA:14,2
DA:19,8
DA:21,8
DA:27,8
DA:30,7
DA:35,7
DA:37,6
DA:40,6
DA:42,5
DA:46,5
DA:48,5
DA:49,5
DA:51,5
DA:52,5
DA:60,5
DA:61,5
DA:63,4
DA:64,4
DA:65,3
DA:70,3
DA:71,3
DA:72,2
DA:78,8
DA:85,2
DA:86,6
DA:87,6
DA:88,6
DA:91,2
DA:95,5
DA:96,5
DA:97,0
DA:102,5
DA:103,5
LF:39
LH:38
BRDA:21,0,0,1
BRDA:21,0,1,7
BRDA:27,1,0,1
BRDA:30,2,0,1
BRDA:30,2,1,6
BRDA:35,3,0,1
BRDA:40,4,0,1
BRDA:46,5,0,0
BRDA:49,6,0,0
BRDA:61,7,0,1
BRDA:64,8,0,1
BRDA:71,9,0,1
BRDA:88,10,0,1
BRDA:96,11,0,0
BRDA:103,12,0,0
BRF:15
BRH:11
end_of_record
